Log file open, 11/21/22 14:23:05
LogWindows: Failed to load 'aqProf.dll' (GetLastError=126)
LogWindows: File 'aqProf.dll' does not exist
LogWindows: Failed to load 'VtuneApi.dll' (GetLastError=126)
LogWindows: File 'VtuneApi.dll' does not exist
LogWindows: Failed to load 'VtuneApi32e.dll' (GetLastError=126)
LogWindows: File 'VtuneApi32e.dll' does not exist
LogConsoleResponse: Display: Failed to find resolution value strings in scalability ini. Falling back to default.
LogConsoleResponse: Display: Failed to find resolution value strings in scalability ini. Falling back to default.
LogInit: Display: Running engine for game: SideScroller_V422_Fall2019
LogPlatformFile: Not using cached read wrapper
LogTaskGraph: Started task graph with 5 named threads and 26 total threads with 3 sets of task threads.
LogStats: Stats thread started at 0.206850
LogICUInternationalization: ICU TimeZone Detection - Raw Offset: -5:00, Platform Override: ''
LogInit: Display: Loading text-based GConfig....
LogPluginManager: Mounting plugin MeshPainting
LogPluginManager: Mounting plugin XGEController
LogPluginManager: Mounting plugin Paper2D
LogPluginManager: Mounting plugin LiveLink
LogPluginManager: Mounting plugin AISupport
LogPluginManager: Mounting plugin EnvironmentQueryEditor
LogPluginManager: Mounting plugin LightPropagationVolume
LogPluginManager: Mounting plugin CameraShakePreviewer
LogPluginManager: Mounting plugin GameplayCameras
LogPluginManager: Mounting plugin OodleData
LogPluginManager: Mounting plugin OodleNetwork
LogPluginManager: Mounting plugin AnimationSharing
LogPluginManager: Mounting plugin CodeLiteSourceCodeAccess
LogPluginManager: Mounting plugin KDevelopSourceCodeAccess
LogPluginManager: Mounting plugin NullSourceCodeAccess
LogPluginManager: Mounting plugin CLionSourceCodeAccess
LogPluginManager: Mounting plugin PerforceSourceControl
LogPluginManager: Mounting plugin PixWinPlugin
LogPluginManager: Mounting plugin PlasticSourceControl
LogPluginManager: Mounting plugin PropertyAccessNode
LogPluginManager: Mounting plugin PluginUtils
LogPluginManager: Mounting plugin GitSourceControl
LogPluginManager: Mounting plugin RiderSourceCodeAccess
LogPluginManager: Mounting plugin SubversionSourceControl
LogPluginManager: Mounting plugin TextureFormatOodle
LogPluginManager: Mounting plugin UObjectPlugin
LogPluginManager: Mounting plugin VisualStudioCodeSourceCodeAccess
LogPluginManager: Mounting plugin VisualStudioSourceCodeAccess
LogPluginManager: Mounting plugin XCodeSourceCodeAccess
LogPluginManager: Mounting plugin AssetManagerEditor
LogPluginManager: Mounting plugin Niagara
LogPluginManager: Mounting plugin CryptoKeys
LogPluginManager: Mounting plugin CurveEditorTools
LogPluginManager: Mounting plugin DataValidation
LogPluginManager: Mounting plugin GameplayTagsEditor
LogPluginManager: Mounting plugin FacialAnimation
LogPluginManager: Mounting plugin GeometryMode
LogPluginManager: Mounting plugin MacGraphicsSwitching
LogPluginManager: Mounting plugin MaterialAnalyzer
LogPluginManager: Mounting plugin PluginBrowser
LogPluginManager: Mounting plugin MobileLauncherProfileWizard
LogPluginManager: Mounting plugin AlembicImporter
LogPluginManager: Mounting plugin AutomationUtils
LogPluginManager: Mounting plugin BackChannel
LogPluginManager: Mounting plugin SpeedTreeImporter
LogPluginManager: Mounting plugin ChaosCloth
LogPluginManager: Mounting plugin ChaosNiagara
LogPluginManager: Mounting plugin ChaosClothEditor
LogPluginManager: Mounting plugin ChaosSolverPlugin
LogPluginManager: Mounting plugin CharacterAI
LogPluginManager: Mounting plugin ChaosEditor
LogPluginManager: Mounting plugin GeometryCache
LogPluginManager: Mounting plugin GeometryCollectionPlugin
LogPluginManager: Mounting plugin GeometryProcessing
LogPluginManager: Mounting plugin OpenImageDenoise
LogPluginManager: Mounting plugin MotoSynth
LogPluginManager: Mounting plugin PlanarCut
LogPluginManager: Mounting plugin ProxyLODPlugin
LogPluginManager: Mounting plugin PlatformCrypto
LogPluginManager: Mounting plugin PythonScriptPlugin
LogPluginManager: Mounting plugin SkeletalReduction
LogPluginManager: Mounting plugin DatasmithContent
LogPluginManager: Mounting plugin VariantManagerContent
LogPluginManager: Mounting plugin LuminPlatformFeatures
LogPluginManager: Mounting plugin MagicLeap
LogPluginManager: Mounting plugin MagicLeapLightEstimation
LogPluginManager: Mounting plugin MagicLeapMedia
LogPluginManager: Mounting plugin MagicLeapPassableWorld
LogPluginManager: Mounting plugin MLSDK
LogPluginManager: Mounting plugin AndroidMedia
LogPluginManager: Mounting plugin AvfMedia
LogPluginManager: Mounting plugin ImgMedia
LogPluginManager: Mounting plugin MediaCompositing
LogPluginManager: Mounting plugin MediaPlayerEditor
LogPluginManager: Mounting plugin WmfMedia
LogPluginManager: Mounting plugin WebMMedia
LogPluginManager: Mounting plugin LevelSequenceEditor
LogPluginManager: Mounting plugin ActorSequence
LogPluginManager: Mounting plugin TemplateSequence
LogPluginManager: Mounting plugin TcpMessaging
LogPluginManager: Mounting plugin UdpMessaging
LogPluginManager: Mounting plugin MatineeToLevelSequence
LogPluginManager: Mounting plugin OnlineSubsystem
LogPluginManager: Mounting plugin OnlineSubsystemNull
LogPluginManager: Mounting plugin OnlineSubsystemUtils
LogPluginManager: Mounting plugin LauncherChunkInstaller
LogPluginManager: Mounting plugin ActorLayerUtilities
LogPluginManager: Mounting plugin AndroidDeviceProfileSelector
LogPluginManager: Mounting plugin AndroidMoviePlayer
LogPluginManager: Mounting plugin AndroidPermission
LogPluginManager: Mounting plugin ApexDestruction
LogPluginManager: Mounting plugin AppleImageUtils
LogPluginManager: Mounting plugin AppleMoviePlayer
LogPluginManager: Mounting plugin AssetTags
LogPluginManager: Mounting plugin AudioSynesthesia
LogPluginManager: Mounting plugin CableComponent
LogPluginManager: Mounting plugin ArchVisCharacter
LogPluginManager: Mounting plugin CustomMeshComponent
LogPluginManager: Mounting plugin ChunkDownloader
LogPluginManager: Mounting plugin EditableMesh
LogPluginManager: Mounting plugin ExampleDeviceProfileSelector
LogPluginManager: Mounting plugin GoogleCloudMessaging
LogPluginManager: Mounting plugin GooglePAD
LogPluginManager: Mounting plugin AudioCapture
LogPluginManager: Mounting plugin IOSDeviceProfileSelector
LogPluginManager: Mounting plugin LinuxDeviceProfileSelector
LogPluginManager: Mounting plugin ScreenshotTools
LogPluginManager: Mounting plugin LocationServicesBPLibrary
LogPluginManager: Mounting plugin MobilePatchingUtils
LogPluginManager: Mounting plugin OpenXR
LogPluginManager: Mounting plugin OpenXREyeTracker
LogPluginManager: Mounting plugin OpenXRHandTracking
LogPluginManager: Mounting plugin PhysXVehicles
LogPluginManager: Mounting plugin Takes
LogPluginManager: Mounting plugin PostSplashScreen
LogPluginManager: Mounting plugin ProceduralMeshComponent
LogPluginManager: Mounting plugin PropertyAccessEditor
LogPluginManager: Mounting plugin RuntimePhysXCooking
LogPluginManager: Mounting plugin SignificanceManager
LogPluginManager: Mounting plugin SoundFields
LogPluginManager: Mounting plugin Synthesis
LogPluginManager: Mounting plugin WebMMoviePlayer
LogPluginManager: Mounting plugin WindowsMoviePlayer
LogPluginManager: Mounting plugin ContentBrowserClassDataSource
LogPluginManager: Mounting plugin ContentBrowserAssetDataSource
LogPluginManager: Mounting plugin ContentBrowserFileDataSource
LogPluginManager: Mounting plugin OnlineSubsystemGooglePlay
LogPluginManager: Mounting plugin OnlineSubsystemIOS
LogPluginManager: Mounting plugin OculusVR
LogPluginManager: Mounting plugin SteamVR
PixWinPlugin: PIX capture plugin failed to initialize! Check that the process is launched from PIX.
LogInit: Using libcurl 7.55.1-DEV
LogInit:  - built for x86_64-pc-win32
LogInit:  - supports SSL with OpenSSL/1.1.1
LogInit:  - supports HTTP deflate (compression) using libz 1.2.8
LogInit:  - other features:
LogInit:      CURL_VERSION_SSL
LogInit:      CURL_VERSION_LIBZ
LogInit:      CURL_VERSION_IPV6
LogInit:      CURL_VERSION_ASYNCHDNS
LogInit:      CURL_VERSION_LARGEFILE
LogInit:      CURL_VERSION_IDN
LogInit:  CurlRequestOptions (configurable via config and command line):
LogInit:  - bVerifyPeer = true  - Libcurl will verify peer certificate
LogInit:  - bUseHttpProxy = false  - Libcurl will NOT use HTTP proxy
LogInit:  - bDontReuseConnections = false  - Libcurl will reuse connections
LogInit:  - MaxHostConnections = 16  - Libcurl will limit the number of connections to a host
LogInit:  - LocalHostAddr = Default
LogInit:  - BufferSize = 65536
LogOnline: OSS: Creating online subsystem instance for: NULL
LogInit: WinSock: version 1.1 (2.2), MaxSocks=32767, MaxUdp=65467
LogOnline: OSS: TryLoadSubsystemAndSetDefault: Loaded subsystem for module [NULL]
LogOculusPluginWrapper: OculusPlugin initialized successfully
LogHMD: Failed initializing OVRPlugin 1.59.0
LogInit: Build: ++UE4+Release-4.27-CL-18319896
LogInit: Engine Version: 4.27.2-18319896+++UE4+Release-4.27
LogInit: Compatible Engine Version: 4.27.0-17155196+++UE4+Release-4.27
LogInit: Net CL: 17155196
LogInit: OS: Windows 10 (Release 2009) (), CPU: Intel(R) Core(TM) i7-9700K CPU @ 3.60GHz, GPU: NVIDIA GeForce RTX 2070
LogInit: Compiled (64-bit): Nov 30 2021 07:12:08
LogInit: Compiled with Visual C++: 19.24.28315.00
LogInit: Build Configuration: Development
LogInit: Branch Name: ++UE4+Release-4.27
LogInit: Command Line:  /Game/SideScrollerBP/Maps/SideScrollerExampleMap -game -PIEVIACONSOLE -Multiprocess GameUserSettingsINI=C:/Users/dros0008/Desktop/LevelDesign/SideScroller_V422/Saved/Config/Windows/PIEGameUserSettings0.ini -MultiprocessSaveConfig -forcepassthrough -messaging -SessionName="Play in Standalone Game" -windowed -WinX=315 -WinY=179 SAVEWINPOS=1 -ResX=1280 -ResY=720
LogInit: Base Directory: C:/Program Files/Epic Games/UE_4.27/Engine/Binaries/Win64/
LogInit: Allocator: TBB
LogInit: Installed Engine Build: 1
LogDevObjectVersion: Number of dev versions registered: 29
LogDevObjectVersion:   Dev-Blueprints (B0D832E4-1F89-4F0D-ACCF-7EB736FD4AA2): 10
LogDevObjectVersion:   Dev-Build (E1C64328-A22C-4D53-A36C-8E866417BD8C): 0
LogDevObjectVersion:   Dev-Core (375EC13C-06E4-48FB-B500-84F0262A717E): 4
LogDevObjectVersion:   Dev-Editor (E4B068ED-F494-42E9-A231-DA0B2E46BB41): 40
LogDevObjectVersion:   Dev-Framework (CFFC743F-43B0-4480-9391-14DF171D2073): 37
LogDevObjectVersion:   Dev-Mobile (B02B49B5-BB20-44E9-A304-32B752E40360): 3
LogDevObjectVersion:   Dev-Networking (A4E4105C-59A1-49B5-A7C5-40C4547EDFEE): 0
LogDevObjectVersion:   Dev-Online (39C831C9-5AE6-47DC-9A44-9C173E1C8E7C): 0
LogDevObjectVersion:   Dev-Physics (78F01B33-EBEA-4F98-B9B4-84EACCB95AA2): 14
LogDevObjectVersion:   Dev-Platform (6631380F-2D4D-43E0-8009-CF276956A95A): 0
LogDevObjectVersion:   Dev-Rendering (12F88B9F-8875-4AFC-A67C-D90C383ABD29): 45
LogDevObjectVersion:   Dev-Sequencer (7B5AE74C-D270-4C10-A958-57980B212A5A): 13
LogDevObjectVersion:   Dev-VR (D7296918-1DD6-4BDD-9DE2-64A83CC13884): 3
LogDevObjectVersion:   Dev-LoadTimes (C2A15278-BFE7-4AFE-6C17-90FF531DF755): 1
LogDevObjectVersion:   Private-Geometry (6EACA3D4-40EC-4CC1-B786-8BED09428FC5): 3
LogDevObjectVersion:   Dev-AnimPhys (29E575DD-E0A3-4627-9D10-D276232CDCEA): 17
LogDevObjectVersion:   Dev-Anim (AF43A65D-7FD3-4947-9873-3E8ED9C1BB05): 15
LogDevObjectVersion:   Dev-ReflectionCapture (6B266CEC-1EC7-4B8F-A30B-E4D90942FC07): 1
LogDevObjectVersion:   Dev-Automation (0DF73D61-A23F-47EA-B727-89E90C41499A): 1
LogDevObjectVersion:   FortniteMain (601D1886-AC64-4F84-AA16-D3DE0DEAC7D6): 47
LogDevObjectVersion:   FortniteRelease (E7086368-6B23-4C58-8439-1B7016265E91): 1
LogDevObjectVersion:   Dev-Enterprise (9DFFBCD6-494F-0158-E221-12823C92A888): 10
LogDevObjectVersion:   Dev-Niagara (F2AED0AC-9AFE-416F-8664-AA7FFA26D6FC): 1
LogDevObjectVersion:   Dev-Destruction (174F1F0B-B4C6-45A5-B13F-2EE8D0FB917D): 10
LogDevObjectVersion:   Dev-Physics-Ext (35F94A83-E258-406C-A318-09F59610247C): 41
LogDevObjectVersion:   Dev-PhysicsMaterial-Chaos (B68FC16E-8B1B-42E2-B453-215C058844FE): 1
LogDevObjectVersion:   Dev-CineCamera (B2E18506-4273-CFC2-A54E-F4BB758BBA07): 1
LogDevObjectVersion:   Dev-VirtualProduction (64F58936-FD1B-42BA-BA96-7289D5D0FA4E): 1
LogDevObjectVersion:   Dev-MediaFramework (6F0ED827-A609-4895-9C91-998D90180EA4): 2
LogInit: Presizing for max 25165824 objects, including 0 objects not considered by GC, pre-allocating 0 bytes for permanent pool.
LogConfig: Applying CVar settings from Section [/Script/Engine.StreamingSettings] File [C:/Users/dros0008/Desktop/LevelDesign/SideScroller_V422/Saved/Config/Windows/Engine.ini]
LogConfig: Setting CVar [[s.MinBulkDataSizeForAsyncLoading:131072]]
LogConfig: Setting CVar [[s.AsyncLoadingThreadEnabled:0]]
LogConfig: Setting CVar [[s.EventDrivenLoaderEnabled:1]]
LogConfig: Setting CVar [[s.WarnIfTimeLimitExceeded:0]]
LogConfig: Setting CVar [[s.TimeLimitExceededMultiplier:1.5]]
LogConfig: Setting CVar [[s.TimeLimitExceededMinTime:0.005]]
LogConfig: Setting CVar [[s.UseBackgroundLevelStreaming:1]]
LogConfig: Setting CVar [[s.PriorityAsyncLoadingExtraTime:15.0]]
LogConfig: Setting CVar [[s.LevelStreamingActorsUpdateTimeLimit:5.0]]
LogConfig: Setting CVar [[s.PriorityLevelStreamingActorsUpdateExtraTime:5.0]]
LogConfig: Setting CVar [[s.LevelStreamingComponentsRegistrationGranularity:10]]
LogConfig: Setting CVar [[s.UnregisterComponentsTimeLimit:1.0]]
LogConfig: Setting CVar [[s.LevelStreamingComponentsUnregistrationGranularity:5]]
LogConfig: Setting CVar [[s.FlushStreamingOnExit:1]]
LogInit: Object subsystem initialized
LogConfig: Setting CVar [[con.DebugEarlyDefault:1]]
LogConfig: Setting CVar [[r.setres:1280x720]]
[2022.11.21-19.23.05:760][  0]LogConfig: Setting CVar [[con.DebugEarlyDefault:1]]
[2022.11.21-19.23.05:760][  0]LogConfig: Setting CVar [[r.setres:1280x720]]
[2022.11.21-19.23.05:760][  0]LogConfig: Applying CVar settings from Section [/Script/Engine.RendererSettings] File [C:/Users/dros0008/Desktop/LevelDesign/SideScroller_V422/Saved/Config/Windows/Engine.ini]
[2022.11.21-19.23.05:760][  0]LogConfig: Setting CVar [[r.GPUCrashDebugging:0]]
[2022.11.21-19.23.05:760][  0]LogConfig: Applying CVar settings from Section [/Script/Engine.RendererOverrideSettings] File [C:/Users/dros0008/Desktop/LevelDesign/SideScroller_V422/Saved/Config/Windows/Engine.ini]
[2022.11.21-19.23.05:760][  0]LogConfig: Applying CVar settings from Section [/Script/Engine.StreamingSettings] File [C:/Users/dros0008/Desktop/LevelDesign/SideScroller_V422/Saved/Config/Windows/Engine.ini]
[2022.11.21-19.23.05:760][  0]LogConfig: Setting CVar [[s.MinBulkDataSizeForAsyncLoading:131072]]
[2022.11.21-19.23.05:760][  0]LogConfig: Setting CVar [[s.AsyncLoadingThreadEnabled:0]]
[2022.11.21-19.23.05:760][  0]LogConfig: Setting CVar [[s.EventDrivenLoaderEnabled:1]]
[2022.11.21-19.23.05:760][  0]LogConfig: Setting CVar [[s.WarnIfTimeLimitExceeded:0]]
[2022.11.21-19.23.05:760][  0]LogConfig: Setting CVar [[s.TimeLimitExceededMultiplier:1.5]]
[2022.11.21-19.23.05:760][  0]LogConfig: Setting CVar [[s.TimeLimitExceededMinTime:0.005]]
[2022.11.21-19.23.05:760][  0]LogConfig: Setting CVar [[s.UseBackgroundLevelStreaming:1]]
[2022.11.21-19.23.05:760][  0]LogConfig: Setting CVar [[s.PriorityAsyncLoadingExtraTime:15.0]]
[2022.11.21-19.23.05:760][  0]LogConfig: Setting CVar [[s.LevelStreamingActorsUpdateTimeLimit:5.0]]
[2022.11.21-19.23.05:760][  0]LogConfig: Setting CVar [[s.PriorityLevelStreamingActorsUpdateExtraTime:5.0]]
[2022.11.21-19.23.05:760][  0]LogConfig: Setting CVar [[s.LevelStreamingComponentsRegistrationGranularity:10]]
[2022.11.21-19.23.05:760][  0]LogConfig: Setting CVar [[s.UnregisterComponentsTimeLimit:1.0]]
[2022.11.21-19.23.05:760][  0]LogConfig: Setting CVar [[s.LevelStreamingComponentsUnregistrationGranularity:5]]
[2022.11.21-19.23.05:760][  0]LogConfig: Setting CVar [[s.FlushStreamingOnExit:1]]
[2022.11.21-19.23.05:760][  0]LogConfig: Applying CVar settings from Section [/Script/Engine.GarbageCollectionSettings] File [C:/Users/dros0008/Desktop/LevelDesign/SideScroller_V422/Saved/Config/Windows/Engine.ini]
[2022.11.21-19.23.05:760][  0]LogConfig: Setting CVar [[gc.MaxObjectsNotConsideredByGC:1]]
[2022.11.21-19.23.05:760][  0]LogConfig: Setting CVar [[gc.SizeOfPermanentObjectPool:0]]
[2022.11.21-19.23.05:760][  0]LogConfig: Setting CVar [[gc.FlushStreamingOnGC:0]]
[2022.11.21-19.23.05:760][  0]LogConfig: Setting CVar [[gc.NumRetriesBeforeForcingGC:10]]
[2022.11.21-19.23.05:760][  0]LogConfig: Setting CVar [[gc.AllowParallelGC:1]]
[2022.11.21-19.23.05:760][  0]LogConfig: Setting CVar [[gc.TimeBetweenPurgingPendingKillObjects:61.1]]
[2022.11.21-19.23.05:760][  0]LogConfig: Setting CVar [[gc.MaxObjectsInEditor:25165824]]
[2022.11.21-19.23.05:760][  0]LogConfig: Setting CVar [[gc.IncrementalBeginDestroyEnabled:1]]
[2022.11.21-19.23.05:760][  0]LogConfig: Setting CVar [[gc.CreateGCClusters:1]]
[2022.11.21-19.23.05:760][  0]LogConfig: Setting CVar [[gc.MinGCClusterSize:5]]
[2022.11.21-19.23.05:760][  0]LogConfig: Setting CVar [[gc.ActorClusteringEnabled:0]]
[2022.11.21-19.23.05:760][  0]LogConfig: Setting CVar [[gc.BlueprintClusteringEnabled:0]]
[2022.11.21-19.23.05:760][  0]LogConfig: Setting CVar [[gc.UseDisregardForGCOnDedicatedServers:0]]
[2022.11.21-19.23.05:760][  0]LogConfig: Setting CVar [[gc.MultithreadedDestructionEnabled:1]]
[2022.11.21-19.23.05:760][  0]LogConfig: Applying CVar settings from Section [/Script/Engine.NetworkSettings] File [C:/Users/dros0008/Desktop/LevelDesign/SideScroller_V422/Saved/Config/Windows/Engine.ini]
[2022.11.21-19.23.05:760][  0]LogConfig: Applying CVar settings from Section [/Script/UnrealEd.CookerSettings] File [C:/Users/dros0008/Desktop/LevelDesign/SideScroller_V422/Saved/Config/Windows/Engine.ini]
[2022.11.21-19.23.05:770][  0]LogConfig: Applying CVar settings from Section [ViewDistanceQuality@3] File [C:/Users/dros0008/Desktop/LevelDesign/SideScroller_V422/Saved/Config/Windows/Scalability.ini]
[2022.11.21-19.23.05:770][  0]LogConfig: Setting CVar [[r.SkeletalMeshLODBias:0]]
[2022.11.21-19.23.05:770][  0]LogConfig: Setting CVar [[r.ViewDistanceScale:1.0]]
[2022.11.21-19.23.05:770][  0]LogConfig: Applying CVar settings from Section [AntiAliasingQuality@3] File [C:/Users/dros0008/Desktop/LevelDesign/SideScroller_V422/Saved/Config/Windows/Scalability.ini]
[2022.11.21-19.23.05:770][  0]LogConfig: Setting CVar [[r.PostProcessAAQuality:4]]
[2022.11.21-19.23.05:770][  0]LogConfig: Applying CVar settings from Section [ShadowQuality@3] File [C:/Users/dros0008/Desktop/LevelDesign/SideScroller_V422/Saved/Config/Windows/Scalability.ini]
[2022.11.21-19.23.05:770][  0]LogConfig: Setting CVar [[r.LightFunctionQuality:1]]
[2022.11.21-19.23.05:770][  0]LogConfig: Setting CVar [[r.ShadowQuality:5]]
[2022.11.21-19.23.05:770][  0]LogConfig: Setting CVar [[r.Shadow.CSM.MaxCascades:10]]
[2022.11.21-19.23.05:770][  0]LogConfig: Setting CVar [[r.Shadow.MaxResolution:2048]]
[2022.11.21-19.23.05:770][  0]LogConfig: Setting CVar [[r.Shadow.MaxCSMResolution:2048]]
[2022.11.21-19.23.05:770][  0]LogConfig: Setting CVar [[r.Shadow.RadiusThreshold:0.01]]
[2022.11.21-19.23.05:770][  0]LogConfig: Setting CVar [[r.Shadow.DistanceScale:1.0]]
[2022.11.21-19.23.05:770][  0]LogConfig: Setting CVar [[r.Shadow.CSM.TransitionScale:1.0]]
[2022.11.21-19.23.05:770][  0]LogConfig: Setting CVar [[r.Shadow.PreShadowResolutionFactor:1.0]]
[2022.11.21-19.23.05:770][  0]LogConfig: Setting CVar [[r.DistanceFieldShadowing:1]]
[2022.11.21-19.23.05:770][  0]LogConfig: Setting CVar [[r.DistanceFieldAO:1]]
[2022.11.21-19.23.05:770][  0]LogConfig: Setting CVar [[r.AOQuality:2]]
[2022.11.21-19.23.05:770][  0]LogConfig: Setting CVar [[r.VolumetricFog:1]]
[2022.11.21-19.23.05:770][  0]LogConfig: Setting CVar [[r.VolumetricFog.GridPixelSize:8]]
[2022.11.21-19.23.05:770][  0]LogConfig: Setting CVar [[r.VolumetricFog.GridSizeZ:128]]
[2022.11.21-19.23.05:770][  0]LogConfig: Setting CVar [[r.VolumetricFog.HistoryMissSupersampleCount:4]]
[2022.11.21-19.23.05:770][  0]LogConfig: Setting CVar [[r.LightMaxDrawDistanceScale:1]]
[2022.11.21-19.23.05:770][  0]LogConfig: Setting CVar [[r.CapsuleShadows:1]]
[2022.11.21-19.23.05:770][  0]LogConfig: Applying CVar settings from Section [PostProcessQuality@3] File [C:/Users/dros0008/Desktop/LevelDesign/SideScroller_V422/Saved/Config/Windows/Scalability.ini]
[2022.11.21-19.23.05:770][  0]LogConfig: Setting CVar [[r.MotionBlurQuality:4]]
[2022.11.21-19.23.05:770][  0]LogConfig: Setting CVar [[r.AmbientOcclusionMipLevelFactor:0.4]]
[2022.11.21-19.23.05:770][  0]LogConfig: Setting CVar [[r.AmbientOcclusionMaxQuality:100]]
[2022.11.21-19.23.05:770][  0]LogConfig: Setting CVar [[r.AmbientOcclusionLevels:-1]]
[2022.11.21-19.23.05:770][  0]LogConfig: Setting CVar [[r.AmbientOcclusionRadiusScale:1.0]]
[2022.11.21-19.23.05:770][  0]LogConfig: Setting CVar [[r.DepthOfFieldQuality:2]]
[2022.11.21-19.23.05:770][  0]LogConfig: Setting CVar [[r.RenderTargetPoolMin:400]]
[2022.11.21-19.23.05:770][  0]LogConfig: Setting CVar [[r.LensFlareQuality:2]]
[2022.11.21-19.23.05:770][  0]LogConfig: Setting CVar [[r.SceneColorFringeQuality:1]]
[2022.11.21-19.23.05:770][  0]LogConfig: Setting CVar [[r.EyeAdaptationQuality:2]]
[2022.11.21-19.23.05:770][  0]LogConfig: Setting CVar [[r.BloomQuality:5]]
[2022.11.21-19.23.05:770][  0]LogConfig: Setting CVar [[r.FastBlurThreshold:100]]
[2022.11.21-19.23.05:770][  0]LogConfig: Setting CVar [[r.Upscale.Quality:3]]
[2022.11.21-19.23.05:771][  0]LogConfig: Setting CVar [[r.Tonemapper.GrainQuantization:1]]
[2022.11.21-19.23.05:771][  0]LogConfig: Setting CVar [[r.LightShaftQuality:1]]
[2022.11.21-19.23.05:771][  0]LogConfig: Setting CVar [[r.Filter.SizeScale:1]]
[2022.11.21-19.23.05:771][  0]LogConfig: Setting CVar [[r.Tonemapper.Quality:5]]
[2022.11.21-19.23.05:771][  0]LogConfig: Setting CVar [[r.DOF.Gather.AccumulatorQuality:1        ; higher gathering accumulator quality]]
[2022.11.21-19.23.05:771][  0]LogConfig: Setting CVar [[r.DOF.Gather.PostfilterMethod:1          ; Median3x3 postfilering method]]
[2022.11.21-19.23.05:771][  0]LogConfig: Setting CVar [[r.DOF.Gather.EnableBokehSettings:0       ; no bokeh simulation when gathering]]
[2022.11.21-19.23.05:771][  0]LogConfig: Setting CVar [[r.DOF.Gather.RingCount:4                 ; medium number of samples when gathering]]
[2022.11.21-19.23.05:771][  0]LogConfig: Setting CVar [[r.DOF.Scatter.ForegroundCompositing:1    ; additive foreground scattering]]
[2022.11.21-19.23.05:771][  0]LogConfig: Setting CVar [[r.DOF.Scatter.BackgroundCompositing:2    ; additive background scattering]]
[2022.11.21-19.23.05:771][  0]LogConfig: Setting CVar [[r.DOF.Scatter.EnableBokehSettings:1      ; bokeh simulation when scattering]]
[2022.11.21-19.23.05:771][  0]LogConfig: Setting CVar [[r.DOF.Scatter.MaxSpriteRatio:0.1         ; only a maximum of 10% of scattered bokeh]]
[2022.11.21-19.23.05:771][  0]LogConfig: Setting CVar [[r.DOF.Recombine.Quality:1                ; cheap slight out of focus]]
[2022.11.21-19.23.05:771][  0]LogConfig: Setting CVar [[r.DOF.Recombine.EnableBokehSettings:0    ; no bokeh simulation on slight out of focus]]
[2022.11.21-19.23.05:771][  0]LogConfig: Setting CVar [[r.DOF.TemporalAAQuality:1                ; more stable temporal accumulation]]
[2022.11.21-19.23.05:771][  0]LogConfig: Setting CVar [[r.DOF.Kernel.MaxForegroundRadius:0.025]]
[2022.11.21-19.23.05:771][  0]LogConfig: Setting CVar [[r.DOF.Kernel.MaxBackgroundRadius:0.025]]
[2022.11.21-19.23.05:771][  0]LogConfig: Applying CVar settings from Section [TextureQuality@3] File [C:/Users/dros0008/Desktop/LevelDesign/SideScroller_V422/Saved/Config/Windows/Scalability.ini]
[2022.11.21-19.23.05:771][  0]LogConfig: Setting CVar [[r.Streaming.MipBias:0]]
[2022.11.21-19.23.05:771][  0]LogConfig: Setting CVar [[r.Streaming.AmortizeCPUToGPUCopy:0]]
[2022.11.21-19.23.05:771][  0]LogConfig: Setting CVar [[r.Streaming.MaxNumTexturesToStreamPerFrame:0]]
[2022.11.21-19.23.05:771][  0]LogConfig: Setting CVar [[r.Streaming.Boost:1]]
[2022.11.21-19.23.05:771][  0]LogConfig: Setting CVar [[r.MaxAnisotropy:8]]
[2022.11.21-19.23.05:771][  0]LogConfig: Setting CVar [[r.VT.MaxAnisotropy:8]]
[2022.11.21-19.23.05:771][  0]LogConfig: Setting CVar [[r.Streaming.LimitPoolSizeToVRAM:0]]
[2022.11.21-19.23.05:771][  0]LogConfig: Setting CVar [[r.Streaming.PoolSize:1000]]
[2022.11.21-19.23.05:771][  0]LogConfig: Setting CVar [[r.Streaming.MaxEffectiveScreenSize:0]]
[2022.11.21-19.23.05:771][  0]LogConfig: Applying CVar settings from Section [EffectsQuality@3] File [C:/Users/dros0008/Desktop/LevelDesign/SideScroller_V422/Saved/Config/Windows/Scalability.ini]
[2022.11.21-19.23.05:771][  0]LogConfig: Setting CVar [[r.TranslucencyLightingVolumeDim:64]]
[2022.11.21-19.23.05:771][  0]LogConfig: Setting CVar [[r.RefractionQuality:2]]
[2022.11.21-19.23.05:771][  0]LogConfig: Setting CVar [[r.SSR.Quality:3]]
[2022.11.21-19.23.05:771][  0]LogConfig: Setting CVar [[r.SSR.HalfResSceneColor:0]]
[2022.11.21-19.23.05:771][  0]LogConfig: Setting CVar [[r.SceneColorFormat:4]]
[2022.11.21-19.23.05:771][  0]LogConfig: Setting CVar [[r.DetailMode:2]]
[2022.11.21-19.23.05:771][  0]LogConfig: Setting CVar [[r.TranslucencyVolumeBlur:1]]
[2022.11.21-19.23.05:771][  0]LogConfig: Setting CVar [[r.MaterialQualityLevel:1 ; High quality]]
[2022.11.21-19.23.05:771][  0]LogConfig: Setting CVar [[r.AnisotropicMaterials:1]]
[2022.11.21-19.23.05:771][  0]LogConfig: Setting CVar [[r.SSS.Scale:1]]
[2022.11.21-19.23.05:771][  0]LogConfig: Setting CVar [[r.SSS.SampleSet:2]]
[2022.11.21-19.23.05:771][  0]LogConfig: Setting CVar [[r.SSS.Quality:1]]
[2022.11.21-19.23.05:771][  0]LogConfig: Setting CVar [[r.SSS.HalfRes:0]]
[2022.11.21-19.23.05:771][  0]LogConfig: Setting CVar [[r.SSGI.Quality:3]]
[2022.11.21-19.23.05:771][  0]LogConfig: Setting CVar [[r.EmitterSpawnRateScale:1.0]]
[2022.11.21-19.23.05:771][  0]LogConfig: Setting CVar [[r.ParticleLightQuality:2]]
[2022.11.21-19.23.05:771][  0]LogConfig: Setting CVar [[r.SkyAtmosphere.AerialPerspectiveLUT.FastApplyOnOpaque:1 ; Always have FastSkyLUT 1 in this case to avoid wrong sky]]
[2022.11.21-19.23.05:771][  0]LogConfig: Setting CVar [[r.SkyAtmosphere.AerialPerspectiveLUT.SampleCountMaxPerSlice:4]]
[2022.11.21-19.23.05:771][  0]LogConfig: Setting CVar [[r.SkyAtmosphere.AerialPerspectiveLUT.DepthResolution:16.0]]
[2022.11.21-19.23.05:771][  0]LogConfig: Setting CVar [[r.SkyAtmosphere.FastSkyLUT:1]]
[2022.11.21-19.23.05:771][  0]LogConfig: Setting CVar [[r.SkyAtmosphere.FastSkyLUT.SampleCountMin:4.0]]
[2022.11.21-19.23.05:771][  0]LogConfig: Setting CVar [[r.SkyAtmosphere.FastSkyLUT.SampleCountMax:128.0]]
[2022.11.21-19.23.05:771][  0]LogConfig: Setting CVar [[r.SkyAtmosphere.SampleCountMin:4.0]]
[2022.11.21-19.23.05:771][  0]LogConfig: Setting CVar [[r.SkyAtmosphere.SampleCountMax:128.0]]
[2022.11.21-19.23.05:771][  0]LogConfig: Setting CVar [[r.SkyAtmosphere.TransmittanceLUT.UseSmallFormat:0]]
[2022.11.21-19.23.05:771][  0]LogConfig: Setting CVar [[r.SkyAtmosphere.TransmittanceLUT.SampleCount:10.0]]
[2022.11.21-19.23.05:771][  0]LogConfig: Setting CVar [[r.SkyAtmosphere.MultiScatteringLUT.SampleCount:15.0]]
[2022.11.21-19.23.05:771][  0]LogConfig: Setting CVar [[r.SkyLight.RealTimeReflectionCapture:1]]
[2022.11.21-19.23.05:771][  0]LogConfig: Applying CVar settings from Section [FoliageQuality@3] File [C:/Users/dros0008/Desktop/LevelDesign/SideScroller_V422/Saved/Config/Windows/Scalability.ini]
[2022.11.21-19.23.05:771][  0]LogConfig: Setting CVar [[foliage.DensityScale:1.0]]
[2022.11.21-19.23.05:771][  0]LogConfig: Setting CVar [[grass.DensityScale:1.0]]
[2022.11.21-19.23.05:771][  0]LogConfig: Applying CVar settings from Section [ShadingQuality@3] File [C:/Users/dros0008/Desktop/LevelDesign/SideScroller_V422/Saved/Config/Windows/Scalability.ini]
[2022.11.21-19.23.05:771][  0]LogConfig: Setting CVar [[r.HairStrands.SkyLighting.IntegrationType:2]]
[2022.11.21-19.23.05:771][  0]LogConfig: Setting CVar [[r.HairStrands.SkyAO.SampleCount:4]]
[2022.11.21-19.23.05:771][  0]LogConfig: Setting CVar [[r.HairStrands.Visibility.MSAA.SamplePerPixel:4]]
[2022.11.21-19.23.05:771][  0]LogInit: Selected Device Profile: [Windows]
[2022.11.21-19.23.05:771][  0]LogInit: Applying CVar settings loaded from the selected device profile: [Windows]
[2022.11.21-19.23.05:771][  0]LogHAL: Display: Platform has ~ 16 GB [17096134656 / 17179869184 / 16], which maps to Larger [LargestMinGB=32, LargerMinGB=12, DefaultMinGB=8, SmallerMinGB=6, SmallestMinGB=0)
[2022.11.21-19.23.05:771][  0]LogInit: Going up to parent DeviceProfile []
[2022.11.21-19.23.05:771][  0]LogConfig: Applying CVar settings from Section [ViewDistanceQuality@3] File [C:/Users/dros0008/Desktop/LevelDesign/SideScroller_V422/Saved/Config/Windows/Scalability.ini]
[2022.11.21-19.23.05:771][  0]LogConfig: Setting CVar [[r.SkeletalMeshLODBias:0]]
[2022.11.21-19.23.05:771][  0]LogConfig: Setting CVar [[r.ViewDistanceScale:1.0]]
[2022.11.21-19.23.05:771][  0]LogConfig: Applying CVar settings from Section [AntiAliasingQuality@3] File [C:/Users/dros0008/Desktop/LevelDesign/SideScroller_V422/Saved/Config/Windows/Scalability.ini]
[2022.11.21-19.23.05:771][  0]LogConfig: Setting CVar [[r.PostProcessAAQuality:4]]
[2022.11.21-19.23.05:771][  0]LogConfig: Applying CVar settings from Section [ShadowQuality@3] File [C:/Users/dros0008/Desktop/LevelDesign/SideScroller_V422/Saved/Config/Windows/Scalability.ini]
[2022.11.21-19.23.05:771][  0]LogConfig: Setting CVar [[r.LightFunctionQuality:1]]
[2022.11.21-19.23.05:771][  0]LogConfig: Setting CVar [[r.ShadowQuality:5]]
[2022.11.21-19.23.05:771][  0]LogConfig: Setting CVar [[r.Shadow.CSM.MaxCascades:10]]
[2022.11.21-19.23.05:771][  0]LogConfig: Setting CVar [[r.Shadow.MaxResolution:2048]]
[2022.11.21-19.23.05:771][  0]LogConfig: Setting CVar [[r.Shadow.MaxCSMResolution:2048]]
[2022.11.21-19.23.05:771][  0]LogConfig: Setting CVar [[r.Shadow.RadiusThreshold:0.01]]
[2022.11.21-19.23.05:771][  0]LogConfig: Setting CVar [[r.Shadow.DistanceScale:1.0]]
[2022.11.21-19.23.05:771][  0]LogConfig: Setting CVar [[r.Shadow.CSM.TransitionScale:1.0]]
[2022.11.21-19.23.05:771][  0]LogConfig: Setting CVar [[r.Shadow.PreShadowResolutionFactor:1.0]]
[2022.11.21-19.23.05:771][  0]LogConfig: Setting CVar [[r.DistanceFieldShadowing:1]]
[2022.11.21-19.23.05:771][  0]LogConfig: Setting CVar [[r.DistanceFieldAO:1]]
[2022.11.21-19.23.05:771][  0]LogConfig: Setting CVar [[r.AOQuality:2]]
[2022.11.21-19.23.05:771][  0]LogConfig: Setting CVar [[r.VolumetricFog:1]]
[2022.11.21-19.23.05:771][  0]LogConfig: Setting CVar [[r.VolumetricFog.GridPixelSize:8]]
[2022.11.21-19.23.05:771][  0]LogConfig: Setting CVar [[r.VolumetricFog.GridSizeZ:128]]
[2022.11.21-19.23.05:771][  0]LogConfig: Setting CVar [[r.VolumetricFog.HistoryMissSupersampleCount:4]]
[2022.11.21-19.23.05:771][  0]LogConfig: Setting CVar [[r.LightMaxDrawDistanceScale:1]]
[2022.11.21-19.23.05:772][  0]LogConfig: Setting CVar [[r.CapsuleShadows:1]]
[2022.11.21-19.23.05:772][  0]LogConfig: Applying CVar settings from Section [PostProcessQuality@3] File [C:/Users/dros0008/Desktop/LevelDesign/SideScroller_V422/Saved/Config/Windows/Scalability.ini]
[2022.11.21-19.23.05:772][  0]LogConfig: Setting CVar [[r.MotionBlurQuality:4]]
[2022.11.21-19.23.05:772][  0]LogConfig: Setting CVar [[r.AmbientOcclusionMipLevelFactor:0.4]]
[2022.11.21-19.23.05:772][  0]LogConfig: Setting CVar [[r.AmbientOcclusionMaxQuality:100]]
[2022.11.21-19.23.05:772][  0]LogConfig: Setting CVar [[r.AmbientOcclusionLevels:-1]]
[2022.11.21-19.23.05:772][  0]LogConfig: Setting CVar [[r.AmbientOcclusionRadiusScale:1.0]]
[2022.11.21-19.23.05:772][  0]LogConfig: Setting CVar [[r.DepthOfFieldQuality:2]]
[2022.11.21-19.23.05:772][  0]LogConfig: Setting CVar [[r.RenderTargetPoolMin:400]]
[2022.11.21-19.23.05:772][  0]LogConfig: Setting CVar [[r.LensFlareQuality:2]]
[2022.11.21-19.23.05:772][  0]LogConfig: Setting CVar [[r.SceneColorFringeQuality:1]]
[2022.11.21-19.23.05:772][  0]LogConfig: Setting CVar [[r.EyeAdaptationQuality:2]]
[2022.11.21-19.23.05:772][  0]LogConfig: Setting CVar [[r.BloomQuality:5]]
[2022.11.21-19.23.05:772][  0]LogConfig: Setting CVar [[r.FastBlurThreshold:100]]
[2022.11.21-19.23.05:772][  0]LogConfig: Setting CVar [[r.Upscale.Quality:3]]
[2022.11.21-19.23.05:772][  0]LogConfig: Setting CVar [[r.Tonemapper.GrainQuantization:1]]
[2022.11.21-19.23.05:772][  0]LogConfig: Setting CVar [[r.LightShaftQuality:1]]
[2022.11.21-19.23.05:772][  0]LogConfig: Setting CVar [[r.Filter.SizeScale:1]]
[2022.11.21-19.23.05:772][  0]LogConfig: Setting CVar [[r.Tonemapper.Quality:5]]
[2022.11.21-19.23.05:772][  0]LogConfig: Setting CVar [[r.DOF.Gather.AccumulatorQuality:1        ; higher gathering accumulator quality]]
[2022.11.21-19.23.05:772][  0]LogConfig: Setting CVar [[r.DOF.Gather.PostfilterMethod:1          ; Median3x3 postfilering method]]
[2022.11.21-19.23.05:772][  0]LogConfig: Setting CVar [[r.DOF.Gather.EnableBokehSettings:0       ; no bokeh simulation when gathering]]
[2022.11.21-19.23.05:772][  0]LogConfig: Setting CVar [[r.DOF.Gather.RingCount:4                 ; medium number of samples when gathering]]
[2022.11.21-19.23.05:772][  0]LogConfig: Setting CVar [[r.DOF.Scatter.ForegroundCompositing:1    ; additive foreground scattering]]
[2022.11.21-19.23.05:772][  0]LogConfig: Setting CVar [[r.DOF.Scatter.BackgroundCompositing:2    ; additive background scattering]]
[2022.11.21-19.23.05:772][  0]LogConfig: Setting CVar [[r.DOF.Scatter.EnableBokehSettings:1      ; bokeh simulation when scattering]]
[2022.11.21-19.23.05:772][  0]LogConfig: Setting CVar [[r.DOF.Scatter.MaxSpriteRatio:0.1         ; only a maximum of 10% of scattered bokeh]]
[2022.11.21-19.23.05:772][  0]LogConfig: Setting CVar [[r.DOF.Recombine.Quality:1                ; cheap slight out of focus]]
[2022.11.21-19.23.05:772][  0]LogConfig: Setting CVar [[r.DOF.Recombine.EnableBokehSettings:0    ; no bokeh simulation on slight out of focus]]
[2022.11.21-19.23.05:772][  0]LogConfig: Setting CVar [[r.DOF.TemporalAAQuality:1                ; more stable temporal accumulation]]
[2022.11.21-19.23.05:772][  0]LogConfig: Setting CVar [[r.DOF.Kernel.MaxForegroundRadius:0.025]]
[2022.11.21-19.23.05:772][  0]LogConfig: Setting CVar [[r.DOF.Kernel.MaxBackgroundRadius:0.025]]
[2022.11.21-19.23.05:772][  0]LogConfig: Applying CVar settings from Section [TextureQuality@3] File [C:/Users/dros0008/Desktop/LevelDesign/SideScroller_V422/Saved/Config/Windows/Scalability.ini]
[2022.11.21-19.23.05:772][  0]LogConfig: Setting CVar [[r.Streaming.MipBias:0]]
[2022.11.21-19.23.05:772][  0]LogConfig: Setting CVar [[r.Streaming.AmortizeCPUToGPUCopy:0]]
[2022.11.21-19.23.05:772][  0]LogConfig: Setting CVar [[r.Streaming.MaxNumTexturesToStreamPerFrame:0]]
[2022.11.21-19.23.05:772][  0]LogConfig: Setting CVar [[r.Streaming.Boost:1]]
[2022.11.21-19.23.05:772][  0]LogConfig: Setting CVar [[r.MaxAnisotropy:8]]
[2022.11.21-19.23.05:772][  0]LogConfig: Setting CVar [[r.VT.MaxAnisotropy:8]]
[2022.11.21-19.23.05:772][  0]LogConfig: Setting CVar [[r.Streaming.LimitPoolSizeToVRAM:0]]
[2022.11.21-19.23.05:772][  0]LogConfig: Setting CVar [[r.Streaming.PoolSize:1000]]
[2022.11.21-19.23.05:772][  0]LogConfig: Setting CVar [[r.Streaming.MaxEffectiveScreenSize:0]]
[2022.11.21-19.23.05:772][  0]LogConfig: Applying CVar settings from Section [EffectsQuality@3] File [C:/Users/dros0008/Desktop/LevelDesign/SideScroller_V422/Saved/Config/Windows/Scalability.ini]
[2022.11.21-19.23.05:772][  0]LogConfig: Setting CVar [[r.TranslucencyLightingVolumeDim:64]]
[2022.11.21-19.23.05:772][  0]LogConfig: Setting CVar [[r.RefractionQuality:2]]
[2022.11.21-19.23.05:772][  0]LogConfig: Setting CVar [[r.SSR.Quality:3]]
[2022.11.21-19.23.05:772][  0]LogConfig: Setting CVar [[r.SSR.HalfResSceneColor:0]]
[2022.11.21-19.23.05:772][  0]LogConfig: Setting CVar [[r.SceneColorFormat:4]]
[2022.11.21-19.23.05:772][  0]LogConfig: Setting CVar [[r.DetailMode:2]]
[2022.11.21-19.23.05:772][  0]LogConfig: Setting CVar [[r.TranslucencyVolumeBlur:1]]
[2022.11.21-19.23.05:772][  0]LogConfig: Setting CVar [[r.MaterialQualityLevel:1 ; High quality]]
[2022.11.21-19.23.05:772][  0]LogConfig: Setting CVar [[r.AnisotropicMaterials:1]]
[2022.11.21-19.23.05:772][  0]LogConfig: Setting CVar [[r.SSS.Scale:1]]
[2022.11.21-19.23.05:772][  0]LogConfig: Setting CVar [[r.SSS.SampleSet:2]]
[2022.11.21-19.23.05:772][  0]LogConfig: Setting CVar [[r.SSS.Quality:1]]
[2022.11.21-19.23.05:772][  0]LogConfig: Setting CVar [[r.SSS.HalfRes:0]]
[2022.11.21-19.23.05:772][  0]LogConfig: Setting CVar [[r.SSGI.Quality:3]]
[2022.11.21-19.23.05:772][  0]LogConfig: Setting CVar [[r.EmitterSpawnRateScale:1.0]]
[2022.11.21-19.23.05:772][  0]LogConfig: Setting CVar [[r.ParticleLightQuality:2]]
[2022.11.21-19.23.05:772][  0]LogConfig: Setting CVar [[r.SkyAtmosphere.AerialPerspectiveLUT.FastApplyOnOpaque:1 ; Always have FastSkyLUT 1 in this case to avoid wrong sky]]
[2022.11.21-19.23.05:772][  0]LogConfig: Setting CVar [[r.SkyAtmosphere.AerialPerspectiveLUT.SampleCountMaxPerSlice:4]]
[2022.11.21-19.23.05:772][  0]LogConfig: Setting CVar [[r.SkyAtmosphere.AerialPerspectiveLUT.DepthResolution:16.0]]
[2022.11.21-19.23.05:772][  0]LogConfig: Setting CVar [[r.SkyAtmosphere.FastSkyLUT:1]]
[2022.11.21-19.23.05:772][  0]LogConfig: Setting CVar [[r.SkyAtmosphere.FastSkyLUT.SampleCountMin:4.0]]
[2022.11.21-19.23.05:772][  0]LogConfig: Setting CVar [[r.SkyAtmosphere.FastSkyLUT.SampleCountMax:128.0]]
[2022.11.21-19.23.05:772][  0]LogConfig: Setting CVar [[r.SkyAtmosphere.SampleCountMin:4.0]]
[2022.11.21-19.23.05:772][  0]LogConfig: Setting CVar [[r.SkyAtmosphere.SampleCountMax:128.0]]
[2022.11.21-19.23.05:772][  0]LogConfig: Setting CVar [[r.SkyAtmosphere.TransmittanceLUT.UseSmallFormat:0]]
[2022.11.21-19.23.05:772][  0]LogConfig: Setting CVar [[r.SkyAtmosphere.TransmittanceLUT.SampleCount:10.0]]
[2022.11.21-19.23.05:772][  0]LogConfig: Setting CVar [[r.SkyAtmosphere.MultiScatteringLUT.SampleCount:15.0]]
[2022.11.21-19.23.05:772][  0]LogConfig: Setting CVar [[r.SkyLight.RealTimeReflectionCapture:1]]
[2022.11.21-19.23.05:772][  0]LogConfig: Applying CVar settings from Section [FoliageQuality@3] File [C:/Users/dros0008/Desktop/LevelDesign/SideScroller_V422/Saved/Config/Windows/Scalability.ini]
[2022.11.21-19.23.05:772][  0]LogConfig: Setting CVar [[foliage.DensityScale:1.0]]
[2022.11.21-19.23.05:772][  0]LogConfig: Setting CVar [[grass.DensityScale:1.0]]
[2022.11.21-19.23.05:772][  0]LogConfig: Applying CVar settings from Section [ShadingQuality@3] File [C:/Users/dros0008/Desktop/LevelDesign/SideScroller_V422/Saved/Config/Windows/Scalability.ini]
[2022.11.21-19.23.05:772][  0]LogConfig: Setting CVar [[r.HairStrands.SkyLighting.IntegrationType:2]]
[2022.11.21-19.23.05:772][  0]LogConfig: Setting CVar [[r.HairStrands.SkyAO.SampleCount:4]]
[2022.11.21-19.23.05:772][  0]LogConfig: Setting CVar [[r.HairStrands.Visibility.MSAA.SamplePerPixel:4]]
[2022.11.21-19.23.05:772][  0]LogConfig: Applying CVar settings from Section [Startup] File [../../../Engine/Config/ConsoleVariables.ini]
[2022.11.21-19.23.05:772][  0]LogConfig: Setting CVar [[net.UseAdaptiveNetUpdateFrequency:0]]
[2022.11.21-19.23.05:772][  0]LogConfig: Setting CVar [[p.chaos.AllowCreatePhysxBodies:1]]
[2022.11.21-19.23.05:772][  0]LogConfig: Setting CVar [[fx.SkipVectorVMBackendOptimizations:1]]
[2022.11.21-19.23.05:772][  0]LogConfig: Applying CVar settings from Section [ConsoleVariables] File [C:/Users/dros0008/Desktop/LevelDesign/SideScroller_V422/Saved/Config/Windows/Engine.ini]
[2022.11.21-19.23.05:772][  0]LogConfig: Applying CVar settings from Section [ConsoleVariables] File [C:/Users/dros0008/Desktop/LevelDesign/SideScroller_V422/Saved/Config/Windows/Editor.ini]
[2022.11.21-19.23.05:773][  0]LogInit: Computer: WT220-03
[2022.11.21-19.23.05:773][  0]LogInit: User: dros0008
[2022.11.21-19.23.05:773][  0]LogInit: CPU Page size=4096, Cores=8
[2022.11.21-19.23.05:773][  0]LogInit: High frequency timer resolution =10.000000 MHz
[2022.11.21-19.23.05:773][  0]LogMemory: Memory total: Physical=15.9GB (16GB approx)
[2022.11.21-19.23.05:773][  0]LogMemory: Platform Memory Stats for Windows
[2022.11.21-19.23.05:773][  0]LogMemory: Process Physical Memory: 142.04 MB used, 142.04 MB peak
[2022.11.21-19.23.05:773][  0]LogMemory: Process Virtual Memory: 126.97 MB used, 126.97 MB peak
[2022.11.21-19.23.05:773][  0]LogMemory: Physical Memory: 6338.07 MB used,  9966.08 MB free, 16304.14 MB total
[2022.11.21-19.23.05:773][  0]LogMemory: Virtual Memory: 134210664.00 MB used,  7065.38 MB free, 134217728.00 MB total
[2022.11.21-19.23.05:777][  0]LogWindows: WindowsPlatformFeatures enabled
[2022.11.21-19.23.05:811][  0]LogInit: Physics initialised using underlying interface: PhysX
[2022.11.21-19.23.05:811][  0]LogInit: Using OS detected language (en-US).
[2022.11.21-19.23.05:812][  0]LogInit: Using OS detected locale (en-US).
[2022.11.21-19.23.05:813][  0]LogTextLocalizationManager: No specific localization for 'en-US' exists, so the 'en' localization will be used.
[2022.11.21-19.23.05:964][  0]LogWindowsTextInputMethodSystem: Display: IME system deactivated.
[2022.11.21-19.23.05:985][  0]LogSlate: New Slate User Created.  User Index 0, Is Virtual User: 0
[2022.11.21-19.23.05:985][  0]LogSlate: Slate User Registered.  User Index 0, Is Virtual User: 0
[2022.11.21-19.23.05:998][  0]LogD3D11RHI: Loaded GFSDK_Aftermath_Lib.x64.dll
[2022.11.21-19.23.06:001][  0]LogHMD: Failed to initialize OpenVR with code 110
[2022.11.21-19.23.06:001][  0]LogD3D11RHI: D3D11 min allowed feature level: 11_0
[2022.11.21-19.23.06:001][  0]LogD3D11RHI: D3D11 max allowed feature level: 11_0
[2022.11.21-19.23.06:001][  0]LogD3D11RHI: D3D11 adapters:
[2022.11.21-19.23.06:093][  0]LogD3D11RHI:    0. 'NVIDIA GeForce RTX 2070' (Feature Level 11_0)
[2022.11.21-19.23.06:093][  0]LogD3D11RHI:       8031/0/8152 MB DedicatedVideo/DedicatedSystem/SharedSystem, Outputs:1, VendorId:0x10de
[2022.11.21-19.23.06:094][  0]LogD3D11RHI:    1. 'Microsoft Basic Render Driver' (Feature Level 11_0)
[2022.11.21-19.23.06:094][  0]LogD3D11RHI:       0/0/8152 MB DedicatedVideo/DedicatedSystem/SharedSystem, Outputs:0, VendorId:0x1414
[2022.11.21-19.23.06:094][  0]LogD3D11RHI: Chosen D3D11 Adapter:
[2022.11.21-19.23.06:094][  0]LogD3D11RHI:     Description : NVIDIA GeForce RTX 2070
[2022.11.21-19.23.06:094][  0]LogD3D11RHI:     VendorId    : 10de
[2022.11.21-19.23.06:095][  0]LogD3D11RHI:     DeviceId    : 1f02
[2022.11.21-19.23.06:095][  0]LogD3D11RHI:     SubSysId    : 86731043
[2022.11.21-19.23.06:095][  0]LogD3D11RHI:     Revision    : 00a1
[2022.11.21-19.23.06:095][  0]LogD3D11RHI:     DedicatedVideoMemory : 8421113856 bytes
[2022.11.21-19.23.06:095][  0]LogD3D11RHI:     DedicatedSystemMemory : 0 bytes
[2022.11.21-19.23.06:095][  0]LogD3D11RHI:     SharedSystemMemory : 8548067328 bytes
[2022.11.21-19.23.06:095][  0]LogD3D11RHI:     AdapterLuid : 0 51637
[2022.11.21-19.23.06:099][  0]LogD3D11RHI: Creating new Direct3DDevice
[2022.11.21-19.23.06:099][  0]LogD3D11RHI:     GPU DeviceId: 0x1f02 (for the marketing name, search the web for "GPU Device Id")
[2022.11.21-19.23.06:099][  0]LogWindows: EnumDisplayDevices:
[2022.11.21-19.23.06:099][  0]LogWindows:    0. 'NVIDIA GeForce RTX 2070' (P:1 D:1)
[2022.11.21-19.23.06:099][  0]LogWindows:    1. 'NVIDIA GeForce RTX 2070' (P:0 D:0)
[2022.11.21-19.23.06:099][  0]LogWindows:    2. 'NVIDIA GeForce RTX 2070' (P:0 D:0)
[2022.11.21-19.23.06:100][  0]LogWindows:    3. 'NVIDIA GeForce RTX 2070' (P:0 D:0)
[2022.11.21-19.23.06:100][  0]LogWindows: DebugString: FoundDriverCount:4 
[2022.11.21-19.23.06:100][  0]LogD3D11RHI:     Adapter Name: NVIDIA GeForce RTX 2070
[2022.11.21-19.23.06:100][  0]LogD3D11RHI:   Driver Version: 516.94 (internal:31.0.15.1694, unified:516.94)
[2022.11.21-19.23.06:100][  0]LogD3D11RHI:      Driver Date: 7-21-2022
[2022.11.21-19.23.06:100][  0]LogRHI: Texture pool is 5621 MB (70% of 8031 MB)
[2022.11.21-19.23.06:100][  0]LogD3D11RHI: Creating D3DDevice using adapter:
[2022.11.21-19.23.06:100][  0]LogD3D11RHI:     Description : NVIDIA GeForce RTX 2070
[2022.11.21-19.23.06:100][  0]LogD3D11RHI:     VendorId    : 10de
[2022.11.21-19.23.06:100][  0]LogD3D11RHI:     DeviceId    : 1f02
[2022.11.21-19.23.06:100][  0]LogD3D11RHI:     SubSysId    : 86731043
[2022.11.21-19.23.06:100][  0]LogD3D11RHI:     Revision    : 00a1
[2022.11.21-19.23.06:100][  0]LogD3D11RHI:     DedicatedVideoMemory : 8421113856 bytes
[2022.11.21-19.23.06:100][  0]LogD3D11RHI:     DedicatedSystemMemory : 0 bytes
[2022.11.21-19.23.06:100][  0]LogD3D11RHI:     SharedSystemMemory : 8548067328 bytes
[2022.11.21-19.23.06:100][  0]LogD3D11RHI:     AdapterLuid : 0 51637
[2022.11.21-19.23.06:140][  0]LogD3D11RHI: RHI has support for 64 bit atomics
[2022.11.21-19.23.06:140][  0]LogD3D11RHI: Async texture creation enabled
[2022.11.21-19.23.06:140][  0]LogD3D11RHI: Array index from any shader is supported
[2022.11.21-19.23.06:158][  0]LogD3D11RHI: GPU Timing Frequency: 1000.000000 (Debug: 2 2)
[2022.11.21-19.23.06:191][  0]LogRHI: GeForceNow SDK initialized: 1
[2022.11.21-19.23.06:424][  0]LogTargetPlatformManager: Display: Loaded TargetPlatform 'WindowsNoEditor'
[2022.11.21-19.23.06:428][  0]LogTargetPlatformManager: Display: Loaded TargetPlatform 'Windows'
[2022.11.21-19.23.06:432][  0]LogTargetPlatformManager: Display: Loaded TargetPlatform 'WindowsClient'
[2022.11.21-19.23.06:435][  0]LogTargetPlatformManager: Display: Loaded TargetPlatform 'WindowsServer'
[2022.11.21-19.23.06:436][  0]LogTargetPlatformManager: Display: Building Assets For Windows
[2022.11.21-19.23.06:442][  0]LogAudioDebug: Display: Lib vorbis DLL was dynamically loaded.
[2022.11.21-19.23.06:468][  0]LogTextureFormatOodle: Display: Oodle Texture 2.9.0 init RDO Off
[2022.11.21-19.23.06:495][  0]LogRendererCore: Ray tracing is disabled. Reason: r.RayTracing=0.
[2022.11.21-19.23.06:495][  0]LogShaderCompilers: Guid format shader working directory is -21 characters bigger than the processId version (../../../../../../Users/dros0008/Desktop/LevelDesign/SideScroller_V422/Intermediate/Shaders/WorkingDirectory/2784/).
[2022.11.21-19.23.06:495][  0]LogShaderCompilers: Cleaned the shader compiler working directory 'C:/Users/dros0008/AppData/Local/Temp/UnrealShaderWorkingDir/CF98DE25402D55F6E258A29DE3F01A29/'.
[2022.11.21-19.23.06:495][  0]LogXGEController: Cannot use XGE Controller as Incredibuild is not installed on this machine.
[2022.11.21-19.23.06:495][  0]LogShaderCompilers: Cannot use XGE Shader Compiler as Incredibuild is not installed on this machine.
[2022.11.21-19.23.06:495][  0]LogShaderCompilers: Display: Using Local Shader Compiler.
[2022.11.21-19.23.07:131][  0]LogDerivedDataCache: Display: Max Cache Size: 512 MB
[2022.11.21-19.23.07:180][  0]LogDerivedDataCache: Loaded boot cache 0.05s 96MB C:/Users/dros0008/AppData/Local/UnrealEngine/4.27/DerivedDataCache/Boot.ddc.
[2022.11.21-19.23.07:180][  0]LogDerivedDataCache: Display: Loaded Boot cache: C:/Users/dros0008/AppData/Local/UnrealEngine/4.27/DerivedDataCache/Boot.ddc
[2022.11.21-19.23.07:180][  0]LogDerivedDataCache: FDerivedDataBackendGraph:  Pak pak cache file ../../../../../../Users/dros0008/Desktop/LevelDesign/SideScroller_V422/DerivedDataCache/DDC.ddp not found, will not use a pak cache.
[2022.11.21-19.23.07:180][  0]LogDerivedDataCache: Unable to find inner node Pak for hierarchical cache Hierarchy.
[2022.11.21-19.23.07:180][  0]LogDerivedDataCache: FDerivedDataBackendGraph:  CompressedPak pak cache file ../../../../../../Users/dros0008/Desktop/LevelDesign/SideScroller_V422/DerivedDataCache/Compressed.ddp not found, will not use a pak cache.
[2022.11.21-19.23.07:180][  0]LogDerivedDataCache: Unable to find inner node CompressedPak for hierarchical cache Hierarchy.
[2022.11.21-19.23.07:194][  0]LogDerivedDataCache: Display: Pak cache opened for reading ../../../Engine/DerivedDataCache/Compressed.ddp.
[2022.11.21-19.23.07:194][  0]LogDerivedDataCache: FDerivedDataBackendGraph:  EnterprisePak pak cache file ../../../Enterprise/DerivedDataCache/Compressed.ddp not found, will not use a pak cache.
[2022.11.21-19.23.07:194][  0]LogDerivedDataCache: Unable to find inner node EnterprisePak for hierarchical cache Hierarchy.
[2022.11.21-19.23.07:202][  0]LogDerivedDataCache: Speed tests for C:/Users/dros0008/AppData/Local/UnrealEngine/Common/DerivedDataCache took 0.01 seconds
[2022.11.21-19.23.07:202][  0]LogDerivedDataCache: Display: Performance to C:/Users/dros0008/AppData/Local/UnrealEngine/Common/DerivedDataCache: Latency=0.01ms. RandomReadSpeed=1546.39MBs, RandomWriteSpeed=133.62MBs. Assigned SpeedClass 'Local'
[2022.11.21-19.23.07:202][  0]LogDerivedDataCache: Using Local data cache path C:/Users/dros0008/AppData/Local/UnrealEngine/Common/DerivedDataCache: Writable
[2022.11.21-19.23.07:203][  0]LogDerivedDataCache: Shared data cache path not found in *engine.ini, will not use an Shared cache.
[2022.11.21-19.23.07:203][  0]LogDerivedDataCache: Unable to find inner node Shared for hierarchical cache Hierarchy.
[2022.11.21-19.23.07:231][  0]LogSlate: Using FreeType 2.10.0
[2022.11.21-19.23.07:232][  0]LogSlate: SlateFontServices - WITH_FREETYPE: 1, WITH_HARFBUZZ: 1
[2022.11.21-19.23.07:296][  0]LogInit: Using OS detected language (en-US).
[2022.11.21-19.23.07:296][  0]LogInit: Using OS detected locale (en-US).
[2022.11.21-19.23.07:296][  0]LogTextLocalizationManager: No localization for 'en-US' exists, so 'en' will be used for the language.
[2022.11.21-19.23.07:296][  0]LogTextLocalizationManager: No localization for 'en-US' exists, so 'en' will be used for the locale.
[2022.11.21-19.23.07:296][  0]LogSlate: FontCache flush requested. Reason: Culture for localization was changed
[2022.11.21-19.23.07:296][  0]LogSlate: FontCache flush requested. Reason: Culture for localization was changed
[2022.11.21-19.23.07:298][  0]LogTextLocalizationManager: Compacting localization data took   0.00ms
[2022.11.21-19.23.07:298][  0]LogAssetRegistry: FAssetRegistry took 0.0012 seconds to start up
[2022.11.21-19.23.07:429][  0]LogPackageLocalizationCache: Processed 27 localized package path(s) for 1 prioritized culture(s) in 0.000700 seconds
[2022.11.21-19.23.07:479][  0]LogInit: Selected Device Profile: [Windows]
[2022.11.21-19.23.07:479][  0]LogInit: Active device profile: [0000016F8E390F00][0000016F8BC1C6C0 49] Windows
[2022.11.21-19.23.07:479][  0]LogInit: Profiles: [0000016F8E390F00][0000016F8BC1C6C0 49] Windows, [0000016F8E33EB00][0000016F8BC24840 49] WindowsNoEditor, [0000016F8E391F00][0000016F8B6C29C0 49] WindowsServer, [0000016F8E33DD00][0000016F8B6C6B40 49] WindowsClient, [0000016F8E391000][0000016F8B6CACC0 49] IOS, [0000016F8E33D800][0000016F8B6CEE40 49] iPadAir, [0000016F8E393300][0000016F8B6D2FC0 49] iPadAir2, [0000016F8E2F9300][0000016F8B6DB280 49] IPadPro, [0000016F8E2F9400][0000016F8B6D72C0 49] iPadAir3, [0000016F8E33CB00][0000016F8B6DF440 49] iPadAir4, [0000016F8E2FA100][0000016F8B6E35C0 49] iPadMini2, [0000016F8E33FB00][0000016F8B6E7740 49] iPadMini3, [0000016F8E2FAC00][0000016F8B6EB8C0 49] iPadMini4, [0000016F8E33EE00][0000016F8BC21A00 49] iPadMini5, [0000016F8E330E00][0000016F8B6F20C0 49] iPhone6, [0000016F8E330F00][0000016F8B6EE100 49] iPodTouch6, [0000016F8E392800][0000016F8B6FE3C0 49] iPhone7, [0000016F8E392900][0000016F8B6FA400 49] iPodTouch7, [0000016F8E2F8C00][0000016F8B702580 49] iPhone5S, [0000016F8E391300][0000016F8B706700 49] iPhone6Plus, [0000016F8E2FAA00][0000016F8B70A880 49] iPhone6S, [0000016F8E392D00][0000016F881ACA00 49] iPhone6SPlus, [0000016F8E330100][0000016F881B0B80 49] iPhone7Plus, [0000016F8E2F9D00][0000016F881B4D00 49] iPhoneSE, [0000016F8E330C00][0000016F881B8E80 49] iPhone8, [0000016F8E2F8400][0000016F881BD000 49] iPhone8Plus, [0000016F8E332A00][0000016F881C1180 49] iPhoneX, [0000016F8E2FBC00][0000016F881C5300 49] iPhoneXS, [0000016F8E332900][0000016F881C9480 49] iPhoneXSMax, [0000016F8E2F8B00][0000016F881CD600 49] iPhoneXR, [0000016F8E393800][0000016F881D1780 49] iPhone11, [0000016F8E2FBD00][0000016F881D5900 49] iPhone11Pro, [0000016F8E391C00][0000016F881D9A80 49] iPhone11ProMax, [0000016F8E2F9100][0000016F8B6F7BC0 49] iPhoneSE2, [0000016F8E391200][0000016F881DC180 49] iPhone12Mini, [0000016F8E2FB100][0000016F881E02C0 49] iPhone12, [0000016F8E390900][0000016F881E8440 49] iPhone12Pro, [0000016F8E2F8D00][0000016F881EC5C0 49] iPhone12ProMax, [0000016F8E393C00][0000016F881F0740 49] iPadPro105, [0000016F8E2FB700][0000016F881F48C0 49] iPadPro129, [0000016F8E393000][0000016F881F8A40 49] iPadPro97, [0000016F8E2F8F00][0000016F881FCBC0 49] iPadPro2_129, [0000016F8E390C00][0000016F88200D40 49] iPad5, [0000016F8E2FBB00][0000016F88204EC0 49] iPad6, [0000016F8E390400][0000016F88209040 49] iPad7, [0000016F8E2FBE00][0000016F8820D1C0 49] iPad8, [0000016F8E391400][0000016F908B1340 49] iPadPro11, [0000016F8E2FA400][0000016F908B54C0 49] iPadPro2_11, [0000016F8E390800][0000016F908B9640 49] iPadPro3_129, [0000016F8E2FA800][0000016F908BD7C0 49] iPadPro4_129, [0000016F8E392F00][0000016F908C1940 49] AppleTV, [0000016F8E2F9900][0000016F908C5AC0 49] AppleTV4K, [0000016F8E391700][0000016F908C80C0 49] TVOS, [0000016F8E2F9500][0000016F881E4200 49] Mac, [0000016F8E391B00][0000016F908CC340 49] MacClient, [0000016F8E2FA500][0000016F908D0480 49] MacNoEditor, [0000016F8E390500][0000016F908D45C0 49] MacServer, [0000016F8E2FA000][0000016F908DC740 49] Linux, [0000016F8E393B00][0000016F908E08C0 49] LinuxAArch64, [0000016F8E2F8100][0000016F908E4A40 49] LinuxNoEditor, [0000016F8E393700][0000016F908E8BC0 49] LinuxAArch64NoEditor, [0000016F8E2FA900][0000016F908ECD40 49] LinuxClient, [0000016F8E392600][0000016F908F0EC0 49] LinuxAArch64Client, [0000016F8E2F8A00][0000016F908F5040 49] LinuxServer, [0000016F8E390200][0000016F908F91C0 49] LinuxAArch64Server, [0000016F8E2FA300][0000016F908FD340 49] Android, [0000016F8E392100][0000016F909014C0 49] Android_Low, [0000016F8E2F9E00][0000016F90905640 49] Android_Mid, [0000016F8E393A00][0000016F909097C0 49] Android_High, [0000016F8E2FAD00][0000016F9090D940 49] Android_Default, [0000016F8E390600][0000016F90911AC0 49] Android_Adreno4xx, [0000016F8E2F8300][0000016F909140C0 49] Android_Adreno5xx_Low, [0000016F8E392A00][0000016F90918240 49] Android_Adreno5xx, [0000016F8E2FAB00][0000016F908D8380 49] Android_Adreno6xx, [0000016F8E390B00][0000016F9091C4C0 49] Android_Adreno6xx_Vulkan, [0000016F8E2F9600][0000016F90920600 49] Android_Mali_T6xx, [0000016F8E390700][0000016F90924740 49] Android_Mali_T7xx, [0000016F8E33E100][0000016F9092C8C0 49] Android_Mali_T8xx, [0000016F8E330300][0000016F90930A40 49] Android_Mali_G71, [0000016F8E33C600][0000016F90934BC0 49] Android_Mali_G72, [0000016F8E331200][0000016F90938D40 49] Android_Mali_G72_Vulkan, [0000016F8E33D400][0000016F9093CEC0 49] Android_Mali_G76, [0000016F8E330700][0000016F90941040 49] Android_Mali_G76_Vulkan, [0000016F8E33D500][0000016F909451C0 49] Android_Mali_G77, [0000016F8E333B00][0000016F90949340 49] Android_Mali_G77_Vulkan, [0000016F8E33E200][0000016F9094D4C0 49] Android_Mali_G78, [0000016F8E333100][0000016F90951640 49] Android_Mali_G78_Vulkan, [0000016F8E33D900][0000016F909557C0 49] Android_Mali_G710, [0000016F8E331B00][0000016F90959940 49] Android_Mali_G710_Vulkan, [0000016F8E33FD00][0000016F9095DAC0 49] Android_Vulkan_SM5, [0000016F8E333800][0000016F909600C0 49] Android_PowerVR_G6xxx, [0000016F8E33E000][0000016F90964240 49] Android_PowerVR_GT7xxx, [0000016F8E331D00][0000016F909683C0 49] Android_PowerVR_GE8xxx, [0000016F8E33F400][0000016F9096C540 49] Android_PowerVR_GM9xxx, [0000016F8E330800][0000016F90928680 49] Android_PowerVR_GM9xxx_Vulkan, [0000016F8E33E300][0000016F909707C0 49] Android_TegraK1, [0000016F8E331000][0000016F90974900 49] Android_Unknown_Vulkan, [0000016F8E33EA00][0000016F9097CA80 49] Lumin, [0000016F8E333E00][0000016F90980C00 49] Lumin_Desktop, [0000016F8E33F200][0000016F90984D80 49] HoloLens, 
[2022.11.21-19.23.07:513][  0]LogMeshReduction: Using QuadricMeshReduction for automatic static mesh reduction
[2022.11.21-19.23.07:513][  0]LogMeshReduction: Using SimplygonMeshReduction for automatic skeletal mesh reduction
[2022.11.21-19.23.07:513][  0]LogMeshReduction: Using ProxyLODMeshReduction for automatic mesh merging
[2022.11.21-19.23.07:513][  0]LogMeshReduction: No distributed automatic mesh merging module available
[2022.11.21-19.23.07:513][  0]LogMeshMerging: No distributed automatic mesh merging module available
[2022.11.21-19.23.07:600][  0]LogNetVersion: SideScroller_V422_Fall2019 1.0.0, NetCL: 17155196, EngineNetVer: 17, GameNetVer: 0 (Checksum: 1441273239)
[2022.11.21-19.23.07:777][  0]LogTexture: Default maximum texture size for cubemaps generated from long-lat sources has been changed from 512 to unlimited. In order to preserve old behaiour for '/Engine/MapTemplates/Sky/DaylightAmbientCubemap.DaylightAmbientCubemap', its maximum texture size has been explicitly set to 512.
[2022.11.21-19.23.07:824][  0]LogHMD: PokeAHoleMaterial loaded successfully
[2022.11.21-19.23.07:907][  0]LogMoviePlayer: Initializing movie player
[2022.11.21-19.23.08:009][  0]LogNiagaraDebuggerClient: Niagara Debugger Client Initialized | Session: 80B6B7DC4872974117471FA76E1FA0B6 | Instance: 9E17378D486B3333425BB3BCC7B74DA9 (WT220-03-2784).
[2022.11.21-19.23.08:025][  0]LogCollectionManager: Loaded 0 collections in 0.001369 seconds
[2022.11.21-19.23.08:026][  0]LogFileCache: Scanning file cache for directory 'C:/Users/dros0008/Desktop/LevelDesign/SideScroller_V422/Saved/Collections/' took 0.00s
[2022.11.21-19.23.08:026][  0]LogFileCache: Scanning file cache for directory 'C:/Users/dros0008/Desktop/LevelDesign/SideScroller_V422/Content/Developers/dros0008/Collections/' took 0.00s
[2022.11.21-19.23.08:026][  0]LogCollectionManager: Fixed up redirectors for 0 collections in 0.000001 seconds (updated 0 objects)
[2022.11.21-19.23.08:046][  0]LogFileCache: Scanning file cache for directory 'C:/Users/dros0008/Desktop/LevelDesign/SideScroller_V422/Content/Collections/' took 0.00s
[2022.11.21-19.23.08:046][  0]LogPython: Using Python 3.7.7
[2022.11.21-19.23.08:499][  0]LogTcpMessaging: Initializing TcpMessaging bridge
[2022.11.21-19.23.08:503][  0]LogUdpMessaging: Initializing bridge on interface 0.0.0.0:0 to multicast group 230.0.0.1:6666.
[2022.11.21-19.23.08:590][  0]SourceControl: Source control is disabled
[2022.11.21-19.23.08:590][  0]SourceControl: Source control is disabled
[2022.11.21-19.23.08:593][  0]SourceControl: Source control is disabled
[2022.11.21-19.23.08:598][  0]LogUProjectInfo: Found projects:
[2022.11.21-19.23.08:662][  0]LogOpenImageDenoise: OIDN starting up
[2022.11.21-19.23.08:694][  0]LogAndroidPermission: UAndroidPermissionCallbackProxy::GetInstance
[2022.11.21-19.23.08:732][  0]LogAudioCaptureCore: Display: No Audio Capture implementations found. Audio input will be silent.
[2022.11.21-19.23.08:732][  0]LogAudioCaptureCore: Display: No Audio Capture implementations found. Audio input will be silent.
[2022.11.21-19.23.08:768][  0]LogOcInput: OculusInput pre-init called
[2022.11.21-19.23.08:776][  0]LogUObjectArray: 22163 objects as part of root set at end of initial load.
[2022.11.21-19.23.08:776][  0]LogUObjectAllocator: 5993712 out of 0 bytes used by permanent object pool.
[2022.11.21-19.23.08:776][  0]LogUObjectArray: CloseDisregardForGC: 0/0 objects in disregard for GC pool
[2022.11.21-19.23.08:814][  0]LogEngine: Initializing Engine...
[2022.11.21-19.23.08:816][  0]LogHMD: Failed to enumerate extensions. Please check that you have a valid OpenXR runtime installed.
[2022.11.21-19.23.08:816][  0]LogHMD: Failed to initialize OpenVR with code 110
[2022.11.21-19.23.08:816][  0]LogMagicLeap: Warning: VR disabled because ZI is not enabled.  To enable, in the editor, Edit -> Project Settings -> Plugins -> Magic Leap Plugin -> Enable Zero Iteration
[2022.11.21-19.23.08:817][  0]LogStats: UGameplayTagsManager::InitializeManager -  0.000 s
[2022.11.21-19.23.08:898][  0]LogInit: Initializing FReadOnlyCVARCache
[2022.11.21-19.23.08:898][  0]LogAudio: Display: Initializing Audio Device Manager...
[2022.11.21-19.23.08:901][  0]LogAudio: Display: Loading Default Audio Settings Objects...
[2022.11.21-19.23.08:902][  0]LogAudio: Display: No default SoundConcurrencyObject specified (or failed to load).
[2022.11.21-19.23.08:902][  0]LogAudio: Display: Audio Device Manager Initialized
[2022.11.21-19.23.08:902][  0]LogAudio: Display: Creating Audio Device:                 Id: 1, Scope: Shared, Realtime: True
[2022.11.21-19.23.08:902][  0]LogAudioMixer: Display: Audio Mixer Platform Settings:
[2022.11.21-19.23.08:902][  0]LogAudioMixer: Display: 	Sample Rate:						  48000
[2022.11.21-19.23.08:902][  0]LogAudioMixer: Display: 	Callback Buffer Frame Size Requested: 1024
[2022.11.21-19.23.08:902][  0]LogAudioMixer: Display: 	Callback Buffer Frame Size To Use:	  1024
[2022.11.21-19.23.08:902][  0]LogAudioMixer: Display: 	Number of buffers to queue:			  2
[2022.11.21-19.23.08:902][  0]LogAudioMixer: Display: 	Max Channels (voices):				  32
[2022.11.21-19.23.08:902][  0]LogAudioMixer: Display: 	Number of Async Source Workers:		  0
[2022.11.21-19.23.08:902][  0]LogAudio: Display: AudioDevice MaxSources: 32
[2022.11.21-19.23.08:903][  0]LogAudio: Display: Audio Spatialization Plugin: None (built-in).
[2022.11.21-19.23.08:903][  0]LogAudio: Display: Audio Reverb Plugin: None (built-in).
[2022.11.21-19.23.08:903][  0]LogAudio: Display: Audio Occlusion Plugin: None (built-in).
[2022.11.21-19.23.08:903][  0]LogAudioMixer: Display: Initializing audio mixer.
[2022.11.21-19.23.08:911][  0]LogAudioMixer: Display: 0: FrontLeft
[2022.11.21-19.23.08:911][  0]LogAudioMixer: Display: 1: FrontRight
[2022.11.21-19.23.08:925][  0]LogAudioMixer: Display: Using Audio Device DELL U2718Q (NVIDIA High Definition Audio)
[2022.11.21-19.23.08:929][  0]LogAudioMixer: Display: Initializing Sound Submixes...
[2022.11.21-19.23.08:930][  0]LogAudioMixer: Display: Creating Master Submix 'MasterSubmixDefault'
[2022.11.21-19.23.08:930][  0]LogAudioMixer: Display: Creating Master Submix 'MasterReverbSubmixDefault'
[2022.11.21-19.23.08:931][  0]LogAudioMixer: Display: Creating Master Submix 'MasterEQSubmixDefault'
[2022.11.21-19.23.08:931][  0]LogAudioMixer: FMixerPlatformXAudio2::StartAudioStream() called
[2022.11.21-19.23.08:931][  0]LogAudioMixer: Display: Output buffers initialized: Frames=1024, Channels=2, Samples=2048
[2022.11.21-19.23.08:932][  0]LogAudioMixer: Display: Starting AudioMixerPlatformInterface::RunInternal()
[2022.11.21-19.23.08:932][  0]LogAudioMixer: Display: FMixerPlatformXAudio2::SubmitBuffer() called for the first time
[2022.11.21-19.23.08:932][  0]LogInit: FAudioDevice initialized.
[2022.11.21-19.23.08:933][  0]LogNetVersion: Set ProjectVersion to 1.0.0.0. Version Checksum will be recalculated on next use.
[2022.11.21-19.23.08:934][  0]LogInit: Texture streaming: Enabled
[2022.11.21-19.23.08:984][  0]LogAudio: Display: Audio Device (ID: 1) registered with world 'Untitled'.
[2022.11.21-19.23.08:984][  0]LogSlate: Updating window title bar state: overlay mode, drag disabled, window buttons hidden, title bar hidden
[2022.11.21-19.23.08:985][  0]LogInit: Display: Game Engine Initialized.
[2022.11.21-19.23.08:985][  0]LogNiagaraEditor: GEditor isn't valid! Particle reset commands will not work for Niagara components!
[2022.11.21-19.23.09:080][  0]LogInit: Display: Starting Game.
[2022.11.21-19.23.09:080][  0]LogNet: Browse: /Game/SideScrollerBP/Maps/SideScrollerExampleMap?Name=Player
[2022.11.21-19.23.09:080][  0]LogLoad: LoadMap: /Game/SideScrollerBP/Maps/SideScrollerExampleMap?Name=Player
[2022.11.21-19.23.09:080][  0]LogWorld: BeginTearingDown for /Temp/Untitled_0
[2022.11.21-19.23.09:082][  0]LogWorld: UWorld::CleanupWorld for Untitled, bSessionEnded=true, bCleanupResources=true
[2022.11.21-19.23.09:082][  0]LogSlate: InvalidateAllWidgets triggered.  All widgets were invalidated
[2022.11.21-19.23.09:085][  0]LogAudio: Display: Audio Device unregistered from world 'None'.
[2022.11.21-19.23.09:088][  0]LogUObjectHash: Compacting FUObjectHashTables data took   0.62ms
[2022.11.21-19.23.09:217][  0]LogBlueprint: Warning: [AssetLog] C:\Users\dros0008\Desktop\LevelDesign\SideScroller_V422\Content\Custom_Blueprints\Puzzle_Elements\Sphere_Door.uasset: [Compiler] OnComponentBeginOverlap (Box)  does not have a valid matching component!
[2022.11.21-19.23.09:470][  0]LogAudio: Display: Audio Device (ID: 1) registered with world 'SideScrollerExampleMap'.
[2022.11.21-19.23.09:477][  0]LogAIModule: Creating AISystem for world SideScrollerExampleMap
[2022.11.21-19.23.09:479][  0]LogLoad: Game class is 'SideScrollerGameMode_C'
[2022.11.21-19.23.09:484][  0]LogWorld: Bringing World /Game/SideScrollerBP/Maps/SideScrollerExampleMap.SideScrollerExampleMap up for play (max tick rate 0) at 2022.11.21-14.23.09
[2022.11.21-19.23.09:486][  0]LogWorld: Bringing up level for play took: 0.006549
[2022.11.21-19.23.09:490][  0]LogLoad: Took 0.410064 seconds to LoadMap(/Game/SideScrollerBP/Maps/SideScrollerExampleMap)
[2022.11.21-19.23.09:538][  0]LogSlate: Took 0.000183 seconds to synchronously load lazily loaded font '../../../Engine/Content/Slate/Fonts/Roboto-Regular.ttf' (155K)
[2022.11.21-19.23.09:565][  0]LogRenderer: Reallocating scene render targets to support 1280x720 Format 10 NumSamples 1 (Frame:1).
[2022.11.21-19.23.09:565][  0]LogInit: Display: Engine is initialized. Leaving FEngineLoop::Init()
[2022.11.21-19.23.09:565][  0]LogLoad: (Engine Initialization) Total time: 4.73 seconds
[2022.11.21-19.23.09:565][  0]LogLoad: (Engine Initialization) Total Blueprint compile time: 0.00 seconds
[2022.11.21-19.23.09:567][  0]LogContentStreaming: Texture pool size now 1000 MB
[2022.11.21-19.23.09:570][  0]LogSlate: InvalidateAllWidgets triggered.  All widgets were invalidated
[2022.11.21-19.23.09:616][  0]LogRenderer: Reallocating scene render targets to support 128x128 Format 10 NumSamples 1 (Frame:1).
[2022.11.21-19.23.09:644][  0]LogRenderer: Reallocating scene render targets to support 1280x720 Format 10 NumSamples 1 (Frame:2).
[2022.11.21-19.23.09:655][  1]LogSlate: Took 0.000146 seconds to synchronously load lazily loaded font '../../../Engine/Content/Slate/Fonts/Roboto-Regular.ttf' (155K)
