Log file open, 11/21/22 14:35:45
LogWindows: Failed to load 'aqProf.dll' (GetLastError=126)
LogWindows: File 'aqProf.dll' does not exist
LogWindows: Failed to load 'VtuneApi.dll' (GetLastError=126)
LogWindows: File 'VtuneApi.dll' does not exist
LogWindows: Failed to load 'VtuneApi32e.dll' (GetLastError=126)
LogWindows: File 'VtuneApi32e.dll' does not exist
LogConsoleResponse: Display: Failed to find resolution value strings in scalability ini. Falling back to default.
LogConsoleResponse: Display: Failed to find resolution value strings in scalability ini. Falling back to default.
LogInit: Display: Running engine for game: SideScroller_V422_Fall2019
LogPlatformFile: Not using cached read wrapper
LogTaskGraph: Started task graph with 5 named threads and 26 total threads with 3 sets of task threads.
LogStats: Stats thread started at 0.201876
LogICUInternationalization: ICU TimeZone Detection - Raw Offset: -5:00, Platform Override: ''
LogInit: Display: Loading text-based GConfig....
LogPluginManager: Mounting plugin MeshPainting
LogPluginManager: Mounting plugin XGEController
LogPluginManager: Mounting plugin Paper2D
LogPluginManager: Mounting plugin LiveLink
LogPluginManager: Mounting plugin AISupport
LogPluginManager: Mounting plugin EnvironmentQueryEditor
LogPluginManager: Mounting plugin LightPropagationVolume
LogPluginManager: Mounting plugin CameraShakePreviewer
LogPluginManager: Mounting plugin GameplayCameras
LogPluginManager: Mounting plugin OodleData
LogPluginManager: Mounting plugin OodleNetwork
LogPluginManager: Mounting plugin AssetManagerEditor
LogPluginManager: Mounting plugin AnimationSharing
LogPluginManager: Mounting plugin CodeLiteSourceCodeAccess
LogPluginManager: Mounting plugin CLionSourceCodeAccess
LogPluginManager: Mounting plugin GitSourceControl
LogPluginManager: Mounting plugin KDevelopSourceCodeAccess
LogPluginManager: Mounting plugin NullSourceCodeAccess
LogPluginManager: Mounting plugin PerforceSourceControl
LogPluginManager: Mounting plugin PixWinPlugin
LogPluginManager: Mounting plugin PlasticSourceControl
LogPluginManager: Mounting plugin PropertyAccessNode
LogPluginManager: Mounting plugin PluginUtils
LogPluginManager: Mounting plugin RiderSourceCodeAccess
LogPluginManager: Mounting plugin SubversionSourceControl
LogPluginManager: Mounting plugin TextureFormatOodle
LogPluginManager: Mounting plugin UObjectPlugin
LogPluginManager: Mounting plugin VisualStudioCodeSourceCodeAccess
LogPluginManager: Mounting plugin VisualStudioSourceCodeAccess
LogPluginManager: Mounting plugin XCodeSourceCodeAccess
LogPluginManager: Mounting plugin CryptoKeys
LogPluginManager: Mounting plugin CurveEditorTools
LogPluginManager: Mounting plugin FacialAnimation
LogPluginManager: Mounting plugin GameplayTagsEditor
LogPluginManager: Mounting plugin DataValidation
LogPluginManager: Mounting plugin GeometryMode
LogPluginManager: Mounting plugin MacGraphicsSwitching
LogPluginManager: Mounting plugin MaterialAnalyzer
LogPluginManager: Mounting plugin PluginBrowser
LogPluginManager: Mounting plugin MobileLauncherProfileWizard
LogPluginManager: Mounting plugin SpeedTreeImporter
LogPluginManager: Mounting plugin Niagara
LogPluginManager: Mounting plugin AlembicImporter
LogPluginManager: Mounting plugin AutomationUtils
LogPluginManager: Mounting plugin BackChannel
LogPluginManager: Mounting plugin ChaosCloth
LogPluginManager: Mounting plugin ChaosClothEditor
LogPluginManager: Mounting plugin ChaosEditor
LogPluginManager: Mounting plugin ChaosNiagara
LogPluginManager: Mounting plugin ChaosSolverPlugin
LogPluginManager: Mounting plugin CharacterAI
LogPluginManager: Mounting plugin GeometryCache
LogPluginManager: Mounting plugin GeometryCollectionPlugin
LogPluginManager: Mounting plugin DatasmithContent
LogPluginManager: Mounting plugin VariantManagerContent
LogPluginManager: Mounting plugin AndroidMedia
LogPluginManager: Mounting plugin AvfMedia
LogPluginManager: Mounting plugin ImgMedia
LogPluginManager: Mounting plugin MediaCompositing
LogPluginManager: Mounting plugin MediaPlayerEditor
LogPluginManager: Mounting plugin WebMMedia
LogPluginManager: Mounting plugin WmfMedia
LogPluginManager: Mounting plugin GeometryProcessing
LogPluginManager: Mounting plugin MotoSynth
LogPluginManager: Mounting plugin OpenImageDenoise
LogPluginManager: Mounting plugin PlanarCut
LogPluginManager: Mounting plugin PlatformCrypto
LogPluginManager: Mounting plugin ProxyLODPlugin
LogPluginManager: Mounting plugin PythonScriptPlugin
LogPluginManager: Mounting plugin SkeletalReduction
LogPluginManager: Mounting plugin LuminPlatformFeatures
LogPluginManager: Mounting plugin MagicLeap
LogPluginManager: Mounting plugin MagicLeapLightEstimation
LogPluginManager: Mounting plugin MagicLeapMedia
LogPluginManager: Mounting plugin MagicLeapPassableWorld
LogPluginManager: Mounting plugin MLSDK
LogPluginManager: Mounting plugin TcpMessaging
LogPluginManager: Mounting plugin UdpMessaging
LogPluginManager: Mounting plugin ActorSequence
LogPluginManager: Mounting plugin LevelSequenceEditor
LogPluginManager: Mounting plugin MatineeToLevelSequence
LogPluginManager: Mounting plugin TemplateSequence
LogPluginManager: Mounting plugin OnlineSubsystem
LogPluginManager: Mounting plugin OnlineSubsystemNull
LogPluginManager: Mounting plugin OnlineSubsystemUtils
LogPluginManager: Mounting plugin LauncherChunkInstaller
LogPluginManager: Mounting plugin ActorLayerUtilities
LogPluginManager: Mounting plugin AndroidDeviceProfileSelector
LogPluginManager: Mounting plugin AndroidMoviePlayer
LogPluginManager: Mounting plugin AndroidPermission
LogPluginManager: Mounting plugin ApexDestruction
LogPluginManager: Mounting plugin AppleImageUtils
LogPluginManager: Mounting plugin AppleMoviePlayer
LogPluginManager: Mounting plugin ArchVisCharacter
LogPluginManager: Mounting plugin AssetTags
LogPluginManager: Mounting plugin AudioCapture
LogPluginManager: Mounting plugin AudioSynesthesia
LogPluginManager: Mounting plugin CableComponent
LogPluginManager: Mounting plugin ChunkDownloader
LogPluginManager: Mounting plugin CustomMeshComponent
LogPluginManager: Mounting plugin EditableMesh
LogPluginManager: Mounting plugin ExampleDeviceProfileSelector
LogPluginManager: Mounting plugin GoogleCloudMessaging
LogPluginManager: Mounting plugin GooglePAD
LogPluginManager: Mounting plugin IOSDeviceProfileSelector
LogPluginManager: Mounting plugin LinuxDeviceProfileSelector
LogPluginManager: Mounting plugin LocationServicesBPLibrary
LogPluginManager: Mounting plugin MobilePatchingUtils
LogPluginManager: Mounting plugin OpenXR
LogPluginManager: Mounting plugin OpenXREyeTracker
LogPluginManager: Mounting plugin OpenXRHandTracking
LogPluginManager: Mounting plugin PhysXVehicles
LogPluginManager: Mounting plugin ScreenshotTools
LogPluginManager: Mounting plugin PostSplashScreen
LogPluginManager: Mounting plugin ProceduralMeshComponent
LogPluginManager: Mounting plugin PropertyAccessEditor
LogPluginManager: Mounting plugin RuntimePhysXCooking
LogPluginManager: Mounting plugin SignificanceManager
LogPluginManager: Mounting plugin SoundFields
LogPluginManager: Mounting plugin Synthesis
LogPluginManager: Mounting plugin WebMMoviePlayer
LogPluginManager: Mounting plugin WindowsMoviePlayer
LogPluginManager: Mounting plugin Takes
LogPluginManager: Mounting plugin ContentBrowserAssetDataSource
LogPluginManager: Mounting plugin ContentBrowserClassDataSource
LogPluginManager: Mounting plugin ContentBrowserFileDataSource
LogPluginManager: Mounting plugin OnlineSubsystemGooglePlay
LogPluginManager: Mounting plugin OnlineSubsystemIOS
LogPluginManager: Mounting plugin OculusVR
LogPluginManager: Mounting plugin SteamVR
PixWinPlugin: PIX capture plugin failed to initialize! Check that the process is launched from PIX.
LogInit: Using libcurl 7.55.1-DEV
LogInit:  - built for x86_64-pc-win32
LogInit:  - supports SSL with OpenSSL/1.1.1
LogInit:  - supports HTTP deflate (compression) using libz 1.2.8
LogInit:  - other features:
LogInit:      CURL_VERSION_SSL
LogInit:      CURL_VERSION_LIBZ
LogInit:      CURL_VERSION_IPV6
LogInit:      CURL_VERSION_ASYNCHDNS
LogInit:      CURL_VERSION_LARGEFILE
LogInit:      CURL_VERSION_IDN
LogInit:  CurlRequestOptions (configurable via config and command line):
LogInit:  - bVerifyPeer = true  - Libcurl will verify peer certificate
LogInit:  - bUseHttpProxy = false  - Libcurl will NOT use HTTP proxy
LogInit:  - bDontReuseConnections = false  - Libcurl will reuse connections
LogInit:  - MaxHostConnections = 16  - Libcurl will limit the number of connections to a host
LogInit:  - LocalHostAddr = Default
LogInit:  - BufferSize = 65536
LogOnline: OSS: Creating online subsystem instance for: NULL
LogInit: WinSock: version 1.1 (2.2), MaxSocks=32767, MaxUdp=65467
LogOnline: OSS: TryLoadSubsystemAndSetDefault: Loaded subsystem for module [NULL]
LogOculusPluginWrapper: OculusPlugin initialized successfully
LogHMD: Failed initializing OVRPlugin 1.59.0
LogInit: Build: ++UE4+Release-4.27-CL-18319896
LogInit: Engine Version: 4.27.2-18319896+++UE4+Release-4.27
LogInit: Compatible Engine Version: 4.27.0-17155196+++UE4+Release-4.27
LogInit: Net CL: 17155196
LogInit: OS: Windows 10 (Release 2009) (), CPU: Intel(R) Core(TM) i7-9700K CPU @ 3.60GHz, GPU: NVIDIA GeForce RTX 2070
LogInit: Compiled (64-bit): Nov 30 2021 07:12:08
LogInit: Compiled with Visual C++: 19.24.28315.00
LogInit: Build Configuration: Development
LogInit: Branch Name: ++UE4+Release-4.27
LogInit: Command Line:  /Game/SideScrollerBP/Maps/SideScrollerExampleMap -game -PIEVIACONSOLE -Multiprocess GameUserSettingsINI=C:/Users/dros0008/Desktop/LevelDesign/SideScroller_V422/Saved/Config/Windows/PIEGameUserSettings0.ini -MultiprocessSaveConfig -forcepassthrough -messaging -SessionName="Play in Standalone Game" -windowed -WinX=315 -WinY=179 SAVEWINPOS=1 -ResX=1280 -ResY=720
LogInit: Base Directory: C:/Program Files/Epic Games/UE_4.27/Engine/Binaries/Win64/
LogInit: Allocator: TBB
LogInit: Installed Engine Build: 1
LogDevObjectVersion: Number of dev versions registered: 29
LogDevObjectVersion:   Dev-Blueprints (B0D832E4-1F89-4F0D-ACCF-7EB736FD4AA2): 10
LogDevObjectVersion:   Dev-Build (E1C64328-A22C-4D53-A36C-8E866417BD8C): 0
LogDevObjectVersion:   Dev-Core (375EC13C-06E4-48FB-B500-84F0262A717E): 4
LogDevObjectVersion:   Dev-Editor (E4B068ED-F494-42E9-A231-DA0B2E46BB41): 40
LogDevObjectVersion:   Dev-Framework (CFFC743F-43B0-4480-9391-14DF171D2073): 37
LogDevObjectVersion:   Dev-Mobile (B02B49B5-BB20-44E9-A304-32B752E40360): 3
LogDevObjectVersion:   Dev-Networking (A4E4105C-59A1-49B5-A7C5-40C4547EDFEE): 0
LogDevObjectVersion:   Dev-Online (39C831C9-5AE6-47DC-9A44-9C173E1C8E7C): 0
LogDevObjectVersion:   Dev-Physics (78F01B33-EBEA-4F98-B9B4-84EACCB95AA2): 14
LogDevObjectVersion:   Dev-Platform (6631380F-2D4D-43E0-8009-CF276956A95A): 0
LogDevObjectVersion:   Dev-Rendering (12F88B9F-8875-4AFC-A67C-D90C383ABD29): 45
LogDevObjectVersion:   Dev-Sequencer (7B5AE74C-D270-4C10-A958-57980B212A5A): 13
LogDevObjectVersion:   Dev-VR (D7296918-1DD6-4BDD-9DE2-64A83CC13884): 3
LogDevObjectVersion:   Dev-LoadTimes (C2A15278-BFE7-4AFE-6C17-90FF531DF755): 1
LogDevObjectVersion:   Private-Geometry (6EACA3D4-40EC-4CC1-B786-8BED09428FC5): 3
LogDevObjectVersion:   Dev-AnimPhys (29E575DD-E0A3-4627-9D10-D276232CDCEA): 17
LogDevObjectVersion:   Dev-Anim (AF43A65D-7FD3-4947-9873-3E8ED9C1BB05): 15
LogDevObjectVersion:   Dev-ReflectionCapture (6B266CEC-1EC7-4B8F-A30B-E4D90942FC07): 1
LogDevObjectVersion:   Dev-Automation (0DF73D61-A23F-47EA-B727-89E90C41499A): 1
LogDevObjectVersion:   FortniteMain (601D1886-AC64-4F84-AA16-D3DE0DEAC7D6): 47
LogDevObjectVersion:   FortniteRelease (E7086368-6B23-4C58-8439-1B7016265E91): 1
LogDevObjectVersion:   Dev-Enterprise (9DFFBCD6-494F-0158-E221-12823C92A888): 10
LogDevObjectVersion:   Dev-Niagara (F2AED0AC-9AFE-416F-8664-AA7FFA26D6FC): 1
LogDevObjectVersion:   Dev-Destruction (174F1F0B-B4C6-45A5-B13F-2EE8D0FB917D): 10
LogDevObjectVersion:   Dev-Physics-Ext (35F94A83-E258-406C-A318-09F59610247C): 41
LogDevObjectVersion:   Dev-PhysicsMaterial-Chaos (B68FC16E-8B1B-42E2-B453-215C058844FE): 1
LogDevObjectVersion:   Dev-CineCamera (B2E18506-4273-CFC2-A54E-F4BB758BBA07): 1
LogDevObjectVersion:   Dev-VirtualProduction (64F58936-FD1B-42BA-BA96-7289D5D0FA4E): 1
LogDevObjectVersion:   Dev-MediaFramework (6F0ED827-A609-4895-9C91-998D90180EA4): 2
LogInit: Presizing for max 25165824 objects, including 0 objects not considered by GC, pre-allocating 0 bytes for permanent pool.
LogConfig: Applying CVar settings from Section [/Script/Engine.StreamingSettings] File [C:/Users/dros0008/Desktop/LevelDesign/SideScroller_V422/Saved/Config/Windows/Engine.ini]
LogConfig: Setting CVar [[s.MinBulkDataSizeForAsyncLoading:131072]]
LogConfig: Setting CVar [[s.AsyncLoadingThreadEnabled:0]]
LogConfig: Setting CVar [[s.EventDrivenLoaderEnabled:1]]
LogConfig: Setting CVar [[s.WarnIfTimeLimitExceeded:0]]
LogConfig: Setting CVar [[s.TimeLimitExceededMultiplier:1.5]]
LogConfig: Setting CVar [[s.TimeLimitExceededMinTime:0.005]]
LogConfig: Setting CVar [[s.UseBackgroundLevelStreaming:1]]
LogConfig: Setting CVar [[s.PriorityAsyncLoadingExtraTime:15.0]]
LogConfig: Setting CVar [[s.LevelStreamingActorsUpdateTimeLimit:5.0]]
LogConfig: Setting CVar [[s.PriorityLevelStreamingActorsUpdateExtraTime:5.0]]
LogConfig: Setting CVar [[s.LevelStreamingComponentsRegistrationGranularity:10]]
LogConfig: Setting CVar [[s.UnregisterComponentsTimeLimit:1.0]]
LogConfig: Setting CVar [[s.LevelStreamingComponentsUnregistrationGranularity:5]]
LogConfig: Setting CVar [[s.FlushStreamingOnExit:1]]
LogInit: Object subsystem initialized
LogConfig: Setting CVar [[con.DebugEarlyDefault:1]]
LogConfig: Setting CVar [[r.setres:1280x720]]
[2022.11.21-19.35.45:751][  0]LogConfig: Setting CVar [[con.DebugEarlyDefault:1]]
[2022.11.21-19.35.45:751][  0]LogConfig: Setting CVar [[r.setres:1280x720]]
[2022.11.21-19.35.45:751][  0]LogConfig: Applying CVar settings from Section [/Script/Engine.RendererSettings] File [C:/Users/dros0008/Desktop/LevelDesign/SideScroller_V422/Saved/Config/Windows/Engine.ini]
[2022.11.21-19.35.45:751][  0]LogConfig: Setting CVar [[r.GPUCrashDebugging:0]]
[2022.11.21-19.35.45:751][  0]LogConfig: Applying CVar settings from Section [/Script/Engine.RendererOverrideSettings] File [C:/Users/dros0008/Desktop/LevelDesign/SideScroller_V422/Saved/Config/Windows/Engine.ini]
[2022.11.21-19.35.45:751][  0]LogConfig: Applying CVar settings from Section [/Script/Engine.StreamingSettings] File [C:/Users/dros0008/Desktop/LevelDesign/SideScroller_V422/Saved/Config/Windows/Engine.ini]
[2022.11.21-19.35.45:751][  0]LogConfig: Setting CVar [[s.MinBulkDataSizeForAsyncLoading:131072]]
[2022.11.21-19.35.45:751][  0]LogConfig: Setting CVar [[s.AsyncLoadingThreadEnabled:0]]
[2022.11.21-19.35.45:751][  0]LogConfig: Setting CVar [[s.EventDrivenLoaderEnabled:1]]
[2022.11.21-19.35.45:751][  0]LogConfig: Setting CVar [[s.WarnIfTimeLimitExceeded:0]]
[2022.11.21-19.35.45:751][  0]LogConfig: Setting CVar [[s.TimeLimitExceededMultiplier:1.5]]
[2022.11.21-19.35.45:751][  0]LogConfig: Setting CVar [[s.TimeLimitExceededMinTime:0.005]]
[2022.11.21-19.35.45:751][  0]LogConfig: Setting CVar [[s.UseBackgroundLevelStreaming:1]]
[2022.11.21-19.35.45:751][  0]LogConfig: Setting CVar [[s.PriorityAsyncLoadingExtraTime:15.0]]
[2022.11.21-19.35.45:751][  0]LogConfig: Setting CVar [[s.LevelStreamingActorsUpdateTimeLimit:5.0]]
[2022.11.21-19.35.45:751][  0]LogConfig: Setting CVar [[s.PriorityLevelStreamingActorsUpdateExtraTime:5.0]]
[2022.11.21-19.35.45:751][  0]LogConfig: Setting CVar [[s.LevelStreamingComponentsRegistrationGranularity:10]]
[2022.11.21-19.35.45:751][  0]LogConfig: Setting CVar [[s.UnregisterComponentsTimeLimit:1.0]]
[2022.11.21-19.35.45:751][  0]LogConfig: Setting CVar [[s.LevelStreamingComponentsUnregistrationGranularity:5]]
[2022.11.21-19.35.45:751][  0]LogConfig: Setting CVar [[s.FlushStreamingOnExit:1]]
[2022.11.21-19.35.45:751][  0]LogConfig: Applying CVar settings from Section [/Script/Engine.GarbageCollectionSettings] File [C:/Users/dros0008/Desktop/LevelDesign/SideScroller_V422/Saved/Config/Windows/Engine.ini]
[2022.11.21-19.35.45:751][  0]LogConfig: Setting CVar [[gc.MaxObjectsNotConsideredByGC:1]]
[2022.11.21-19.35.45:751][  0]LogConfig: Setting CVar [[gc.SizeOfPermanentObjectPool:0]]
[2022.11.21-19.35.45:751][  0]LogConfig: Setting CVar [[gc.FlushStreamingOnGC:0]]
[2022.11.21-19.35.45:751][  0]LogConfig: Setting CVar [[gc.NumRetriesBeforeForcingGC:10]]
[2022.11.21-19.35.45:751][  0]LogConfig: Setting CVar [[gc.AllowParallelGC:1]]
[2022.11.21-19.35.45:751][  0]LogConfig: Setting CVar [[gc.TimeBetweenPurgingPendingKillObjects:61.1]]
[2022.11.21-19.35.45:751][  0]LogConfig: Setting CVar [[gc.MaxObjectsInEditor:25165824]]
[2022.11.21-19.35.45:751][  0]LogConfig: Setting CVar [[gc.IncrementalBeginDestroyEnabled:1]]
[2022.11.21-19.35.45:751][  0]LogConfig: Setting CVar [[gc.CreateGCClusters:1]]
[2022.11.21-19.35.45:751][  0]LogConfig: Setting CVar [[gc.MinGCClusterSize:5]]
[2022.11.21-19.35.45:751][  0]LogConfig: Setting CVar [[gc.ActorClusteringEnabled:0]]
[2022.11.21-19.35.45:751][  0]LogConfig: Setting CVar [[gc.BlueprintClusteringEnabled:0]]
[2022.11.21-19.35.45:751][  0]LogConfig: Setting CVar [[gc.UseDisregardForGCOnDedicatedServers:0]]
[2022.11.21-19.35.45:751][  0]LogConfig: Setting CVar [[gc.MultithreadedDestructionEnabled:1]]
[2022.11.21-19.35.45:751][  0]LogConfig: Applying CVar settings from Section [/Script/Engine.NetworkSettings] File [C:/Users/dros0008/Desktop/LevelDesign/SideScroller_V422/Saved/Config/Windows/Engine.ini]
[2022.11.21-19.35.45:751][  0]LogConfig: Applying CVar settings from Section [/Script/UnrealEd.CookerSettings] File [C:/Users/dros0008/Desktop/LevelDesign/SideScroller_V422/Saved/Config/Windows/Engine.ini]
[2022.11.21-19.35.45:762][  0]LogConfig: Applying CVar settings from Section [ViewDistanceQuality@3] File [C:/Users/dros0008/Desktop/LevelDesign/SideScroller_V422/Saved/Config/Windows/Scalability.ini]
[2022.11.21-19.35.45:762][  0]LogConfig: Setting CVar [[r.SkeletalMeshLODBias:0]]
[2022.11.21-19.35.45:762][  0]LogConfig: Setting CVar [[r.ViewDistanceScale:1.0]]
[2022.11.21-19.35.45:762][  0]LogConfig: Applying CVar settings from Section [AntiAliasingQuality@3] File [C:/Users/dros0008/Desktop/LevelDesign/SideScroller_V422/Saved/Config/Windows/Scalability.ini]
[2022.11.21-19.35.45:762][  0]LogConfig: Setting CVar [[r.PostProcessAAQuality:4]]
[2022.11.21-19.35.45:762][  0]LogConfig: Applying CVar settings from Section [ShadowQuality@3] File [C:/Users/dros0008/Desktop/LevelDesign/SideScroller_V422/Saved/Config/Windows/Scalability.ini]
[2022.11.21-19.35.45:762][  0]LogConfig: Setting CVar [[r.LightFunctionQuality:1]]
[2022.11.21-19.35.45:762][  0]LogConfig: Setting CVar [[r.ShadowQuality:5]]
[2022.11.21-19.35.45:762][  0]LogConfig: Setting CVar [[r.Shadow.CSM.MaxCascades:10]]
[2022.11.21-19.35.45:762][  0]LogConfig: Setting CVar [[r.Shadow.MaxResolution:2048]]
[2022.11.21-19.35.45:762][  0]LogConfig: Setting CVar [[r.Shadow.MaxCSMResolution:2048]]
[2022.11.21-19.35.45:762][  0]LogConfig: Setting CVar [[r.Shadow.RadiusThreshold:0.01]]
[2022.11.21-19.35.45:762][  0]LogConfig: Setting CVar [[r.Shadow.DistanceScale:1.0]]
[2022.11.21-19.35.45:762][  0]LogConfig: Setting CVar [[r.Shadow.CSM.TransitionScale:1.0]]
[2022.11.21-19.35.45:762][  0]LogConfig: Setting CVar [[r.Shadow.PreShadowResolutionFactor:1.0]]
[2022.11.21-19.35.45:762][  0]LogConfig: Setting CVar [[r.DistanceFieldShadowing:1]]
[2022.11.21-19.35.45:762][  0]LogConfig: Setting CVar [[r.DistanceFieldAO:1]]
[2022.11.21-19.35.45:762][  0]LogConfig: Setting CVar [[r.AOQuality:2]]
[2022.11.21-19.35.45:762][  0]LogConfig: Setting CVar [[r.VolumetricFog:1]]
[2022.11.21-19.35.45:762][  0]LogConfig: Setting CVar [[r.VolumetricFog.GridPixelSize:8]]
[2022.11.21-19.35.45:762][  0]LogConfig: Setting CVar [[r.VolumetricFog.GridSizeZ:128]]
[2022.11.21-19.35.45:762][  0]LogConfig: Setting CVar [[r.VolumetricFog.HistoryMissSupersampleCount:4]]
[2022.11.21-19.35.45:762][  0]LogConfig: Setting CVar [[r.LightMaxDrawDistanceScale:1]]
[2022.11.21-19.35.45:762][  0]LogConfig: Setting CVar [[r.CapsuleShadows:1]]
[2022.11.21-19.35.45:762][  0]LogConfig: Applying CVar settings from Section [PostProcessQuality@3] File [C:/Users/dros0008/Desktop/LevelDesign/SideScroller_V422/Saved/Config/Windows/Scalability.ini]
[2022.11.21-19.35.45:762][  0]LogConfig: Setting CVar [[r.MotionBlurQuality:4]]
[2022.11.21-19.35.45:762][  0]LogConfig: Setting CVar [[r.AmbientOcclusionMipLevelFactor:0.4]]
[2022.11.21-19.35.45:762][  0]LogConfig: Setting CVar [[r.AmbientOcclusionMaxQuality:100]]
[2022.11.21-19.35.45:762][  0]LogConfig: Setting CVar [[r.AmbientOcclusionLevels:-1]]
[2022.11.21-19.35.45:762][  0]LogConfig: Setting CVar [[r.AmbientOcclusionRadiusScale:1.0]]
[2022.11.21-19.35.45:762][  0]LogConfig: Setting CVar [[r.DepthOfFieldQuality:2]]
[2022.11.21-19.35.45:762][  0]LogConfig: Setting CVar [[r.RenderTargetPoolMin:400]]
[2022.11.21-19.35.45:762][  0]LogConfig: Setting CVar [[r.LensFlareQuality:2]]
[2022.11.21-19.35.45:762][  0]LogConfig: Setting CVar [[r.SceneColorFringeQuality:1]]
[2022.11.21-19.35.45:762][  0]LogConfig: Setting CVar [[r.EyeAdaptationQuality:2]]
[2022.11.21-19.35.45:762][  0]LogConfig: Setting CVar [[r.BloomQuality:5]]
[2022.11.21-19.35.45:762][  0]LogConfig: Setting CVar [[r.FastBlurThreshold:100]]
[2022.11.21-19.35.45:762][  0]LogConfig: Setting CVar [[r.Upscale.Quality:3]]
[2022.11.21-19.35.45:762][  0]LogConfig: Setting CVar [[r.Tonemapper.GrainQuantization:1]]
[2022.11.21-19.35.45:762][  0]LogConfig: Setting CVar [[r.LightShaftQuality:1]]
[2022.11.21-19.35.45:762][  0]LogConfig: Setting CVar [[r.Filter.SizeScale:1]]
[2022.11.21-19.35.45:762][  0]LogConfig: Setting CVar [[r.Tonemapper.Quality:5]]
[2022.11.21-19.35.45:762][  0]LogConfig: Setting CVar [[r.DOF.Gather.AccumulatorQuality:1        ; higher gathering accumulator quality]]
[2022.11.21-19.35.45:762][  0]LogConfig: Setting CVar [[r.DOF.Gather.PostfilterMethod:1          ; Median3x3 postfilering method]]
[2022.11.21-19.35.45:762][  0]LogConfig: Setting CVar [[r.DOF.Gather.EnableBokehSettings:0       ; no bokeh simulation when gathering]]
[2022.11.21-19.35.45:762][  0]LogConfig: Setting CVar [[r.DOF.Gather.RingCount:4                 ; medium number of samples when gathering]]
[2022.11.21-19.35.45:762][  0]LogConfig: Setting CVar [[r.DOF.Scatter.ForegroundCompositing:1    ; additive foreground scattering]]
[2022.11.21-19.35.45:762][  0]LogConfig: Setting CVar [[r.DOF.Scatter.BackgroundCompositing:2    ; additive background scattering]]
[2022.11.21-19.35.45:762][  0]LogConfig: Setting CVar [[r.DOF.Scatter.EnableBokehSettings:1      ; bokeh simulation when scattering]]
[2022.11.21-19.35.45:762][  0]LogConfig: Setting CVar [[r.DOF.Scatter.MaxSpriteRatio:0.1         ; only a maximum of 10% of scattered bokeh]]
[2022.11.21-19.35.45:762][  0]LogConfig: Setting CVar [[r.DOF.Recombine.Quality:1                ; cheap slight out of focus]]
[2022.11.21-19.35.45:762][  0]LogConfig: Setting CVar [[r.DOF.Recombine.EnableBokehSettings:0    ; no bokeh simulation on slight out of focus]]
[2022.11.21-19.35.45:762][  0]LogConfig: Setting CVar [[r.DOF.TemporalAAQuality:1                ; more stable temporal accumulation]]
[2022.11.21-19.35.45:762][  0]LogConfig: Setting CVar [[r.DOF.Kernel.MaxForegroundRadius:0.025]]
[2022.11.21-19.35.45:762][  0]LogConfig: Setting CVar [[r.DOF.Kernel.MaxBackgroundRadius:0.025]]
[2022.11.21-19.35.45:762][  0]LogConfig: Applying CVar settings from Section [TextureQuality@3] File [C:/Users/dros0008/Desktop/LevelDesign/SideScroller_V422/Saved/Config/Windows/Scalability.ini]
[2022.11.21-19.35.45:762][  0]LogConfig: Setting CVar [[r.Streaming.MipBias:0]]
[2022.11.21-19.35.45:762][  0]LogConfig: Setting CVar [[r.Streaming.AmortizeCPUToGPUCopy:0]]
[2022.11.21-19.35.45:762][  0]LogConfig: Setting CVar [[r.Streaming.MaxNumTexturesToStreamPerFrame:0]]
[2022.11.21-19.35.45:762][  0]LogConfig: Setting CVar [[r.Streaming.Boost:1]]
[2022.11.21-19.35.45:762][  0]LogConfig: Setting CVar [[r.MaxAnisotropy:8]]
[2022.11.21-19.35.45:762][  0]LogConfig: Setting CVar [[r.VT.MaxAnisotropy:8]]
[2022.11.21-19.35.45:762][  0]LogConfig: Setting CVar [[r.Streaming.LimitPoolSizeToVRAM:0]]
[2022.11.21-19.35.45:762][  0]LogConfig: Setting CVar [[r.Streaming.PoolSize:1000]]
[2022.11.21-19.35.45:762][  0]LogConfig: Setting CVar [[r.Streaming.MaxEffectiveScreenSize:0]]
[2022.11.21-19.35.45:762][  0]LogConfig: Applying CVar settings from Section [EffectsQuality@3] File [C:/Users/dros0008/Desktop/LevelDesign/SideScroller_V422/Saved/Config/Windows/Scalability.ini]
[2022.11.21-19.35.45:762][  0]LogConfig: Setting CVar [[r.TranslucencyLightingVolumeDim:64]]
[2022.11.21-19.35.45:762][  0]LogConfig: Setting CVar [[r.RefractionQuality:2]]
[2022.11.21-19.35.45:762][  0]LogConfig: Setting CVar [[r.SSR.Quality:3]]
[2022.11.21-19.35.45:762][  0]LogConfig: Setting CVar [[r.SSR.HalfResSceneColor:0]]
[2022.11.21-19.35.45:762][  0]LogConfig: Setting CVar [[r.SceneColorFormat:4]]
[2022.11.21-19.35.45:762][  0]LogConfig: Setting CVar [[r.DetailMode:2]]
[2022.11.21-19.35.45:762][  0]LogConfig: Setting CVar [[r.TranslucencyVolumeBlur:1]]
[2022.11.21-19.35.45:762][  0]LogConfig: Setting CVar [[r.MaterialQualityLevel:1 ; High quality]]
[2022.11.21-19.35.45:762][  0]LogConfig: Setting CVar [[r.AnisotropicMaterials:1]]
[2022.11.21-19.35.45:762][  0]LogConfig: Setting CVar [[r.SSS.Scale:1]]
[2022.11.21-19.35.45:762][  0]LogConfig: Setting CVar [[r.SSS.SampleSet:2]]
[2022.11.21-19.35.45:762][  0]LogConfig: Setting CVar [[r.SSS.Quality:1]]
[2022.11.21-19.35.45:762][  0]LogConfig: Setting CVar [[r.SSS.HalfRes:0]]
[2022.11.21-19.35.45:762][  0]LogConfig: Setting CVar [[r.SSGI.Quality:3]]
[2022.11.21-19.35.45:762][  0]LogConfig: Setting CVar [[r.EmitterSpawnRateScale:1.0]]
[2022.11.21-19.35.45:762][  0]LogConfig: Setting CVar [[r.ParticleLightQuality:2]]
[2022.11.21-19.35.45:762][  0]LogConfig: Setting CVar [[r.SkyAtmosphere.AerialPerspectiveLUT.FastApplyOnOpaque:1 ; Always have FastSkyLUT 1 in this case to avoid wrong sky]]
[2022.11.21-19.35.45:762][  0]LogConfig: Setting CVar [[r.SkyAtmosphere.AerialPerspectiveLUT.SampleCountMaxPerSlice:4]]
[2022.11.21-19.35.45:762][  0]LogConfig: Setting CVar [[r.SkyAtmosphere.AerialPerspectiveLUT.DepthResolution:16.0]]
[2022.11.21-19.35.45:762][  0]LogConfig: Setting CVar [[r.SkyAtmosphere.FastSkyLUT:1]]
[2022.11.21-19.35.45:762][  0]LogConfig: Setting CVar [[r.SkyAtmosphere.FastSkyLUT.SampleCountMin:4.0]]
[2022.11.21-19.35.45:762][  0]LogConfig: Setting CVar [[r.SkyAtmosphere.FastSkyLUT.SampleCountMax:128.0]]
[2022.11.21-19.35.45:762][  0]LogConfig: Setting CVar [[r.SkyAtmosphere.SampleCountMin:4.0]]
[2022.11.21-19.35.45:762][  0]LogConfig: Setting CVar [[r.SkyAtmosphere.SampleCountMax:128.0]]
[2022.11.21-19.35.45:762][  0]LogConfig: Setting CVar [[r.SkyAtmosphere.TransmittanceLUT.UseSmallFormat:0]]
[2022.11.21-19.35.45:762][  0]LogConfig: Setting CVar [[r.SkyAtmosphere.TransmittanceLUT.SampleCount:10.0]]
[2022.11.21-19.35.45:762][  0]LogConfig: Setting CVar [[r.SkyAtmosphere.MultiScatteringLUT.SampleCount:15.0]]
[2022.11.21-19.35.45:762][  0]LogConfig: Setting CVar [[r.SkyLight.RealTimeReflectionCapture:1]]
[2022.11.21-19.35.45:762][  0]LogConfig: Applying CVar settings from Section [FoliageQuality@3] File [C:/Users/dros0008/Desktop/LevelDesign/SideScroller_V422/Saved/Config/Windows/Scalability.ini]
[2022.11.21-19.35.45:762][  0]LogConfig: Setting CVar [[foliage.DensityScale:1.0]]
[2022.11.21-19.35.45:762][  0]LogConfig: Setting CVar [[grass.DensityScale:1.0]]
[2022.11.21-19.35.45:762][  0]LogConfig: Applying CVar settings from Section [ShadingQuality@3] File [C:/Users/dros0008/Desktop/LevelDesign/SideScroller_V422/Saved/Config/Windows/Scalability.ini]
[2022.11.21-19.35.45:762][  0]LogConfig: Setting CVar [[r.HairStrands.SkyLighting.IntegrationType:2]]
[2022.11.21-19.35.45:762][  0]LogConfig: Setting CVar [[r.HairStrands.SkyAO.SampleCount:4]]
[2022.11.21-19.35.45:762][  0]LogConfig: Setting CVar [[r.HairStrands.Visibility.MSAA.SamplePerPixel:4]]
[2022.11.21-19.35.45:762][  0]LogInit: Selected Device Profile: [Windows]
[2022.11.21-19.35.45:762][  0]LogInit: Applying CVar settings loaded from the selected device profile: [Windows]
[2022.11.21-19.35.45:762][  0]LogHAL: Display: Platform has ~ 16 GB [17096134656 / 17179869184 / 16], which maps to Larger [LargestMinGB=32, LargerMinGB=12, DefaultMinGB=8, SmallerMinGB=6, SmallestMinGB=0)
[2022.11.21-19.35.45:763][  0]LogInit: Going up to parent DeviceProfile []
[2022.11.21-19.35.45:763][  0]LogConfig: Applying CVar settings from Section [ViewDistanceQuality@3] File [C:/Users/dros0008/Desktop/LevelDesign/SideScroller_V422/Saved/Config/Windows/Scalability.ini]
[2022.11.21-19.35.45:763][  0]LogConfig: Setting CVar [[r.SkeletalMeshLODBias:0]]
[2022.11.21-19.35.45:763][  0]LogConfig: Setting CVar [[r.ViewDistanceScale:1.0]]
[2022.11.21-19.35.45:763][  0]LogConfig: Applying CVar settings from Section [AntiAliasingQuality@3] File [C:/Users/dros0008/Desktop/LevelDesign/SideScroller_V422/Saved/Config/Windows/Scalability.ini]
[2022.11.21-19.35.45:763][  0]LogConfig: Setting CVar [[r.PostProcessAAQuality:4]]
[2022.11.21-19.35.45:763][  0]LogConfig: Applying CVar settings from Section [ShadowQuality@3] File [C:/Users/dros0008/Desktop/LevelDesign/SideScroller_V422/Saved/Config/Windows/Scalability.ini]
[2022.11.21-19.35.45:763][  0]LogConfig: Setting CVar [[r.LightFunctionQuality:1]]
[2022.11.21-19.35.45:763][  0]LogConfig: Setting CVar [[r.ShadowQuality:5]]
[2022.11.21-19.35.45:763][  0]LogConfig: Setting CVar [[r.Shadow.CSM.MaxCascades:10]]
[2022.11.21-19.35.45:763][  0]LogConfig: Setting CVar [[r.Shadow.MaxResolution:2048]]
[2022.11.21-19.35.45:763][  0]LogConfig: Setting CVar [[r.Shadow.MaxCSMResolution:2048]]
[2022.11.21-19.35.45:763][  0]LogConfig: Setting CVar [[r.Shadow.RadiusThreshold:0.01]]
[2022.11.21-19.35.45:763][  0]LogConfig: Setting CVar [[r.Shadow.DistanceScale:1.0]]
[2022.11.21-19.35.45:763][  0]LogConfig: Setting CVar [[r.Shadow.CSM.TransitionScale:1.0]]
[2022.11.21-19.35.45:763][  0]LogConfig: Setting CVar [[r.Shadow.PreShadowResolutionFactor:1.0]]
[2022.11.21-19.35.45:763][  0]LogConfig: Setting CVar [[r.DistanceFieldShadowing:1]]
[2022.11.21-19.35.45:763][  0]LogConfig: Setting CVar [[r.DistanceFieldAO:1]]
[2022.11.21-19.35.45:763][  0]LogConfig: Setting CVar [[r.AOQuality:2]]
[2022.11.21-19.35.45:763][  0]LogConfig: Setting CVar [[r.VolumetricFog:1]]
[2022.11.21-19.35.45:763][  0]LogConfig: Setting CVar [[r.VolumetricFog.GridPixelSize:8]]
[2022.11.21-19.35.45:763][  0]LogConfig: Setting CVar [[r.VolumetricFog.GridSizeZ:128]]
[2022.11.21-19.35.45:763][  0]LogConfig: Setting CVar [[r.VolumetricFog.HistoryMissSupersampleCount:4]]
[2022.11.21-19.35.45:763][  0]LogConfig: Setting CVar [[r.LightMaxDrawDistanceScale:1]]
[2022.11.21-19.35.45:763][  0]LogConfig: Setting CVar [[r.CapsuleShadows:1]]
[2022.11.21-19.35.45:763][  0]LogConfig: Applying CVar settings from Section [PostProcessQuality@3] File [C:/Users/dros0008/Desktop/LevelDesign/SideScroller_V422/Saved/Config/Windows/Scalability.ini]
[2022.11.21-19.35.45:763][  0]LogConfig: Setting CVar [[r.MotionBlurQuality:4]]
[2022.11.21-19.35.45:763][  0]LogConfig: Setting CVar [[r.AmbientOcclusionMipLevelFactor:0.4]]
[2022.11.21-19.35.45:763][  0]LogConfig: Setting CVar [[r.AmbientOcclusionMaxQuality:100]]
[2022.11.21-19.35.45:763][  0]LogConfig: Setting CVar [[r.AmbientOcclusionLevels:-1]]
[2022.11.21-19.35.45:763][  0]LogConfig: Setting CVar [[r.AmbientOcclusionRadiusScale:1.0]]
[2022.11.21-19.35.45:763][  0]LogConfig: Setting CVar [[r.DepthOfFieldQuality:2]]
[2022.11.21-19.35.45:763][  0]LogConfig: Setting CVar [[r.RenderTargetPoolMin:400]]
[2022.11.21-19.35.45:763][  0]LogConfig: Setting CVar [[r.LensFlareQuality:2]]
[2022.11.21-19.35.45:763][  0]LogConfig: Setting CVar [[r.SceneColorFringeQuality:1]]
[2022.11.21-19.35.45:763][  0]LogConfig: Setting CVar [[r.EyeAdaptationQuality:2]]
[2022.11.21-19.35.45:763][  0]LogConfig: Setting CVar [[r.BloomQuality:5]]
[2022.11.21-19.35.45:763][  0]LogConfig: Setting CVar [[r.FastBlurThreshold:100]]
[2022.11.21-19.35.45:763][  0]LogConfig: Setting CVar [[r.Upscale.Quality:3]]
[2022.11.21-19.35.45:763][  0]LogConfig: Setting CVar [[r.Tonemapper.GrainQuantization:1]]
[2022.11.21-19.35.45:763][  0]LogConfig: Setting CVar [[r.LightShaftQuality:1]]
[2022.11.21-19.35.45:763][  0]LogConfig: Setting CVar [[r.Filter.SizeScale:1]]
[2022.11.21-19.35.45:763][  0]LogConfig: Setting CVar [[r.Tonemapper.Quality:5]]
[2022.11.21-19.35.45:763][  0]LogConfig: Setting CVar [[r.DOF.Gather.AccumulatorQuality:1        ; higher gathering accumulator quality]]
[2022.11.21-19.35.45:763][  0]LogConfig: Setting CVar [[r.DOF.Gather.PostfilterMethod:1          ; Median3x3 postfilering method]]
[2022.11.21-19.35.45:763][  0]LogConfig: Setting CVar [[r.DOF.Gather.EnableBokehSettings:0       ; no bokeh simulation when gathering]]
[2022.11.21-19.35.45:763][  0]LogConfig: Setting CVar [[r.DOF.Gather.RingCount:4                 ; medium number of samples when gathering]]
[2022.11.21-19.35.45:763][  0]LogConfig: Setting CVar [[r.DOF.Scatter.ForegroundCompositing:1    ; additive foreground scattering]]
[2022.11.21-19.35.45:763][  0]LogConfig: Setting CVar [[r.DOF.Scatter.BackgroundCompositing:2    ; additive background scattering]]
[2022.11.21-19.35.45:763][  0]LogConfig: Setting CVar [[r.DOF.Scatter.EnableBokehSettings:1      ; bokeh simulation when scattering]]
[2022.11.21-19.35.45:763][  0]LogConfig: Setting CVar [[r.DOF.Scatter.MaxSpriteRatio:0.1         ; only a maximum of 10% of scattered bokeh]]
[2022.11.21-19.35.45:763][  0]LogConfig: Setting CVar [[r.DOF.Recombine.Quality:1                ; cheap slight out of focus]]
[2022.11.21-19.35.45:763][  0]LogConfig: Setting CVar [[r.DOF.Recombine.EnableBokehSettings:0    ; no bokeh simulation on slight out of focus]]
[2022.11.21-19.35.45:763][  0]LogConfig: Setting CVar [[r.DOF.TemporalAAQuality:1                ; more stable temporal accumulation]]
[2022.11.21-19.35.45:763][  0]LogConfig: Setting CVar [[r.DOF.Kernel.MaxForegroundRadius:0.025]]
[2022.11.21-19.35.45:763][  0]LogConfig: Setting CVar [[r.DOF.Kernel.MaxBackgroundRadius:0.025]]
[2022.11.21-19.35.45:763][  0]LogConfig: Applying CVar settings from Section [TextureQuality@3] File [C:/Users/dros0008/Desktop/LevelDesign/SideScroller_V422/Saved/Config/Windows/Scalability.ini]
[2022.11.21-19.35.45:763][  0]LogConfig: Setting CVar [[r.Streaming.MipBias:0]]
[2022.11.21-19.35.45:763][  0]LogConfig: Setting CVar [[r.Streaming.AmortizeCPUToGPUCopy:0]]
[2022.11.21-19.35.45:763][  0]LogConfig: Setting CVar [[r.Streaming.MaxNumTexturesToStreamPerFrame:0]]
[2022.11.21-19.35.45:763][  0]LogConfig: Setting CVar [[r.Streaming.Boost:1]]
[2022.11.21-19.35.45:763][  0]LogConfig: Setting CVar [[r.MaxAnisotropy:8]]
[2022.11.21-19.35.45:763][  0]LogConfig: Setting CVar [[r.VT.MaxAnisotropy:8]]
[2022.11.21-19.35.45:763][  0]LogConfig: Setting CVar [[r.Streaming.LimitPoolSizeToVRAM:0]]
[2022.11.21-19.35.45:763][  0]LogConfig: Setting CVar [[r.Streaming.PoolSize:1000]]
[2022.11.21-19.35.45:763][  0]LogConfig: Setting CVar [[r.Streaming.MaxEffectiveScreenSize:0]]
[2022.11.21-19.35.45:763][  0]LogConfig: Applying CVar settings from Section [EffectsQuality@3] File [C:/Users/dros0008/Desktop/LevelDesign/SideScroller_V422/Saved/Config/Windows/Scalability.ini]
[2022.11.21-19.35.45:763][  0]LogConfig: Setting CVar [[r.TranslucencyLightingVolumeDim:64]]
[2022.11.21-19.35.45:763][  0]LogConfig: Setting CVar [[r.RefractionQuality:2]]
[2022.11.21-19.35.45:763][  0]LogConfig: Setting CVar [[r.SSR.Quality:3]]
[2022.11.21-19.35.45:763][  0]LogConfig: Setting CVar [[r.SSR.HalfResSceneColor:0]]
[2022.11.21-19.35.45:763][  0]LogConfig: Setting CVar [[r.SceneColorFormat:4]]
[2022.11.21-19.35.45:763][  0]LogConfig: Setting CVar [[r.DetailMode:2]]
[2022.11.21-19.35.45:763][  0]LogConfig: Setting CVar [[r.TranslucencyVolumeBlur:1]]
[2022.11.21-19.35.45:763][  0]LogConfig: Setting CVar [[r.MaterialQualityLevel:1 ; High quality]]
[2022.11.21-19.35.45:763][  0]LogConfig: Setting CVar [[r.AnisotropicMaterials:1]]
[2022.11.21-19.35.45:763][  0]LogConfig: Setting CVar [[r.SSS.Scale:1]]
[2022.11.21-19.35.45:763][  0]LogConfig: Setting CVar [[r.SSS.SampleSet:2]]
[2022.11.21-19.35.45:763][  0]LogConfig: Setting CVar [[r.SSS.Quality:1]]
[2022.11.21-19.35.45:763][  0]LogConfig: Setting CVar [[r.SSS.HalfRes:0]]
[2022.11.21-19.35.45:763][  0]LogConfig: Setting CVar [[r.SSGI.Quality:3]]
[2022.11.21-19.35.45:763][  0]LogConfig: Setting CVar [[r.EmitterSpawnRateScale:1.0]]
[2022.11.21-19.35.45:763][  0]LogConfig: Setting CVar [[r.ParticleLightQuality:2]]
[2022.11.21-19.35.45:763][  0]LogConfig: Setting CVar [[r.SkyAtmosphere.AerialPerspectiveLUT.FastApplyOnOpaque:1 ; Always have FastSkyLUT 1 in this case to avoid wrong sky]]
[2022.11.21-19.35.45:763][  0]LogConfig: Setting CVar [[r.SkyAtmosphere.AerialPerspectiveLUT.SampleCountMaxPerSlice:4]]
[2022.11.21-19.35.45:763][  0]LogConfig: Setting CVar [[r.SkyAtmosphere.AerialPerspectiveLUT.DepthResolution:16.0]]
[2022.11.21-19.35.45:763][  0]LogConfig: Setting CVar [[r.SkyAtmosphere.FastSkyLUT:1]]
[2022.11.21-19.35.45:763][  0]LogConfig: Setting CVar [[r.SkyAtmosphere.FastSkyLUT.SampleCountMin:4.0]]
[2022.11.21-19.35.45:763][  0]LogConfig: Setting CVar [[r.SkyAtmosphere.FastSkyLUT.SampleCountMax:128.0]]
[2022.11.21-19.35.45:763][  0]LogConfig: Setting CVar [[r.SkyAtmosphere.SampleCountMin:4.0]]
[2022.11.21-19.35.45:763][  0]LogConfig: Setting CVar [[r.SkyAtmosphere.SampleCountMax:128.0]]
[2022.11.21-19.35.45:763][  0]LogConfig: Setting CVar [[r.SkyAtmosphere.TransmittanceLUT.UseSmallFormat:0]]
[2022.11.21-19.35.45:763][  0]LogConfig: Setting CVar [[r.SkyAtmosphere.TransmittanceLUT.SampleCount:10.0]]
[2022.11.21-19.35.45:763][  0]LogConfig: Setting CVar [[r.SkyAtmosphere.MultiScatteringLUT.SampleCount:15.0]]
[2022.11.21-19.35.45:763][  0]LogConfig: Setting CVar [[r.SkyLight.RealTimeReflectionCapture:1]]
[2022.11.21-19.35.45:763][  0]LogConfig: Applying CVar settings from Section [FoliageQuality@3] File [C:/Users/dros0008/Desktop/LevelDesign/SideScroller_V422/Saved/Config/Windows/Scalability.ini]
[2022.11.21-19.35.45:763][  0]LogConfig: Setting CVar [[foliage.DensityScale:1.0]]
[2022.11.21-19.35.45:763][  0]LogConfig: Setting CVar [[grass.DensityScale:1.0]]
[2022.11.21-19.35.45:763][  0]LogConfig: Applying CVar settings from Section [ShadingQuality@3] File [C:/Users/dros0008/Desktop/LevelDesign/SideScroller_V422/Saved/Config/Windows/Scalability.ini]
[2022.11.21-19.35.45:763][  0]LogConfig: Setting CVar [[r.HairStrands.SkyLighting.IntegrationType:2]]
[2022.11.21-19.35.45:763][  0]LogConfig: Setting CVar [[r.HairStrands.SkyAO.SampleCount:4]]
[2022.11.21-19.35.45:763][  0]LogConfig: Setting CVar [[r.HairStrands.Visibility.MSAA.SamplePerPixel:4]]
[2022.11.21-19.35.45:763][  0]LogConfig: Applying CVar settings from Section [Startup] File [../../../Engine/Config/ConsoleVariables.ini]
[2022.11.21-19.35.45:764][  0]LogConfig: Setting CVar [[net.UseAdaptiveNetUpdateFrequency:0]]
[2022.11.21-19.35.45:764][  0]LogConfig: Setting CVar [[p.chaos.AllowCreatePhysxBodies:1]]
[2022.11.21-19.35.45:764][  0]LogConfig: Setting CVar [[fx.SkipVectorVMBackendOptimizations:1]]
[2022.11.21-19.35.45:764][  0]LogConfig: Applying CVar settings from Section [ConsoleVariables] File [C:/Users/dros0008/Desktop/LevelDesign/SideScroller_V422/Saved/Config/Windows/Engine.ini]
[2022.11.21-19.35.45:764][  0]LogConfig: Applying CVar settings from Section [ConsoleVariables] File [C:/Users/dros0008/Desktop/LevelDesign/SideScroller_V422/Saved/Config/Windows/Editor.ini]
[2022.11.21-19.35.45:764][  0]LogInit: Computer: WT220-03
[2022.11.21-19.35.45:764][  0]LogInit: User: dros0008
[2022.11.21-19.35.45:764][  0]LogInit: CPU Page size=4096, Cores=8
[2022.11.21-19.35.45:764][  0]LogInit: High frequency timer resolution =10.000000 MHz
[2022.11.21-19.35.45:764][  0]LogMemory: Memory total: Physical=15.9GB (16GB approx)
[2022.11.21-19.35.45:764][  0]LogMemory: Platform Memory Stats for Windows
[2022.11.21-19.35.45:764][  0]LogMemory: Process Physical Memory: 143.96 MB used, 143.96 MB peak
[2022.11.21-19.35.45:764][  0]LogMemory: Process Virtual Memory: 127.20 MB used, 127.20 MB peak
[2022.11.21-19.35.45:764][  0]LogMemory: Physical Memory: 6510.23 MB used,  9793.91 MB free, 16304.14 MB total
[2022.11.21-19.35.45:764][  0]LogMemory: Virtual Memory: 134210912.00 MB used,  6817.72 MB free, 134217728.00 MB total
[2022.11.21-19.35.45:768][  0]LogWindows: WindowsPlatformFeatures enabled
[2022.11.21-19.35.45:802][  0]LogInit: Physics initialised using underlying interface: PhysX
[2022.11.21-19.35.45:802][  0]LogInit: Using OS detected language (en-US).
[2022.11.21-19.35.45:802][  0]LogInit: Using OS detected locale (en-US).
[2022.11.21-19.35.45:804][  0]LogTextLocalizationManager: No specific localization for 'en-US' exists, so the 'en' localization will be used.
[2022.11.21-19.35.45:952][  0]LogWindowsTextInputMethodSystem: Display: IME system deactivated.
[2022.11.21-19.35.45:971][  0]LogSlate: New Slate User Created.  User Index 0, Is Virtual User: 0
[2022.11.21-19.35.45:971][  0]LogSlate: Slate User Registered.  User Index 0, Is Virtual User: 0
[2022.11.21-19.35.45:985][  0]LogD3D11RHI: Loaded GFSDK_Aftermath_Lib.x64.dll
[2022.11.21-19.35.45:988][  0]LogHMD: Failed to initialize OpenVR with code 110
[2022.11.21-19.35.45:988][  0]LogD3D11RHI: D3D11 min allowed feature level: 11_0
[2022.11.21-19.35.45:988][  0]LogD3D11RHI: D3D11 max allowed feature level: 11_0
[2022.11.21-19.35.45:988][  0]LogD3D11RHI: D3D11 adapters:
[2022.11.21-19.35.46:056][  0]LogD3D11RHI:    0. 'NVIDIA GeForce RTX 2070' (Feature Level 11_0)
[2022.11.21-19.35.46:056][  0]LogD3D11RHI:       8031/0/8152 MB DedicatedVideo/DedicatedSystem/SharedSystem, Outputs:1, VendorId:0x10de
[2022.11.21-19.35.46:058][  0]LogD3D11RHI:    1. 'Microsoft Basic Render Driver' (Feature Level 11_0)
[2022.11.21-19.35.46:058][  0]LogD3D11RHI:       0/0/8152 MB DedicatedVideo/DedicatedSystem/SharedSystem, Outputs:0, VendorId:0x1414
[2022.11.21-19.35.46:058][  0]LogD3D11RHI: Chosen D3D11 Adapter:
[2022.11.21-19.35.46:058][  0]LogD3D11RHI:     Description : NVIDIA GeForce RTX 2070
[2022.11.21-19.35.46:058][  0]LogD3D11RHI:     VendorId    : 10de
[2022.11.21-19.35.46:058][  0]LogD3D11RHI:     DeviceId    : 1f02
[2022.11.21-19.35.46:058][  0]LogD3D11RHI:     SubSysId    : 86731043
[2022.11.21-19.35.46:058][  0]LogD3D11RHI:     Revision    : 00a1
[2022.11.21-19.35.46:058][  0]LogD3D11RHI:     DedicatedVideoMemory : 8421113856 bytes
[2022.11.21-19.35.46:058][  0]LogD3D11RHI:     DedicatedSystemMemory : 0 bytes
[2022.11.21-19.35.46:058][  0]LogD3D11RHI:     SharedSystemMemory : 8548067328 bytes
[2022.11.21-19.35.46:058][  0]LogD3D11RHI:     AdapterLuid : 0 51637
[2022.11.21-19.35.46:063][  0]LogD3D11RHI: Creating new Direct3DDevice
[2022.11.21-19.35.46:063][  0]LogD3D11RHI:     GPU DeviceId: 0x1f02 (for the marketing name, search the web for "GPU Device Id")
[2022.11.21-19.35.46:063][  0]LogWindows: EnumDisplayDevices:
[2022.11.21-19.35.46:063][  0]LogWindows:    0. 'NVIDIA GeForce RTX 2070' (P:1 D:1)
[2022.11.21-19.35.46:063][  0]LogWindows:    1. 'NVIDIA GeForce RTX 2070' (P:0 D:0)
[2022.11.21-19.35.46:063][  0]LogWindows:    2. 'NVIDIA GeForce RTX 2070' (P:0 D:0)
[2022.11.21-19.35.46:063][  0]LogWindows:    3. 'NVIDIA GeForce RTX 2070' (P:0 D:0)
[2022.11.21-19.35.46:064][  0]LogWindows: DebugString: FoundDriverCount:4 
[2022.11.21-19.35.46:064][  0]LogD3D11RHI:     Adapter Name: NVIDIA GeForce RTX 2070
[2022.11.21-19.35.46:064][  0]LogD3D11RHI:   Driver Version: 516.94 (internal:31.0.15.1694, unified:516.94)
[2022.11.21-19.35.46:064][  0]LogD3D11RHI:      Driver Date: 7-21-2022
[2022.11.21-19.35.46:064][  0]LogRHI: Texture pool is 5621 MB (70% of 8031 MB)
[2022.11.21-19.35.46:064][  0]LogD3D11RHI: Creating D3DDevice using adapter:
[2022.11.21-19.35.46:064][  0]LogD3D11RHI:     Description : NVIDIA GeForce RTX 2070
[2022.11.21-19.35.46:064][  0]LogD3D11RHI:     VendorId    : 10de
[2022.11.21-19.35.46:064][  0]LogD3D11RHI:     DeviceId    : 1f02
[2022.11.21-19.35.46:064][  0]LogD3D11RHI:     SubSysId    : 86731043
[2022.11.21-19.35.46:064][  0]LogD3D11RHI:     Revision    : 00a1
[2022.11.21-19.35.46:064][  0]LogD3D11RHI:     DedicatedVideoMemory : 8421113856 bytes
[2022.11.21-19.35.46:064][  0]LogD3D11RHI:     DedicatedSystemMemory : 0 bytes
[2022.11.21-19.35.46:064][  0]LogD3D11RHI:     SharedSystemMemory : 8548067328 bytes
[2022.11.21-19.35.46:064][  0]LogD3D11RHI:     AdapterLuid : 0 51637
[2022.11.21-19.35.46:101][  0]LogD3D11RHI: RHI has support for 64 bit atomics
[2022.11.21-19.35.46:101][  0]LogD3D11RHI: Async texture creation enabled
[2022.11.21-19.35.46:101][  0]LogD3D11RHI: Array index from any shader is supported
[2022.11.21-19.35.46:121][  0]LogD3D11RHI: GPU Timing Frequency: 1000.000000 (Debug: 2 2)
[2022.11.21-19.35.46:153][  0]LogRHI: GeForceNow SDK initialized: 1
[2022.11.21-19.35.46:386][  0]LogTargetPlatformManager: Display: Loaded TargetPlatform 'WindowsNoEditor'
[2022.11.21-19.35.46:390][  0]LogTargetPlatformManager: Display: Loaded TargetPlatform 'Windows'
[2022.11.21-19.35.46:394][  0]LogTargetPlatformManager: Display: Loaded TargetPlatform 'WindowsClient'
[2022.11.21-19.35.46:398][  0]LogTargetPlatformManager: Display: Loaded TargetPlatform 'WindowsServer'
[2022.11.21-19.35.46:398][  0]LogTargetPlatformManager: Display: Building Assets For Windows
[2022.11.21-19.35.46:404][  0]LogAudioDebug: Display: Lib vorbis DLL was dynamically loaded.
[2022.11.21-19.35.46:429][  0]LogTextureFormatOodle: Display: Oodle Texture 2.9.0 init RDO Off
[2022.11.21-19.35.46:456][  0]LogRendererCore: Ray tracing is disabled. Reason: r.RayTracing=0.
[2022.11.21-19.35.46:457][  0]LogShaderCompilers: Guid format shader working directory is -22 characters bigger than the processId version (../../../../../../Users/dros0008/Desktop/LevelDesign/SideScroller_V422/Intermediate/Shaders/WorkingDirectory/15020/).
[2022.11.21-19.35.46:457][  0]LogShaderCompilers: Cleaned the shader compiler working directory 'C:/Users/dros0008/AppData/Local/Temp/UnrealShaderWorkingDir/81869D404F1A69F51466F2B60B15AE8C/'.
[2022.11.21-19.35.46:457][  0]LogXGEController: Cannot use XGE Controller as Incredibuild is not installed on this machine.
[2022.11.21-19.35.46:457][  0]LogShaderCompilers: Cannot use XGE Shader Compiler as Incredibuild is not installed on this machine.
[2022.11.21-19.35.46:457][  0]LogShaderCompilers: Display: Using Local Shader Compiler.
[2022.11.21-19.35.47:073][  0]LogDerivedDataCache: Display: Max Cache Size: 512 MB
[2022.11.21-19.35.47:121][  0]LogDerivedDataCache: Loaded boot cache 0.05s 96MB C:/Users/dros0008/AppData/Local/UnrealEngine/4.27/DerivedDataCache/Boot.ddc.
[2022.11.21-19.35.47:121][  0]LogDerivedDataCache: Display: Loaded Boot cache: C:/Users/dros0008/AppData/Local/UnrealEngine/4.27/DerivedDataCache/Boot.ddc
[2022.11.21-19.35.47:121][  0]LogDerivedDataCache: FDerivedDataBackendGraph:  Pak pak cache file ../../../../../../Users/dros0008/Desktop/LevelDesign/SideScroller_V422/DerivedDataCache/DDC.ddp not found, will not use a pak cache.
[2022.11.21-19.35.47:121][  0]LogDerivedDataCache: Unable to find inner node Pak for hierarchical cache Hierarchy.
[2022.11.21-19.35.47:121][  0]LogDerivedDataCache: FDerivedDataBackendGraph:  CompressedPak pak cache file ../../../../../../Users/dros0008/Desktop/LevelDesign/SideScroller_V422/DerivedDataCache/Compressed.ddp not found, will not use a pak cache.
[2022.11.21-19.35.47:121][  0]LogDerivedDataCache: Unable to find inner node CompressedPak for hierarchical cache Hierarchy.
[2022.11.21-19.35.47:135][  0]LogDerivedDataCache: Display: Pak cache opened for reading ../../../Engine/DerivedDataCache/Compressed.ddp.
[2022.11.21-19.35.47:135][  0]LogDerivedDataCache: FDerivedDataBackendGraph:  EnterprisePak pak cache file ../../../Enterprise/DerivedDataCache/Compressed.ddp not found, will not use a pak cache.
[2022.11.21-19.35.47:135][  0]LogDerivedDataCache: Unable to find inner node EnterprisePak for hierarchical cache Hierarchy.
[2022.11.21-19.35.47:143][  0]LogDerivedDataCache: Speed tests for C:/Users/dros0008/AppData/Local/UnrealEngine/Common/DerivedDataCache took 0.01 seconds
[2022.11.21-19.35.47:143][  0]LogDerivedDataCache: Display: Performance to C:/Users/dros0008/AppData/Local/UnrealEngine/Common/DerivedDataCache: Latency=0.01ms. RandomReadSpeed=1617.69MBs, RandomWriteSpeed=129.02MBs. Assigned SpeedClass 'Local'
[2022.11.21-19.35.47:143][  0]LogDerivedDataCache: Using Local data cache path C:/Users/dros0008/AppData/Local/UnrealEngine/Common/DerivedDataCache: Writable
[2022.11.21-19.35.47:143][  0]LogDerivedDataCache: Shared data cache path not found in *engine.ini, will not use an Shared cache.
[2022.11.21-19.35.47:143][  0]LogDerivedDataCache: Unable to find inner node Shared for hierarchical cache Hierarchy.
[2022.11.21-19.35.47:172][  0]LogSlate: Using FreeType 2.10.0
[2022.11.21-19.35.47:172][  0]LogSlate: SlateFontServices - WITH_FREETYPE: 1, WITH_HARFBUZZ: 1
[2022.11.21-19.35.47:252][  0]LogInit: Using OS detected language (en-US).
[2022.11.21-19.35.47:252][  0]LogInit: Using OS detected locale (en-US).
[2022.11.21-19.35.47:252][  0]LogTextLocalizationManager: No localization for 'en-US' exists, so 'en' will be used for the language.
[2022.11.21-19.35.47:252][  0]LogTextLocalizationManager: No localization for 'en-US' exists, so 'en' will be used for the locale.
[2022.11.21-19.35.47:252][  0]LogSlate: FontCache flush requested. Reason: Culture for localization was changed
[2022.11.21-19.35.47:252][  0]LogSlate: FontCache flush requested. Reason: Culture for localization was changed
[2022.11.21-19.35.47:255][  0]LogTextLocalizationManager: Compacting localization data took   0.00ms
[2022.11.21-19.35.47:255][  0]LogAssetRegistry: FAssetRegistry took 0.0014 seconds to start up
[2022.11.21-19.35.47:386][  0]LogPackageLocalizationCache: Processed 27 localized package path(s) for 1 prioritized culture(s) in 0.000824 seconds
[2022.11.21-19.35.47:438][  0]LogInit: Selected Device Profile: [Windows]
[2022.11.21-19.35.47:438][  0]LogInit: Active device profile: [00000273CC389400][00000273C57A3780 49] Windows
[2022.11.21-19.35.47:438][  0]LogInit: Profiles: [00000273CC389400][00000273C57A3780 49] Windows, [00000273CC30E400][00000273C579F8C0 49] WindowsNoEditor, [00000273CC389300][00000273C1BD7A00 49] WindowsServer, [00000273CC2F7F00][00000273C1BDBB40 49] WindowsClient, [00000273CC30F600][00000273C1BE2140 49] IOS, [00000273CC2F7000][00000273C1BE62C0 49] iPadAir, [00000273CC30E800][00000273C1BEA440 49] iPadAir2, [00000273CC2C0700][00000273C1BF2700 49] IPadPro, [00000273CC2C0800][00000273C1BEE740 49] iPadAir3, [00000273CC2F5F00][00000273C1BF68C0 49] iPadAir4, [00000273CC2C1700][00000273C1BFAA40 49] iPadMini2, [00000273CC2F4C00][00000273C1BFEBC0 49] iPadMini3, [00000273CC2C2400][00000273C1C02D40 49] iPadMini4, [00000273CC2F6A00][00000273C1C06EC0 49] iPadMini5, [00000273CC38A400][00000273C1C0F180 49] iPhone6, [00000273CC389000][00000273C1C0B1C0 49] iPodTouch6, [00000273CC30D800][00000273C1C17480 49] iPhone7, [00000273CC30FF00][00000273C1C134C0 49] iPodTouch7, [00000273CC2C3100][00000273C1C1B640 49] iPhone5S, [00000273CC30DB00][00000273C1C1F7C0 49] iPhone6Plus, [00000273CC2C0300][00000273C1BDF900 49] iPhone6S, [00000273CC30DC00][00000273C1C23A40 49] iPhone6SPlus, [00000273CC2C1F00][00000273C1C27B80 49] iPhone7Plus, [00000273CC38A600][00000273C1C2A140 49] iPhoneSE, [00000273CC2C3300][00000273C1C322C0 49] iPhone8, [00000273CC38AD00][00000273C1C36440 49] iPhone8Plus, [00000273CC2C1600][00000273C1C3A5C0 49] iPhoneX, [00000273CC38A300][00000273C1C3E740 49] iPhoneXS, [00000273CC2C2100][00000273C1C428C0 49] iPhoneXSMax, [00000273CC388A00][00000273C1C46A40 49] iPhoneXR, [00000273CC2C1E00][00000273C1C4ABC0 49] iPhone11, [00000273CC388100][00000273C1C4ED40 49] iPhone11Pro, [00000273CC2C0A00][00000273C1C52EC0 49] iPhone11ProMax, [00000273CC389F00][00000273C1C57040 49] iPhoneSE2, [00000273CC2C2F00][00000273C1C5B1C0 49] iPhone12Mini, [00000273CC388C00][00000273C55AF340 49] iPhone12, [00000273CC2C2500][00000273C55B34C0 49] iPhone12Pro, [00000273CC388E00][00000273C55B7640 49] iPhone12ProMax, [00000273CC2C0B00][00000273C55BB7C0 49] iPadPro105, [00000273CC389700][00000273C55BF940 49] iPadPro129, [00000273CC2C0600][00000273C55C3AC0 49] iPadPro97, [00000273CC389900][00000273C1C2FC00 49] iPadPro2_129, [00000273CC2C1500][00000273C55C61C0 49] iPad5, [00000273CC388F00][00000273C55CA300 49] iPad6, [00000273CC2C2900][00000273C55D2480 49] iPad7, [00000273CC389200][00000273C55D6600 49] iPad8, [00000273CC2C3200][00000273C55DA780 49] iPadPro11, [00000273CC389A00][00000273C55DE900 49] iPadPro2_11, [00000273CC2C0100][00000273C55E2A80 49] iPadPro3_129, [00000273CC38A700][00000273C55E6C00 49] iPadPro4_129, [00000273CC2C1A00][00000273C55EAD80 49] AppleTV, [00000273CC38AA00][00000273C55EEF00 49] AppleTV4K, [00000273CC2C1C00][00000273C55F3080 49] TVOS, [00000273CC38A500][00000273C55F7200 49] Mac, [00000273CC2C1400][00000273C55FB380 49] MacClient, [00000273CC38AF00][00000273C55FF500 49] MacNoEditor, [00000273CC2C0400][00000273C5603680 49] MacServer, [00000273CC388500][00000273C5607800 49] Linux, [00000273CC2C3B00][00000273C560B980 49] LinuxAArch64, [00000273CC388400][00000273C560FB00 49] LinuxNoEditor, [00000273CC2C2800][00000273C5612100 49] LinuxAArch64NoEditor, [00000273CC388200][00000273C55CE240 49] LinuxClient, [00000273CC2C0E00][00000273C5616380 49] LinuxAArch64Client, [00000273CC38A800][00000273C561A4C0 49] LinuxServer, [00000273CC2F5200][00000273C5622640 49] LinuxAArch64Server, [00000273CC30ED00][00000273C56267C0 49] Android, [00000273CC2F6800][00000273C562A940 49] Android_Low, [00000273CC30F900][00000273C562EAC0 49] Android_Mid, [00000273CC2F7500][00000273C5632C40 49] Android_High, [00000273CC30D600][00000273C5636DC0 49] Android_Default, [00000273CC2F7100][00000273C563AF40 49] Android_Adreno4xx, [00000273CC30F300][00000273C563F0C0 49] Android_Adreno5xx_Low, [00000273CC2F4500][00000273C5643240 49] Android_Adreno5xx, [00000273CC30C100][00000273C56473C0 49] Android_Adreno6xx, [00000273CC2F7D00][00000273C564B540 49] Android_Adreno6xx_Vulkan, [00000273CC30C800][00000273C564F6C0 49] Android_Mali_T6xx, [00000273CC2F5100][00000273C5653840 49] Android_Mali_T7xx, [00000273CC30EE00][00000273C56579C0 49] Android_Mali_T8xx, [00000273CC2F4100][00000273C565BB40 49] Android_Mali_G71, [00000273CC30F800][00000273C565E140 49] Android_Mali_G72, [00000273CC2F7800][00000273C56622C0 49] Android_Mali_G72_Vulkan, [00000273CC30FA00][00000273C561E400 49] Android_Mali_G76, [00000273CC2F4A00][00000273C5666540 49] Android_Mali_G76_Vulkan, [00000273CC30E200][00000273C566A680 49] Android_Mali_G77, [00000273CC2F5500][00000273C566E7C0 49] Android_Mali_G77_Vulkan, [00000273CC30C600][00000273C5676940 49] Android_Mali_G78, [00000273CC2F5A00][00000273C567AAC0 49] Android_Mali_G78_Vulkan, [00000273CC30C700][00000273C567EC40 49] Android_Mali_G710, [00000273CC2F4400][00000273C5682DC0 49] Android_Mali_G710_Vulkan, [00000273CC30D400][00000273C5686F40 49] Android_Vulkan_SM5, [00000273CC2F7200][00000273C568B0C0 49] Android_PowerVR_G6xxx, [00000273CC30E500][00000273C568F240 49] Android_PowerVR_GT7xxx, [00000273CC2F7C00][00000273C56933C0 49] Android_PowerVR_GE8xxx, [00000273CC30C200][00000273C5697540 49] Android_PowerVR_GM9xxx, [00000273CC2F7700][00000273C569B6C0 49] Android_PowerVR_GM9xxx_Vulkan, [00000273CC30CF00][00000273C569F840 49] Android_TegraK1, [00000273CC2F6C00][00000273C56A39C0 49] Android_Unknown_Vulkan, [00000273CC30F200][00000273C56A7B40 49] Lumin, [00000273CC38A100][00000273C56AA140 49] Lumin_Desktop, [00000273CC30E300][00000273C56AE2C0 49] HoloLens, 
[2022.11.21-19.35.47:471][  0]LogMeshReduction: Using QuadricMeshReduction for automatic static mesh reduction
[2022.11.21-19.35.47:471][  0]LogMeshReduction: Using SimplygonMeshReduction for automatic skeletal mesh reduction
[2022.11.21-19.35.47:471][  0]LogMeshReduction: Using ProxyLODMeshReduction for automatic mesh merging
[2022.11.21-19.35.47:471][  0]LogMeshReduction: No distributed automatic mesh merging module available
[2022.11.21-19.35.47:471][  0]LogMeshMerging: No distributed automatic mesh merging module available
[2022.11.21-19.35.47:557][  0]LogNetVersion: SideScroller_V422_Fall2019 1.0.0, NetCL: 17155196, EngineNetVer: 17, GameNetVer: 0 (Checksum: 1441273239)
[2022.11.21-19.35.47:732][  0]LogTexture: Default maximum texture size for cubemaps generated from long-lat sources has been changed from 512 to unlimited. In order to preserve old behaiour for '/Engine/MapTemplates/Sky/DaylightAmbientCubemap.DaylightAmbientCubemap', its maximum texture size has been explicitly set to 512.
[2022.11.21-19.35.47:772][  0]LogHMD: PokeAHoleMaterial loaded successfully
[2022.11.21-19.35.47:857][  0]LogMoviePlayer: Initializing movie player
[2022.11.21-19.35.47:953][  0]LogNiagaraDebuggerClient: Niagara Debugger Client Initialized | Session: 3BFEC8274016EE630916F0888F5A95BD | Instance: 7E9F7BB145FB3FE8E2B93796024BAF6D (WT220-03-15020).
[2022.11.21-19.35.47:969][  0]LogCollectionManager: Loaded 0 collections in 0.001257 seconds
[2022.11.21-19.35.47:971][  0]LogFileCache: Scanning file cache for directory 'C:/Users/dros0008/Desktop/LevelDesign/SideScroller_V422/Saved/Collections/' took 0.00s
[2022.11.21-19.35.47:971][  0]LogFileCache: Scanning file cache for directory 'C:/Users/dros0008/Desktop/LevelDesign/SideScroller_V422/Content/Developers/dros0008/Collections/' took 0.00s
[2022.11.21-19.35.47:971][  0]LogCollectionManager: Fixed up redirectors for 0 collections in 0.000001 seconds (updated 0 objects)
[2022.11.21-19.35.47:987][  0]LogFileCache: Scanning file cache for directory 'C:/Users/dros0008/Desktop/LevelDesign/SideScroller_V422/Content/Collections/' took 0.00s
[2022.11.21-19.35.47:987][  0]LogPython: Using Python 3.7.7
[2022.11.21-19.35.48:438][  0]LogTcpMessaging: Initializing TcpMessaging bridge
[2022.11.21-19.35.48:442][  0]LogUdpMessaging: Initializing bridge on interface 0.0.0.0:0 to multicast group 230.0.0.1:6666.
[2022.11.21-19.35.48:535][  0]SourceControl: Source control is disabled
[2022.11.21-19.35.48:535][  0]SourceControl: Source control is disabled
[2022.11.21-19.35.48:538][  0]SourceControl: Source control is disabled
[2022.11.21-19.35.48:543][  0]LogUProjectInfo: Found projects:
[2022.11.21-19.35.48:625][  0]LogOpenImageDenoise: OIDN starting up
[2022.11.21-19.35.48:643][  0]LogAndroidPermission: UAndroidPermissionCallbackProxy::GetInstance
[2022.11.21-19.35.48:662][  0]LogAudioCaptureCore: Display: No Audio Capture implementations found. Audio input will be silent.
[2022.11.21-19.35.48:662][  0]LogAudioCaptureCore: Display: No Audio Capture implementations found. Audio input will be silent.
[2022.11.21-19.35.48:718][  0]LogOcInput: OculusInput pre-init called
[2022.11.21-19.35.48:725][  0]LogUObjectArray: 22163 objects as part of root set at end of initial load.
[2022.11.21-19.35.48:725][  0]LogUObjectAllocator: 5993712 out of 0 bytes used by permanent object pool.
[2022.11.21-19.35.48:725][  0]LogUObjectArray: CloseDisregardForGC: 0/0 objects in disregard for GC pool
[2022.11.21-19.35.48:765][  0]LogEngine: Initializing Engine...
[2022.11.21-19.35.48:767][  0]LogHMD: Failed to enumerate extensions. Please check that you have a valid OpenXR runtime installed.
[2022.11.21-19.35.48:767][  0]LogHMD: Failed to initialize OpenVR with code 110
[2022.11.21-19.35.48:767][  0]LogMagicLeap: Warning: VR disabled because ZI is not enabled.  To enable, in the editor, Edit -> Project Settings -> Plugins -> Magic Leap Plugin -> Enable Zero Iteration
[2022.11.21-19.35.48:768][  0]LogStats: UGameplayTagsManager::InitializeManager -  0.000 s
[2022.11.21-19.35.48:846][  0]LogInit: Initializing FReadOnlyCVARCache
[2022.11.21-19.35.48:846][  0]LogAudio: Display: Initializing Audio Device Manager...
[2022.11.21-19.35.48:850][  0]LogAudio: Display: Loading Default Audio Settings Objects...
[2022.11.21-19.35.48:850][  0]LogAudio: Display: No default SoundConcurrencyObject specified (or failed to load).
[2022.11.21-19.35.48:850][  0]LogAudio: Display: Audio Device Manager Initialized
[2022.11.21-19.35.48:850][  0]LogAudio: Display: Creating Audio Device:                 Id: 1, Scope: Shared, Realtime: True
[2022.11.21-19.35.48:850][  0]LogAudioMixer: Display: Audio Mixer Platform Settings:
[2022.11.21-19.35.48:850][  0]LogAudioMixer: Display: 	Sample Rate:						  48000
[2022.11.21-19.35.48:850][  0]LogAudioMixer: Display: 	Callback Buffer Frame Size Requested: 1024
[2022.11.21-19.35.48:850][  0]LogAudioMixer: Display: 	Callback Buffer Frame Size To Use:	  1024
[2022.11.21-19.35.48:850][  0]LogAudioMixer: Display: 	Number of buffers to queue:			  2
[2022.11.21-19.35.48:850][  0]LogAudioMixer: Display: 	Max Channels (voices):				  32
[2022.11.21-19.35.48:850][  0]LogAudioMixer: Display: 	Number of Async Source Workers:		  0
[2022.11.21-19.35.48:850][  0]LogAudio: Display: AudioDevice MaxSources: 32
[2022.11.21-19.35.48:851][  0]LogAudio: Display: Audio Spatialization Plugin: None (built-in).
[2022.11.21-19.35.48:851][  0]LogAudio: Display: Audio Reverb Plugin: None (built-in).
[2022.11.21-19.35.48:851][  0]LogAudio: Display: Audio Occlusion Plugin: None (built-in).
[2022.11.21-19.35.48:851][  0]LogAudioMixer: Display: Initializing audio mixer.
[2022.11.21-19.35.48:858][  0]LogAudioMixer: Display: 0: FrontLeft
[2022.11.21-19.35.48:858][  0]LogAudioMixer: Display: 1: FrontRight
[2022.11.21-19.35.48:872][  0]LogAudioMixer: Display: Using Audio Device DELL U2718Q (NVIDIA High Definition Audio)
[2022.11.21-19.35.48:876][  0]LogAudioMixer: Display: Initializing Sound Submixes...
[2022.11.21-19.35.48:877][  0]LogAudioMixer: Display: Creating Master Submix 'MasterSubmixDefault'
[2022.11.21-19.35.48:877][  0]LogAudioMixer: Display: Creating Master Submix 'MasterReverbSubmixDefault'
[2022.11.21-19.35.48:877][  0]LogAudioMixer: Display: Creating Master Submix 'MasterEQSubmixDefault'
[2022.11.21-19.35.48:877][  0]LogAudioMixer: FMixerPlatformXAudio2::StartAudioStream() called
[2022.11.21-19.35.48:877][  0]LogAudioMixer: Display: Output buffers initialized: Frames=1024, Channels=2, Samples=2048
[2022.11.21-19.35.48:878][  0]LogAudioMixer: Display: Starting AudioMixerPlatformInterface::RunInternal()
[2022.11.21-19.35.48:878][  0]LogAudioMixer: Display: FMixerPlatformXAudio2::SubmitBuffer() called for the first time
[2022.11.21-19.35.48:878][  0]LogInit: FAudioDevice initialized.
[2022.11.21-19.35.48:879][  0]LogNetVersion: Set ProjectVersion to 1.0.0.0. Version Checksum will be recalculated on next use.
[2022.11.21-19.35.48:881][  0]LogInit: Texture streaming: Enabled
[2022.11.21-19.35.48:933][  0]LogAudio: Display: Audio Device (ID: 1) registered with world 'Untitled'.
[2022.11.21-19.35.48:933][  0]LogSlate: Updating window title bar state: overlay mode, drag disabled, window buttons hidden, title bar hidden
[2022.11.21-19.35.48:933][  0]LogInit: Display: Game Engine Initialized.
[2022.11.21-19.35.48:933][  0]LogNiagaraEditor: GEditor isn't valid! Particle reset commands will not work for Niagara components!
[2022.11.21-19.35.49:033][  0]LogInit: Display: Starting Game.
[2022.11.21-19.35.49:033][  0]LogNet: Browse: /Game/SideScrollerBP/Maps/SideScrollerExampleMap?Name=Player
[2022.11.21-19.35.49:033][  0]LogLoad: LoadMap: /Game/SideScrollerBP/Maps/SideScrollerExampleMap?Name=Player
[2022.11.21-19.35.49:033][  0]LogWorld: BeginTearingDown for /Temp/Untitled_0
[2022.11.21-19.35.49:034][  0]LogWorld: UWorld::CleanupWorld for Untitled, bSessionEnded=true, bCleanupResources=true
[2022.11.21-19.35.49:034][  0]LogSlate: InvalidateAllWidgets triggered.  All widgets were invalidated
[2022.11.21-19.35.49:037][  0]LogAudio: Display: Audio Device unregistered from world 'None'.
[2022.11.21-19.35.49:040][  0]LogUObjectHash: Compacting FUObjectHashTables data took   0.68ms
[2022.11.21-19.35.49:168][  0]LogBlueprint: Warning: [AssetLog] C:\Users\dros0008\Desktop\LevelDesign\SideScroller_V422\Content\Custom_Blueprints\Puzzle_Elements\Sphere_Door.uasset: [Compiler] OnComponentBeginOverlap (Box)  does not have a valid matching component!
[2022.11.21-19.35.49:420][  0]LogAudio: Display: Audio Device (ID: 1) registered with world 'SideScrollerExampleMap'.
[2022.11.21-19.35.49:427][  0]LogAIModule: Creating AISystem for world SideScrollerExampleMap
[2022.11.21-19.35.49:428][  0]LogLoad: Game class is 'SideScrollerGameMode_C'
[2022.11.21-19.35.49:434][  0]LogWorld: Bringing World /Game/SideScrollerBP/Maps/SideScrollerExampleMap.SideScrollerExampleMap up for play (max tick rate 0) at 2022.11.21-14.35.49
[2022.11.21-19.35.49:436][  0]LogWorld: Bringing up level for play took: 0.007281
[2022.11.21-19.35.49:439][  0]LogLoad: Took 0.406748 seconds to LoadMap(/Game/SideScrollerBP/Maps/SideScrollerExampleMap)
[2022.11.21-19.35.49:486][  0]LogSlate: Took 0.000177 seconds to synchronously load lazily loaded font '../../../Engine/Content/Slate/Fonts/Roboto-Regular.ttf' (155K)
[2022.11.21-19.35.49:513][  0]LogRenderer: Reallocating scene render targets to support 1280x720 Format 10 NumSamples 1 (Frame:1).
[2022.11.21-19.35.49:513][  0]LogInit: Display: Engine is initialized. Leaving FEngineLoop::Init()
[2022.11.21-19.35.49:513][  0]LogLoad: (Engine Initialization) Total time: 4.68 seconds
[2022.11.21-19.35.49:513][  0]LogLoad: (Engine Initialization) Total Blueprint compile time: 0.00 seconds
[2022.11.21-19.35.49:515][  0]LogContentStreaming: Texture pool size now 1000 MB
[2022.11.21-19.35.49:518][  0]LogSlate: InvalidateAllWidgets triggered.  All widgets were invalidated
[2022.11.21-19.35.49:568][  0]LogRenderer: Reallocating scene render targets to support 128x128 Format 10 NumSamples 1 (Frame:1).
[2022.11.21-19.35.49:588][  0]LogRenderer: Reallocating scene render targets to support 1280x720 Format 10 NumSamples 1 (Frame:2).
[2022.11.21-19.35.49:600][  1]LogSlate: Took 0.000134 seconds to synchronously load lazily loaded font '../../../Engine/Content/Slate/Fonts/Roboto-Regular.ttf' (155K)
