Log file open, 11/21/22 14:22:07
LogWindows: Failed to load 'aqProf.dll' (GetLastError=126)
LogWindows: File 'aqProf.dll' does not exist
LogWindows: Failed to load 'VtuneApi.dll' (GetLastError=126)
LogWindows: File 'VtuneApi.dll' does not exist
LogWindows: Failed to load 'VtuneApi32e.dll' (GetLastError=126)
LogWindows: File 'VtuneApi32e.dll' does not exist
LogConsoleResponse: Display: Failed to find resolution value strings in scalability ini. Falling back to default.
LogConsoleResponse: Display: Failed to find resolution value strings in scalability ini. Falling back to default.
LogInit: Display: Running engine for game: SideScroller_V422_Fall2019
LogPlatformFile: Not using cached read wrapper
LogTaskGraph: Started task graph with 5 named threads and 26 total threads with 3 sets of task threads.
LogStats: Stats thread started at 0.200878
LogICUInternationalization: ICU TimeZone Detection - Raw Offset: -5:00, Platform Override: ''
LogInit: Display: Loading text-based GConfig....
LogPluginManager: Mounting plugin MeshPainting
LogPluginManager: Mounting plugin XGEController
LogPluginManager: Mounting plugin Paper2D
LogPluginManager: Mounting plugin LiveLink
LogPluginManager: Mounting plugin EnvironmentQueryEditor
LogPluginManager: Mounting plugin AISupport
LogPluginManager: Mounting plugin LightPropagationVolume
LogPluginManager: Mounting plugin CameraShakePreviewer
LogPluginManager: Mounting plugin GameplayCameras
LogPluginManager: Mounting plugin AnimationSharing
LogPluginManager: Mounting plugin CodeLiteSourceCodeAccess
LogPluginManager: Mounting plugin GitSourceControl
LogPluginManager: Mounting plugin CLionSourceCodeAccess
LogPluginManager: Mounting plugin KDevelopSourceCodeAccess
LogPluginManager: Mounting plugin NullSourceCodeAccess
LogPluginManager: Mounting plugin PerforceSourceControl
LogPluginManager: Mounting plugin PixWinPlugin
LogPluginManager: Mounting plugin PlasticSourceControl
LogPluginManager: Mounting plugin PluginUtils
LogPluginManager: Mounting plugin PropertyAccessNode
LogPluginManager: Mounting plugin RiderSourceCodeAccess
LogPluginManager: Mounting plugin SubversionSourceControl
LogPluginManager: Mounting plugin TextureFormatOodle
LogPluginManager: Mounting plugin UObjectPlugin
LogPluginManager: Mounting plugin VisualStudioSourceCodeAccess
LogPluginManager: Mounting plugin XCodeSourceCodeAccess
LogPluginManager: Mounting plugin VisualStudioCodeSourceCodeAccess
LogPluginManager: Mounting plugin OodleData
LogPluginManager: Mounting plugin AssetManagerEditor
LogPluginManager: Mounting plugin OodleNetwork
LogPluginManager: Mounting plugin CryptoKeys
LogPluginManager: Mounting plugin CurveEditorTools
LogPluginManager: Mounting plugin DataValidation
LogPluginManager: Mounting plugin FacialAnimation
LogPluginManager: Mounting plugin GameplayTagsEditor
LogPluginManager: Mounting plugin GeometryMode
LogPluginManager: Mounting plugin MaterialAnalyzer
LogPluginManager: Mounting plugin MobileLauncherProfileWizard
LogPluginManager: Mounting plugin PluginBrowser
LogPluginManager: Mounting plugin SpeedTreeImporter
LogPluginManager: Mounting plugin AlembicImporter
LogPluginManager: Mounting plugin AutomationUtils
LogPluginManager: Mounting plugin BackChannel
LogPluginManager: Mounting plugin ChaosCloth
LogPluginManager: Mounting plugin ChaosEditor
LogPluginManager: Mounting plugin ChaosNiagara
LogPluginManager: Mounting plugin ChaosSolverPlugin
LogPluginManager: Mounting plugin CharacterAI
LogPluginManager: Mounting plugin Niagara
LogPluginManager: Mounting plugin ChaosClothEditor
LogPluginManager: Mounting plugin MacGraphicsSwitching
LogPluginManager: Mounting plugin GeometryCache
LogPluginManager: Mounting plugin GeometryCollectionPlugin
LogPluginManager: Mounting plugin GeometryProcessing
LogPluginManager: Mounting plugin OpenImageDenoise
LogPluginManager: Mounting plugin PlanarCut
LogPluginManager: Mounting plugin PlatformCrypto
LogPluginManager: Mounting plugin ProxyLODPlugin
LogPluginManager: Mounting plugin PythonScriptPlugin
LogPluginManager: Mounting plugin SkeletalReduction
LogPluginManager: Mounting plugin DatasmithContent
LogPluginManager: Mounting plugin MotoSynth
LogPluginManager: Mounting plugin VariantManagerContent
LogPluginManager: Mounting plugin AndroidMedia
LogPluginManager: Mounting plugin AvfMedia
LogPluginManager: Mounting plugin ImgMedia
LogPluginManager: Mounting plugin MediaCompositing
LogPluginManager: Mounting plugin MediaPlayerEditor
LogPluginManager: Mounting plugin WebMMedia
LogPluginManager: Mounting plugin LuminPlatformFeatures
LogPluginManager: Mounting plugin MagicLeap
LogPluginManager: Mounting plugin WmfMedia
LogPluginManager: Mounting plugin MagicLeapLightEstimation
LogPluginManager: Mounting plugin MagicLeapMedia
LogPluginManager: Mounting plugin MagicLeapPassableWorld
LogPluginManager: Mounting plugin MLSDK
LogPluginManager: Mounting plugin TcpMessaging
LogPluginManager: Mounting plugin UdpMessaging
LogPluginManager: Mounting plugin ActorSequence
LogPluginManager: Mounting plugin LevelSequenceEditor
LogPluginManager: Mounting plugin MatineeToLevelSequence
LogPluginManager: Mounting plugin TemplateSequence
LogPluginManager: Mounting plugin OnlineSubsystem
LogPluginManager: Mounting plugin OnlineSubsystemNull
LogPluginManager: Mounting plugin OnlineSubsystemUtils
LogPluginManager: Mounting plugin ActorLayerUtilities
LogPluginManager: Mounting plugin AndroidDeviceProfileSelector
LogPluginManager: Mounting plugin AndroidMoviePlayer
LogPluginManager: Mounting plugin AndroidPermission
LogPluginManager: Mounting plugin ApexDestruction
LogPluginManager: Mounting plugin AppleImageUtils
LogPluginManager: Mounting plugin AppleMoviePlayer
LogPluginManager: Mounting plugin ArchVisCharacter
LogPluginManager: Mounting plugin AudioCapture
LogPluginManager: Mounting plugin AssetTags
LogPluginManager: Mounting plugin AudioSynesthesia
LogPluginManager: Mounting plugin CableComponent
LogPluginManager: Mounting plugin ChunkDownloader
LogPluginManager: Mounting plugin CustomMeshComponent
LogPluginManager: Mounting plugin EditableMesh
LogPluginManager: Mounting plugin ExampleDeviceProfileSelector
LogPluginManager: Mounting plugin GoogleCloudMessaging
LogPluginManager: Mounting plugin GooglePAD
LogPluginManager: Mounting plugin IOSDeviceProfileSelector
LogPluginManager: Mounting plugin LinuxDeviceProfileSelector
LogPluginManager: Mounting plugin LocationServicesBPLibrary
LogPluginManager: Mounting plugin MobilePatchingUtils
LogPluginManager: Mounting plugin OpenXR
LogPluginManager: Mounting plugin OpenXREyeTracker
LogPluginManager: Mounting plugin OpenXRHandTracking
LogPluginManager: Mounting plugin PhysXVehicles
LogPluginManager: Mounting plugin LauncherChunkInstaller
LogPluginManager: Mounting plugin ScreenshotTools
LogPluginManager: Mounting plugin PostSplashScreen
LogPluginManager: Mounting plugin PropertyAccessEditor
LogPluginManager: Mounting plugin ProceduralMeshComponent
LogPluginManager: Mounting plugin RuntimePhysXCooking
LogPluginManager: Mounting plugin SoundFields
LogPluginManager: Mounting plugin Synthesis
LogPluginManager: Mounting plugin WebMMoviePlayer
LogPluginManager: Mounting plugin WindowsMoviePlayer
LogPluginManager: Mounting plugin SignificanceManager
LogPluginManager: Mounting plugin Takes
LogPluginManager: Mounting plugin ContentBrowserAssetDataSource
LogPluginManager: Mounting plugin ContentBrowserClassDataSource
LogPluginManager: Mounting plugin ContentBrowserFileDataSource
LogPluginManager: Mounting plugin OnlineSubsystemGooglePlay
LogPluginManager: Mounting plugin OnlineSubsystemIOS
LogPluginManager: Mounting plugin OculusVR
LogPluginManager: Mounting plugin SteamVR
PixWinPlugin: PIX capture plugin failed to initialize! Check that the process is launched from PIX.
LogInit: Using libcurl 7.55.1-DEV
LogInit:  - built for x86_64-pc-win32
LogInit:  - supports SSL with OpenSSL/1.1.1
LogInit:  - supports HTTP deflate (compression) using libz 1.2.8
LogInit:  - other features:
LogInit:      CURL_VERSION_SSL
LogInit:      CURL_VERSION_LIBZ
LogInit:      CURL_VERSION_IPV6
LogInit:      CURL_VERSION_ASYNCHDNS
LogInit:      CURL_VERSION_LARGEFILE
LogInit:      CURL_VERSION_IDN
LogInit:  CurlRequestOptions (configurable via config and command line):
LogInit:  - bVerifyPeer = true  - Libcurl will verify peer certificate
LogInit:  - bUseHttpProxy = false  - Libcurl will NOT use HTTP proxy
LogInit:  - bDontReuseConnections = false  - Libcurl will reuse connections
LogInit:  - MaxHostConnections = 16  - Libcurl will limit the number of connections to a host
LogInit:  - LocalHostAddr = Default
LogInit:  - BufferSize = 65536
LogOnline: OSS: Creating online subsystem instance for: NULL
LogInit: WinSock: version 1.1 (2.2), MaxSocks=32767, MaxUdp=65467
LogOnline: OSS: TryLoadSubsystemAndSetDefault: Loaded subsystem for module [NULL]
LogOculusPluginWrapper: OculusPlugin initialized successfully
LogHMD: Failed initializing OVRPlugin 1.59.0
LogInit: Build: ++UE4+Release-4.27-CL-18319896
LogInit: Engine Version: 4.27.2-18319896+++UE4+Release-4.27
LogInit: Compatible Engine Version: 4.27.0-17155196+++UE4+Release-4.27
LogInit: Net CL: 17155196
LogInit: OS: Windows 10 (Release 2009) (), CPU: Intel(R) Core(TM) i7-9700K CPU @ 3.60GHz, GPU: NVIDIA GeForce RTX 2070
LogInit: Compiled (64-bit): Nov 30 2021 07:12:08
LogInit: Compiled with Visual C++: 19.24.28315.00
LogInit: Build Configuration: Development
LogInit: Branch Name: ++UE4+Release-4.27
LogInit: Command Line:  /Game/SideScrollerBP/Maps/SideScrollerExampleMap -game -PIEVIACONSOLE -Multiprocess GameUserSettingsINI=C:/Users/dros0008/Desktop/LevelDesign/SideScroller_V422/Saved/Config/Windows/PIEGameUserSettings0.ini -MultiprocessSaveConfig -forcepassthrough -messaging -SessionName="Play in Standalone Game" -windowed -WinX=315 -WinY=179 SAVEWINPOS=1 -ResX=1280 -ResY=720
LogInit: Base Directory: C:/Program Files/Epic Games/UE_4.27/Engine/Binaries/Win64/
LogInit: Allocator: TBB
LogInit: Installed Engine Build: 1
LogDevObjectVersion: Number of dev versions registered: 29
LogDevObjectVersion:   Dev-Blueprints (B0D832E4-1F89-4F0D-ACCF-7EB736FD4AA2): 10
LogDevObjectVersion:   Dev-Build (E1C64328-A22C-4D53-A36C-8E866417BD8C): 0
LogDevObjectVersion:   Dev-Core (375EC13C-06E4-48FB-B500-84F0262A717E): 4
LogDevObjectVersion:   Dev-Editor (E4B068ED-F494-42E9-A231-DA0B2E46BB41): 40
LogDevObjectVersion:   Dev-Framework (CFFC743F-43B0-4480-9391-14DF171D2073): 37
LogDevObjectVersion:   Dev-Mobile (B02B49B5-BB20-44E9-A304-32B752E40360): 3
LogDevObjectVersion:   Dev-Networking (A4E4105C-59A1-49B5-A7C5-40C4547EDFEE): 0
LogDevObjectVersion:   Dev-Online (39C831C9-5AE6-47DC-9A44-9C173E1C8E7C): 0
LogDevObjectVersion:   Dev-Physics (78F01B33-EBEA-4F98-B9B4-84EACCB95AA2): 14
LogDevObjectVersion:   Dev-Platform (6631380F-2D4D-43E0-8009-CF276956A95A): 0
LogDevObjectVersion:   Dev-Rendering (12F88B9F-8875-4AFC-A67C-D90C383ABD29): 45
LogDevObjectVersion:   Dev-Sequencer (7B5AE74C-D270-4C10-A958-57980B212A5A): 13
LogDevObjectVersion:   Dev-VR (D7296918-1DD6-4BDD-9DE2-64A83CC13884): 3
LogDevObjectVersion:   Dev-LoadTimes (C2A15278-BFE7-4AFE-6C17-90FF531DF755): 1
LogDevObjectVersion:   Private-Geometry (6EACA3D4-40EC-4CC1-B786-8BED09428FC5): 3
LogDevObjectVersion:   Dev-AnimPhys (29E575DD-E0A3-4627-9D10-D276232CDCEA): 17
LogDevObjectVersion:   Dev-Anim (AF43A65D-7FD3-4947-9873-3E8ED9C1BB05): 15
LogDevObjectVersion:   Dev-ReflectionCapture (6B266CEC-1EC7-4B8F-A30B-E4D90942FC07): 1
LogDevObjectVersion:   Dev-Automation (0DF73D61-A23F-47EA-B727-89E90C41499A): 1
LogDevObjectVersion:   FortniteMain (601D1886-AC64-4F84-AA16-D3DE0DEAC7D6): 47
LogDevObjectVersion:   FortniteRelease (E7086368-6B23-4C58-8439-1B7016265E91): 1
LogDevObjectVersion:   Dev-Enterprise (9DFFBCD6-494F-0158-E221-12823C92A888): 10
LogDevObjectVersion:   Dev-Niagara (F2AED0AC-9AFE-416F-8664-AA7FFA26D6FC): 1
LogDevObjectVersion:   Dev-Destruction (174F1F0B-B4C6-45A5-B13F-2EE8D0FB917D): 10
LogDevObjectVersion:   Dev-Physics-Ext (35F94A83-E258-406C-A318-09F59610247C): 41
LogDevObjectVersion:   Dev-PhysicsMaterial-Chaos (B68FC16E-8B1B-42E2-B453-215C058844FE): 1
LogDevObjectVersion:   Dev-CineCamera (B2E18506-4273-CFC2-A54E-F4BB758BBA07): 1
LogDevObjectVersion:   Dev-VirtualProduction (64F58936-FD1B-42BA-BA96-7289D5D0FA4E): 1
LogDevObjectVersion:   Dev-MediaFramework (6F0ED827-A609-4895-9C91-998D90180EA4): 2
LogInit: Presizing for max 25165824 objects, including 0 objects not considered by GC, pre-allocating 0 bytes for permanent pool.
LogConfig: Applying CVar settings from Section [/Script/Engine.StreamingSettings] File [C:/Users/dros0008/Desktop/LevelDesign/SideScroller_V422/Saved/Config/Windows/Engine.ini]
LogConfig: Setting CVar [[s.MinBulkDataSizeForAsyncLoading:131072]]
LogConfig: Setting CVar [[s.AsyncLoadingThreadEnabled:0]]
LogConfig: Setting CVar [[s.EventDrivenLoaderEnabled:1]]
LogConfig: Setting CVar [[s.WarnIfTimeLimitExceeded:0]]
LogConfig: Setting CVar [[s.TimeLimitExceededMultiplier:1.5]]
LogConfig: Setting CVar [[s.TimeLimitExceededMinTime:0.005]]
LogConfig: Setting CVar [[s.UseBackgroundLevelStreaming:1]]
LogConfig: Setting CVar [[s.PriorityAsyncLoadingExtraTime:15.0]]
LogConfig: Setting CVar [[s.LevelStreamingActorsUpdateTimeLimit:5.0]]
LogConfig: Setting CVar [[s.PriorityLevelStreamingActorsUpdateExtraTime:5.0]]
LogConfig: Setting CVar [[s.LevelStreamingComponentsRegistrationGranularity:10]]
LogConfig: Setting CVar [[s.UnregisterComponentsTimeLimit:1.0]]
LogConfig: Setting CVar [[s.LevelStreamingComponentsUnregistrationGranularity:5]]
LogConfig: Setting CVar [[s.FlushStreamingOnExit:1]]
LogInit: Object subsystem initialized
LogConfig: Setting CVar [[con.DebugEarlyDefault:1]]
LogConfig: Setting CVar [[r.setres:1280x720]]
[2022.11.21-19.22.07:537][  0]LogConfig: Setting CVar [[con.DebugEarlyDefault:1]]
[2022.11.21-19.22.07:537][  0]LogConfig: Setting CVar [[r.setres:1280x720]]
[2022.11.21-19.22.07:537][  0]LogConfig: Applying CVar settings from Section [/Script/Engine.RendererSettings] File [C:/Users/dros0008/Desktop/LevelDesign/SideScroller_V422/Saved/Config/Windows/Engine.ini]
[2022.11.21-19.22.07:537][  0]LogConfig: Setting CVar [[r.GPUCrashDebugging:0]]
[2022.11.21-19.22.07:537][  0]LogConfig: Applying CVar settings from Section [/Script/Engine.RendererOverrideSettings] File [C:/Users/dros0008/Desktop/LevelDesign/SideScroller_V422/Saved/Config/Windows/Engine.ini]
[2022.11.21-19.22.07:537][  0]LogConfig: Applying CVar settings from Section [/Script/Engine.StreamingSettings] File [C:/Users/dros0008/Desktop/LevelDesign/SideScroller_V422/Saved/Config/Windows/Engine.ini]
[2022.11.21-19.22.07:537][  0]LogConfig: Setting CVar [[s.MinBulkDataSizeForAsyncLoading:131072]]
[2022.11.21-19.22.07:537][  0]LogConfig: Setting CVar [[s.AsyncLoadingThreadEnabled:0]]
[2022.11.21-19.22.07:537][  0]LogConfig: Setting CVar [[s.EventDrivenLoaderEnabled:1]]
[2022.11.21-19.22.07:537][  0]LogConfig: Setting CVar [[s.WarnIfTimeLimitExceeded:0]]
[2022.11.21-19.22.07:537][  0]LogConfig: Setting CVar [[s.TimeLimitExceededMultiplier:1.5]]
[2022.11.21-19.22.07:537][  0]LogConfig: Setting CVar [[s.TimeLimitExceededMinTime:0.005]]
[2022.11.21-19.22.07:537][  0]LogConfig: Setting CVar [[s.UseBackgroundLevelStreaming:1]]
[2022.11.21-19.22.07:537][  0]LogConfig: Setting CVar [[s.PriorityAsyncLoadingExtraTime:15.0]]
[2022.11.21-19.22.07:537][  0]LogConfig: Setting CVar [[s.LevelStreamingActorsUpdateTimeLimit:5.0]]
[2022.11.21-19.22.07:537][  0]LogConfig: Setting CVar [[s.PriorityLevelStreamingActorsUpdateExtraTime:5.0]]
[2022.11.21-19.22.07:537][  0]LogConfig: Setting CVar [[s.LevelStreamingComponentsRegistrationGranularity:10]]
[2022.11.21-19.22.07:537][  0]LogConfig: Setting CVar [[s.UnregisterComponentsTimeLimit:1.0]]
[2022.11.21-19.22.07:537][  0]LogConfig: Setting CVar [[s.LevelStreamingComponentsUnregistrationGranularity:5]]
[2022.11.21-19.22.07:537][  0]LogConfig: Setting CVar [[s.FlushStreamingOnExit:1]]
[2022.11.21-19.22.07:537][  0]LogConfig: Applying CVar settings from Section [/Script/Engine.GarbageCollectionSettings] File [C:/Users/dros0008/Desktop/LevelDesign/SideScroller_V422/Saved/Config/Windows/Engine.ini]
[2022.11.21-19.22.07:537][  0]LogConfig: Setting CVar [[gc.MaxObjectsNotConsideredByGC:1]]
[2022.11.21-19.22.07:537][  0]LogConfig: Setting CVar [[gc.SizeOfPermanentObjectPool:0]]
[2022.11.21-19.22.07:537][  0]LogConfig: Setting CVar [[gc.FlushStreamingOnGC:0]]
[2022.11.21-19.22.07:537][  0]LogConfig: Setting CVar [[gc.NumRetriesBeforeForcingGC:10]]
[2022.11.21-19.22.07:537][  0]LogConfig: Setting CVar [[gc.AllowParallelGC:1]]
[2022.11.21-19.22.07:537][  0]LogConfig: Setting CVar [[gc.TimeBetweenPurgingPendingKillObjects:61.1]]
[2022.11.21-19.22.07:537][  0]LogConfig: Setting CVar [[gc.MaxObjectsInEditor:25165824]]
[2022.11.21-19.22.07:537][  0]LogConfig: Setting CVar [[gc.IncrementalBeginDestroyEnabled:1]]
[2022.11.21-19.22.07:537][  0]LogConfig: Setting CVar [[gc.CreateGCClusters:1]]
[2022.11.21-19.22.07:537][  0]LogConfig: Setting CVar [[gc.MinGCClusterSize:5]]
[2022.11.21-19.22.07:537][  0]LogConfig: Setting CVar [[gc.ActorClusteringEnabled:0]]
[2022.11.21-19.22.07:537][  0]LogConfig: Setting CVar [[gc.BlueprintClusteringEnabled:0]]
[2022.11.21-19.22.07:537][  0]LogConfig: Setting CVar [[gc.UseDisregardForGCOnDedicatedServers:0]]
[2022.11.21-19.22.07:537][  0]LogConfig: Setting CVar [[gc.MultithreadedDestructionEnabled:1]]
[2022.11.21-19.22.07:537][  0]LogConfig: Applying CVar settings from Section [/Script/Engine.NetworkSettings] File [C:/Users/dros0008/Desktop/LevelDesign/SideScroller_V422/Saved/Config/Windows/Engine.ini]
[2022.11.21-19.22.07:537][  0]LogConfig: Applying CVar settings from Section [/Script/UnrealEd.CookerSettings] File [C:/Users/dros0008/Desktop/LevelDesign/SideScroller_V422/Saved/Config/Windows/Engine.ini]
[2022.11.21-19.22.07:545][  0]LogConfig: Applying CVar settings from Section [ViewDistanceQuality@3] File [C:/Users/dros0008/Desktop/LevelDesign/SideScroller_V422/Saved/Config/Windows/Scalability.ini]
[2022.11.21-19.22.07:545][  0]LogConfig: Setting CVar [[r.SkeletalMeshLODBias:0]]
[2022.11.21-19.22.07:545][  0]LogConfig: Setting CVar [[r.ViewDistanceScale:1.0]]
[2022.11.21-19.22.07:545][  0]LogConfig: Applying CVar settings from Section [AntiAliasingQuality@3] File [C:/Users/dros0008/Desktop/LevelDesign/SideScroller_V422/Saved/Config/Windows/Scalability.ini]
[2022.11.21-19.22.07:545][  0]LogConfig: Setting CVar [[r.PostProcessAAQuality:4]]
[2022.11.21-19.22.07:545][  0]LogConfig: Applying CVar settings from Section [ShadowQuality@3] File [C:/Users/dros0008/Desktop/LevelDesign/SideScroller_V422/Saved/Config/Windows/Scalability.ini]
[2022.11.21-19.22.07:545][  0]LogConfig: Setting CVar [[r.LightFunctionQuality:1]]
[2022.11.21-19.22.07:545][  0]LogConfig: Setting CVar [[r.ShadowQuality:5]]
[2022.11.21-19.22.07:545][  0]LogConfig: Setting CVar [[r.Shadow.CSM.MaxCascades:10]]
[2022.11.21-19.22.07:545][  0]LogConfig: Setting CVar [[r.Shadow.MaxResolution:2048]]
[2022.11.21-19.22.07:545][  0]LogConfig: Setting CVar [[r.Shadow.MaxCSMResolution:2048]]
[2022.11.21-19.22.07:545][  0]LogConfig: Setting CVar [[r.Shadow.RadiusThreshold:0.01]]
[2022.11.21-19.22.07:545][  0]LogConfig: Setting CVar [[r.Shadow.DistanceScale:1.0]]
[2022.11.21-19.22.07:545][  0]LogConfig: Setting CVar [[r.Shadow.CSM.TransitionScale:1.0]]
[2022.11.21-19.22.07:545][  0]LogConfig: Setting CVar [[r.Shadow.PreShadowResolutionFactor:1.0]]
[2022.11.21-19.22.07:545][  0]LogConfig: Setting CVar [[r.DistanceFieldShadowing:1]]
[2022.11.21-19.22.07:545][  0]LogConfig: Setting CVar [[r.DistanceFieldAO:1]]
[2022.11.21-19.22.07:545][  0]LogConfig: Setting CVar [[r.AOQuality:2]]
[2022.11.21-19.22.07:545][  0]LogConfig: Setting CVar [[r.VolumetricFog:1]]
[2022.11.21-19.22.07:545][  0]LogConfig: Setting CVar [[r.VolumetricFog.GridPixelSize:8]]
[2022.11.21-19.22.07:545][  0]LogConfig: Setting CVar [[r.VolumetricFog.GridSizeZ:128]]
[2022.11.21-19.22.07:545][  0]LogConfig: Setting CVar [[r.VolumetricFog.HistoryMissSupersampleCount:4]]
[2022.11.21-19.22.07:545][  0]LogConfig: Setting CVar [[r.LightMaxDrawDistanceScale:1]]
[2022.11.21-19.22.07:545][  0]LogConfig: Setting CVar [[r.CapsuleShadows:1]]
[2022.11.21-19.22.07:545][  0]LogConfig: Applying CVar settings from Section [PostProcessQuality@3] File [C:/Users/dros0008/Desktop/LevelDesign/SideScroller_V422/Saved/Config/Windows/Scalability.ini]
[2022.11.21-19.22.07:545][  0]LogConfig: Setting CVar [[r.MotionBlurQuality:4]]
[2022.11.21-19.22.07:545][  0]LogConfig: Setting CVar [[r.AmbientOcclusionMipLevelFactor:0.4]]
[2022.11.21-19.22.07:545][  0]LogConfig: Setting CVar [[r.AmbientOcclusionMaxQuality:100]]
[2022.11.21-19.22.07:545][  0]LogConfig: Setting CVar [[r.AmbientOcclusionLevels:-1]]
[2022.11.21-19.22.07:545][  0]LogConfig: Setting CVar [[r.AmbientOcclusionRadiusScale:1.0]]
[2022.11.21-19.22.07:545][  0]LogConfig: Setting CVar [[r.DepthOfFieldQuality:2]]
[2022.11.21-19.22.07:545][  0]LogConfig: Setting CVar [[r.RenderTargetPoolMin:400]]
[2022.11.21-19.22.07:545][  0]LogConfig: Setting CVar [[r.LensFlareQuality:2]]
[2022.11.21-19.22.07:545][  0]LogConfig: Setting CVar [[r.SceneColorFringeQuality:1]]
[2022.11.21-19.22.07:545][  0]LogConfig: Setting CVar [[r.EyeAdaptationQuality:2]]
[2022.11.21-19.22.07:545][  0]LogConfig: Setting CVar [[r.BloomQuality:5]]
[2022.11.21-19.22.07:545][  0]LogConfig: Setting CVar [[r.FastBlurThreshold:100]]
[2022.11.21-19.22.07:545][  0]LogConfig: Setting CVar [[r.Upscale.Quality:3]]
[2022.11.21-19.22.07:545][  0]LogConfig: Setting CVar [[r.Tonemapper.GrainQuantization:1]]
[2022.11.21-19.22.07:545][  0]LogConfig: Setting CVar [[r.LightShaftQuality:1]]
[2022.11.21-19.22.07:546][  0]LogConfig: Setting CVar [[r.Filter.SizeScale:1]]
[2022.11.21-19.22.07:546][  0]LogConfig: Setting CVar [[r.Tonemapper.Quality:5]]
[2022.11.21-19.22.07:546][  0]LogConfig: Setting CVar [[r.DOF.Gather.AccumulatorQuality:1        ; higher gathering accumulator quality]]
[2022.11.21-19.22.07:546][  0]LogConfig: Setting CVar [[r.DOF.Gather.PostfilterMethod:1          ; Median3x3 postfilering method]]
[2022.11.21-19.22.07:546][  0]LogConfig: Setting CVar [[r.DOF.Gather.EnableBokehSettings:0       ; no bokeh simulation when gathering]]
[2022.11.21-19.22.07:546][  0]LogConfig: Setting CVar [[r.DOF.Gather.RingCount:4                 ; medium number of samples when gathering]]
[2022.11.21-19.22.07:546][  0]LogConfig: Setting CVar [[r.DOF.Scatter.ForegroundCompositing:1    ; additive foreground scattering]]
[2022.11.21-19.22.07:546][  0]LogConfig: Setting CVar [[r.DOF.Scatter.BackgroundCompositing:2    ; additive background scattering]]
[2022.11.21-19.22.07:546][  0]LogConfig: Setting CVar [[r.DOF.Scatter.EnableBokehSettings:1      ; bokeh simulation when scattering]]
[2022.11.21-19.22.07:546][  0]LogConfig: Setting CVar [[r.DOF.Scatter.MaxSpriteRatio:0.1         ; only a maximum of 10% of scattered bokeh]]
[2022.11.21-19.22.07:546][  0]LogConfig: Setting CVar [[r.DOF.Recombine.Quality:1                ; cheap slight out of focus]]
[2022.11.21-19.22.07:546][  0]LogConfig: Setting CVar [[r.DOF.Recombine.EnableBokehSettings:0    ; no bokeh simulation on slight out of focus]]
[2022.11.21-19.22.07:546][  0]LogConfig: Setting CVar [[r.DOF.TemporalAAQuality:1                ; more stable temporal accumulation]]
[2022.11.21-19.22.07:546][  0]LogConfig: Setting CVar [[r.DOF.Kernel.MaxForegroundRadius:0.025]]
[2022.11.21-19.22.07:546][  0]LogConfig: Setting CVar [[r.DOF.Kernel.MaxBackgroundRadius:0.025]]
[2022.11.21-19.22.07:546][  0]LogConfig: Applying CVar settings from Section [TextureQuality@3] File [C:/Users/dros0008/Desktop/LevelDesign/SideScroller_V422/Saved/Config/Windows/Scalability.ini]
[2022.11.21-19.22.07:546][  0]LogConfig: Setting CVar [[r.Streaming.MipBias:0]]
[2022.11.21-19.22.07:546][  0]LogConfig: Setting CVar [[r.Streaming.AmortizeCPUToGPUCopy:0]]
[2022.11.21-19.22.07:546][  0]LogConfig: Setting CVar [[r.Streaming.MaxNumTexturesToStreamPerFrame:0]]
[2022.11.21-19.22.07:546][  0]LogConfig: Setting CVar [[r.Streaming.Boost:1]]
[2022.11.21-19.22.07:546][  0]LogConfig: Setting CVar [[r.MaxAnisotropy:8]]
[2022.11.21-19.22.07:546][  0]LogConfig: Setting CVar [[r.VT.MaxAnisotropy:8]]
[2022.11.21-19.22.07:546][  0]LogConfig: Setting CVar [[r.Streaming.LimitPoolSizeToVRAM:0]]
[2022.11.21-19.22.07:546][  0]LogConfig: Setting CVar [[r.Streaming.PoolSize:1000]]
[2022.11.21-19.22.07:546][  0]LogConfig: Setting CVar [[r.Streaming.MaxEffectiveScreenSize:0]]
[2022.11.21-19.22.07:546][  0]LogConfig: Applying CVar settings from Section [EffectsQuality@3] File [C:/Users/dros0008/Desktop/LevelDesign/SideScroller_V422/Saved/Config/Windows/Scalability.ini]
[2022.11.21-19.22.07:546][  0]LogConfig: Setting CVar [[r.TranslucencyLightingVolumeDim:64]]
[2022.11.21-19.22.07:546][  0]LogConfig: Setting CVar [[r.RefractionQuality:2]]
[2022.11.21-19.22.07:546][  0]LogConfig: Setting CVar [[r.SSR.Quality:3]]
[2022.11.21-19.22.07:546][  0]LogConfig: Setting CVar [[r.SSR.HalfResSceneColor:0]]
[2022.11.21-19.22.07:546][  0]LogConfig: Setting CVar [[r.SceneColorFormat:4]]
[2022.11.21-19.22.07:546][  0]LogConfig: Setting CVar [[r.DetailMode:2]]
[2022.11.21-19.22.07:546][  0]LogConfig: Setting CVar [[r.TranslucencyVolumeBlur:1]]
[2022.11.21-19.22.07:546][  0]LogConfig: Setting CVar [[r.MaterialQualityLevel:1 ; High quality]]
[2022.11.21-19.22.07:546][  0]LogConfig: Setting CVar [[r.AnisotropicMaterials:1]]
[2022.11.21-19.22.07:546][  0]LogConfig: Setting CVar [[r.SSS.Scale:1]]
[2022.11.21-19.22.07:546][  0]LogConfig: Setting CVar [[r.SSS.SampleSet:2]]
[2022.11.21-19.22.07:546][  0]LogConfig: Setting CVar [[r.SSS.Quality:1]]
[2022.11.21-19.22.07:546][  0]LogConfig: Setting CVar [[r.SSS.HalfRes:0]]
[2022.11.21-19.22.07:546][  0]LogConfig: Setting CVar [[r.SSGI.Quality:3]]
[2022.11.21-19.22.07:546][  0]LogConfig: Setting CVar [[r.EmitterSpawnRateScale:1.0]]
[2022.11.21-19.22.07:546][  0]LogConfig: Setting CVar [[r.ParticleLightQuality:2]]
[2022.11.21-19.22.07:546][  0]LogConfig: Setting CVar [[r.SkyAtmosphere.AerialPerspectiveLUT.FastApplyOnOpaque:1 ; Always have FastSkyLUT 1 in this case to avoid wrong sky]]
[2022.11.21-19.22.07:546][  0]LogConfig: Setting CVar [[r.SkyAtmosphere.AerialPerspectiveLUT.SampleCountMaxPerSlice:4]]
[2022.11.21-19.22.07:546][  0]LogConfig: Setting CVar [[r.SkyAtmosphere.AerialPerspectiveLUT.DepthResolution:16.0]]
[2022.11.21-19.22.07:546][  0]LogConfig: Setting CVar [[r.SkyAtmosphere.FastSkyLUT:1]]
[2022.11.21-19.22.07:546][  0]LogConfig: Setting CVar [[r.SkyAtmosphere.FastSkyLUT.SampleCountMin:4.0]]
[2022.11.21-19.22.07:546][  0]LogConfig: Setting CVar [[r.SkyAtmosphere.FastSkyLUT.SampleCountMax:128.0]]
[2022.11.21-19.22.07:546][  0]LogConfig: Setting CVar [[r.SkyAtmosphere.SampleCountMin:4.0]]
[2022.11.21-19.22.07:546][  0]LogConfig: Setting CVar [[r.SkyAtmosphere.SampleCountMax:128.0]]
[2022.11.21-19.22.07:546][  0]LogConfig: Setting CVar [[r.SkyAtmosphere.TransmittanceLUT.UseSmallFormat:0]]
[2022.11.21-19.22.07:546][  0]LogConfig: Setting CVar [[r.SkyAtmosphere.TransmittanceLUT.SampleCount:10.0]]
[2022.11.21-19.22.07:546][  0]LogConfig: Setting CVar [[r.SkyAtmosphere.MultiScatteringLUT.SampleCount:15.0]]
[2022.11.21-19.22.07:546][  0]LogConfig: Setting CVar [[r.SkyLight.RealTimeReflectionCapture:1]]
[2022.11.21-19.22.07:546][  0]LogConfig: Applying CVar settings from Section [FoliageQuality@3] File [C:/Users/dros0008/Desktop/LevelDesign/SideScroller_V422/Saved/Config/Windows/Scalability.ini]
[2022.11.21-19.22.07:546][  0]LogConfig: Setting CVar [[foliage.DensityScale:1.0]]
[2022.11.21-19.22.07:546][  0]LogConfig: Setting CVar [[grass.DensityScale:1.0]]
[2022.11.21-19.22.07:546][  0]LogConfig: Applying CVar settings from Section [ShadingQuality@3] File [C:/Users/dros0008/Desktop/LevelDesign/SideScroller_V422/Saved/Config/Windows/Scalability.ini]
[2022.11.21-19.22.07:546][  0]LogConfig: Setting CVar [[r.HairStrands.SkyLighting.IntegrationType:2]]
[2022.11.21-19.22.07:546][  0]LogConfig: Setting CVar [[r.HairStrands.SkyAO.SampleCount:4]]
[2022.11.21-19.22.07:546][  0]LogConfig: Setting CVar [[r.HairStrands.Visibility.MSAA.SamplePerPixel:4]]
[2022.11.21-19.22.07:546][  0]LogInit: Selected Device Profile: [Windows]
[2022.11.21-19.22.07:546][  0]LogInit: Applying CVar settings loaded from the selected device profile: [Windows]
[2022.11.21-19.22.07:546][  0]LogHAL: Display: Platform has ~ 16 GB [17096134656 / 17179869184 / 16], which maps to Larger [LargestMinGB=32, LargerMinGB=12, DefaultMinGB=8, SmallerMinGB=6, SmallestMinGB=0)
[2022.11.21-19.22.07:546][  0]LogInit: Going up to parent DeviceProfile []
[2022.11.21-19.22.07:546][  0]LogConfig: Applying CVar settings from Section [ViewDistanceQuality@3] File [C:/Users/dros0008/Desktop/LevelDesign/SideScroller_V422/Saved/Config/Windows/Scalability.ini]
[2022.11.21-19.22.07:546][  0]LogConfig: Setting CVar [[r.SkeletalMeshLODBias:0]]
[2022.11.21-19.22.07:546][  0]LogConfig: Setting CVar [[r.ViewDistanceScale:1.0]]
[2022.11.21-19.22.07:546][  0]LogConfig: Applying CVar settings from Section [AntiAliasingQuality@3] File [C:/Users/dros0008/Desktop/LevelDesign/SideScroller_V422/Saved/Config/Windows/Scalability.ini]
[2022.11.21-19.22.07:546][  0]LogConfig: Setting CVar [[r.PostProcessAAQuality:4]]
[2022.11.21-19.22.07:546][  0]LogConfig: Applying CVar settings from Section [ShadowQuality@3] File [C:/Users/dros0008/Desktop/LevelDesign/SideScroller_V422/Saved/Config/Windows/Scalability.ini]
[2022.11.21-19.22.07:546][  0]LogConfig: Setting CVar [[r.LightFunctionQuality:1]]
[2022.11.21-19.22.07:546][  0]LogConfig: Setting CVar [[r.ShadowQuality:5]]
[2022.11.21-19.22.07:546][  0]LogConfig: Setting CVar [[r.Shadow.CSM.MaxCascades:10]]
[2022.11.21-19.22.07:546][  0]LogConfig: Setting CVar [[r.Shadow.MaxResolution:2048]]
[2022.11.21-19.22.07:546][  0]LogConfig: Setting CVar [[r.Shadow.MaxCSMResolution:2048]]
[2022.11.21-19.22.07:546][  0]LogConfig: Setting CVar [[r.Shadow.RadiusThreshold:0.01]]
[2022.11.21-19.22.07:546][  0]LogConfig: Setting CVar [[r.Shadow.DistanceScale:1.0]]
[2022.11.21-19.22.07:546][  0]LogConfig: Setting CVar [[r.Shadow.CSM.TransitionScale:1.0]]
[2022.11.21-19.22.07:546][  0]LogConfig: Setting CVar [[r.Shadow.PreShadowResolutionFactor:1.0]]
[2022.11.21-19.22.07:546][  0]LogConfig: Setting CVar [[r.DistanceFieldShadowing:1]]
[2022.11.21-19.22.07:546][  0]LogConfig: Setting CVar [[r.DistanceFieldAO:1]]
[2022.11.21-19.22.07:546][  0]LogConfig: Setting CVar [[r.AOQuality:2]]
[2022.11.21-19.22.07:546][  0]LogConfig: Setting CVar [[r.VolumetricFog:1]]
[2022.11.21-19.22.07:546][  0]LogConfig: Setting CVar [[r.VolumetricFog.GridPixelSize:8]]
[2022.11.21-19.22.07:546][  0]LogConfig: Setting CVar [[r.VolumetricFog.GridSizeZ:128]]
[2022.11.21-19.22.07:546][  0]LogConfig: Setting CVar [[r.VolumetricFog.HistoryMissSupersampleCount:4]]
[2022.11.21-19.22.07:546][  0]LogConfig: Setting CVar [[r.LightMaxDrawDistanceScale:1]]
[2022.11.21-19.22.07:546][  0]LogConfig: Setting CVar [[r.CapsuleShadows:1]]
[2022.11.21-19.22.07:546][  0]LogConfig: Applying CVar settings from Section [PostProcessQuality@3] File [C:/Users/dros0008/Desktop/LevelDesign/SideScroller_V422/Saved/Config/Windows/Scalability.ini]
[2022.11.21-19.22.07:546][  0]LogConfig: Setting CVar [[r.MotionBlurQuality:4]]
[2022.11.21-19.22.07:546][  0]LogConfig: Setting CVar [[r.AmbientOcclusionMipLevelFactor:0.4]]
[2022.11.21-19.22.07:546][  0]LogConfig: Setting CVar [[r.AmbientOcclusionMaxQuality:100]]
[2022.11.21-19.22.07:546][  0]LogConfig: Setting CVar [[r.AmbientOcclusionLevels:-1]]
[2022.11.21-19.22.07:546][  0]LogConfig: Setting CVar [[r.AmbientOcclusionRadiusScale:1.0]]
[2022.11.21-19.22.07:546][  0]LogConfig: Setting CVar [[r.DepthOfFieldQuality:2]]
[2022.11.21-19.22.07:546][  0]LogConfig: Setting CVar [[r.RenderTargetPoolMin:400]]
[2022.11.21-19.22.07:546][  0]LogConfig: Setting CVar [[r.LensFlareQuality:2]]
[2022.11.21-19.22.07:546][  0]LogConfig: Setting CVar [[r.SceneColorFringeQuality:1]]
[2022.11.21-19.22.07:547][  0]LogConfig: Setting CVar [[r.EyeAdaptationQuality:2]]
[2022.11.21-19.22.07:547][  0]LogConfig: Setting CVar [[r.BloomQuality:5]]
[2022.11.21-19.22.07:547][  0]LogConfig: Setting CVar [[r.FastBlurThreshold:100]]
[2022.11.21-19.22.07:547][  0]LogConfig: Setting CVar [[r.Upscale.Quality:3]]
[2022.11.21-19.22.07:547][  0]LogConfig: Setting CVar [[r.Tonemapper.GrainQuantization:1]]
[2022.11.21-19.22.07:547][  0]LogConfig: Setting CVar [[r.LightShaftQuality:1]]
[2022.11.21-19.22.07:547][  0]LogConfig: Setting CVar [[r.Filter.SizeScale:1]]
[2022.11.21-19.22.07:547][  0]LogConfig: Setting CVar [[r.Tonemapper.Quality:5]]
[2022.11.21-19.22.07:547][  0]LogConfig: Setting CVar [[r.DOF.Gather.AccumulatorQuality:1        ; higher gathering accumulator quality]]
[2022.11.21-19.22.07:547][  0]LogConfig: Setting CVar [[r.DOF.Gather.PostfilterMethod:1          ; Median3x3 postfilering method]]
[2022.11.21-19.22.07:547][  0]LogConfig: Setting CVar [[r.DOF.Gather.EnableBokehSettings:0       ; no bokeh simulation when gathering]]
[2022.11.21-19.22.07:547][  0]LogConfig: Setting CVar [[r.DOF.Gather.RingCount:4                 ; medium number of samples when gathering]]
[2022.11.21-19.22.07:547][  0]LogConfig: Setting CVar [[r.DOF.Scatter.ForegroundCompositing:1    ; additive foreground scattering]]
[2022.11.21-19.22.07:547][  0]LogConfig: Setting CVar [[r.DOF.Scatter.BackgroundCompositing:2    ; additive background scattering]]
[2022.11.21-19.22.07:547][  0]LogConfig: Setting CVar [[r.DOF.Scatter.EnableBokehSettings:1      ; bokeh simulation when scattering]]
[2022.11.21-19.22.07:547][  0]LogConfig: Setting CVar [[r.DOF.Scatter.MaxSpriteRatio:0.1         ; only a maximum of 10% of scattered bokeh]]
[2022.11.21-19.22.07:547][  0]LogConfig: Setting CVar [[r.DOF.Recombine.Quality:1                ; cheap slight out of focus]]
[2022.11.21-19.22.07:547][  0]LogConfig: Setting CVar [[r.DOF.Recombine.EnableBokehSettings:0    ; no bokeh simulation on slight out of focus]]
[2022.11.21-19.22.07:547][  0]LogConfig: Setting CVar [[r.DOF.TemporalAAQuality:1                ; more stable temporal accumulation]]
[2022.11.21-19.22.07:547][  0]LogConfig: Setting CVar [[r.DOF.Kernel.MaxForegroundRadius:0.025]]
[2022.11.21-19.22.07:547][  0]LogConfig: Setting CVar [[r.DOF.Kernel.MaxBackgroundRadius:0.025]]
[2022.11.21-19.22.07:547][  0]LogConfig: Applying CVar settings from Section [TextureQuality@3] File [C:/Users/dros0008/Desktop/LevelDesign/SideScroller_V422/Saved/Config/Windows/Scalability.ini]
[2022.11.21-19.22.07:547][  0]LogConfig: Setting CVar [[r.Streaming.MipBias:0]]
[2022.11.21-19.22.07:547][  0]LogConfig: Setting CVar [[r.Streaming.AmortizeCPUToGPUCopy:0]]
[2022.11.21-19.22.07:547][  0]LogConfig: Setting CVar [[r.Streaming.MaxNumTexturesToStreamPerFrame:0]]
[2022.11.21-19.22.07:547][  0]LogConfig: Setting CVar [[r.Streaming.Boost:1]]
[2022.11.21-19.22.07:547][  0]LogConfig: Setting CVar [[r.MaxAnisotropy:8]]
[2022.11.21-19.22.07:547][  0]LogConfig: Setting CVar [[r.VT.MaxAnisotropy:8]]
[2022.11.21-19.22.07:547][  0]LogConfig: Setting CVar [[r.Streaming.LimitPoolSizeToVRAM:0]]
[2022.11.21-19.22.07:547][  0]LogConfig: Setting CVar [[r.Streaming.PoolSize:1000]]
[2022.11.21-19.22.07:547][  0]LogConfig: Setting CVar [[r.Streaming.MaxEffectiveScreenSize:0]]
[2022.11.21-19.22.07:547][  0]LogConfig: Applying CVar settings from Section [EffectsQuality@3] File [C:/Users/dros0008/Desktop/LevelDesign/SideScroller_V422/Saved/Config/Windows/Scalability.ini]
[2022.11.21-19.22.07:547][  0]LogConfig: Setting CVar [[r.TranslucencyLightingVolumeDim:64]]
[2022.11.21-19.22.07:547][  0]LogConfig: Setting CVar [[r.RefractionQuality:2]]
[2022.11.21-19.22.07:547][  0]LogConfig: Setting CVar [[r.SSR.Quality:3]]
[2022.11.21-19.22.07:547][  0]LogConfig: Setting CVar [[r.SSR.HalfResSceneColor:0]]
[2022.11.21-19.22.07:547][  0]LogConfig: Setting CVar [[r.SceneColorFormat:4]]
[2022.11.21-19.22.07:547][  0]LogConfig: Setting CVar [[r.DetailMode:2]]
[2022.11.21-19.22.07:547][  0]LogConfig: Setting CVar [[r.TranslucencyVolumeBlur:1]]
[2022.11.21-19.22.07:547][  0]LogConfig: Setting CVar [[r.MaterialQualityLevel:1 ; High quality]]
[2022.11.21-19.22.07:547][  0]LogConfig: Setting CVar [[r.AnisotropicMaterials:1]]
[2022.11.21-19.22.07:547][  0]LogConfig: Setting CVar [[r.SSS.Scale:1]]
[2022.11.21-19.22.07:547][  0]LogConfig: Setting CVar [[r.SSS.SampleSet:2]]
[2022.11.21-19.22.07:547][  0]LogConfig: Setting CVar [[r.SSS.Quality:1]]
[2022.11.21-19.22.07:547][  0]LogConfig: Setting CVar [[r.SSS.HalfRes:0]]
[2022.11.21-19.22.07:547][  0]LogConfig: Setting CVar [[r.SSGI.Quality:3]]
[2022.11.21-19.22.07:547][  0]LogConfig: Setting CVar [[r.EmitterSpawnRateScale:1.0]]
[2022.11.21-19.22.07:547][  0]LogConfig: Setting CVar [[r.ParticleLightQuality:2]]
[2022.11.21-19.22.07:547][  0]LogConfig: Setting CVar [[r.SkyAtmosphere.AerialPerspectiveLUT.FastApplyOnOpaque:1 ; Always have FastSkyLUT 1 in this case to avoid wrong sky]]
[2022.11.21-19.22.07:547][  0]LogConfig: Setting CVar [[r.SkyAtmosphere.AerialPerspectiveLUT.SampleCountMaxPerSlice:4]]
[2022.11.21-19.22.07:547][  0]LogConfig: Setting CVar [[r.SkyAtmosphere.AerialPerspectiveLUT.DepthResolution:16.0]]
[2022.11.21-19.22.07:547][  0]LogConfig: Setting CVar [[r.SkyAtmosphere.FastSkyLUT:1]]
[2022.11.21-19.22.07:547][  0]LogConfig: Setting CVar [[r.SkyAtmosphere.FastSkyLUT.SampleCountMin:4.0]]
[2022.11.21-19.22.07:547][  0]LogConfig: Setting CVar [[r.SkyAtmosphere.FastSkyLUT.SampleCountMax:128.0]]
[2022.11.21-19.22.07:547][  0]LogConfig: Setting CVar [[r.SkyAtmosphere.SampleCountMin:4.0]]
[2022.11.21-19.22.07:547][  0]LogConfig: Setting CVar [[r.SkyAtmosphere.SampleCountMax:128.0]]
[2022.11.21-19.22.07:547][  0]LogConfig: Setting CVar [[r.SkyAtmosphere.TransmittanceLUT.UseSmallFormat:0]]
[2022.11.21-19.22.07:547][  0]LogConfig: Setting CVar [[r.SkyAtmosphere.TransmittanceLUT.SampleCount:10.0]]
[2022.11.21-19.22.07:547][  0]LogConfig: Setting CVar [[r.SkyAtmosphere.MultiScatteringLUT.SampleCount:15.0]]
[2022.11.21-19.22.07:547][  0]LogConfig: Setting CVar [[r.SkyLight.RealTimeReflectionCapture:1]]
[2022.11.21-19.22.07:547][  0]LogConfig: Applying CVar settings from Section [FoliageQuality@3] File [C:/Users/dros0008/Desktop/LevelDesign/SideScroller_V422/Saved/Config/Windows/Scalability.ini]
[2022.11.21-19.22.07:547][  0]LogConfig: Setting CVar [[foliage.DensityScale:1.0]]
[2022.11.21-19.22.07:547][  0]LogConfig: Setting CVar [[grass.DensityScale:1.0]]
[2022.11.21-19.22.07:547][  0]LogConfig: Applying CVar settings from Section [ShadingQuality@3] File [C:/Users/dros0008/Desktop/LevelDesign/SideScroller_V422/Saved/Config/Windows/Scalability.ini]
[2022.11.21-19.22.07:547][  0]LogConfig: Setting CVar [[r.HairStrands.SkyLighting.IntegrationType:2]]
[2022.11.21-19.22.07:547][  0]LogConfig: Setting CVar [[r.HairStrands.SkyAO.SampleCount:4]]
[2022.11.21-19.22.07:547][  0]LogConfig: Setting CVar [[r.HairStrands.Visibility.MSAA.SamplePerPixel:4]]
[2022.11.21-19.22.07:547][  0]LogConfig: Applying CVar settings from Section [Startup] File [../../../Engine/Config/ConsoleVariables.ini]
[2022.11.21-19.22.07:547][  0]LogConfig: Setting CVar [[net.UseAdaptiveNetUpdateFrequency:0]]
[2022.11.21-19.22.07:547][  0]LogConfig: Setting CVar [[p.chaos.AllowCreatePhysxBodies:1]]
[2022.11.21-19.22.07:547][  0]LogConfig: Setting CVar [[fx.SkipVectorVMBackendOptimizations:1]]
[2022.11.21-19.22.07:547][  0]LogConfig: Applying CVar settings from Section [ConsoleVariables] File [C:/Users/dros0008/Desktop/LevelDesign/SideScroller_V422/Saved/Config/Windows/Engine.ini]
[2022.11.21-19.22.07:547][  0]LogConfig: Applying CVar settings from Section [ConsoleVariables] File [C:/Users/dros0008/Desktop/LevelDesign/SideScroller_V422/Saved/Config/Windows/Editor.ini]
[2022.11.21-19.22.07:547][  0]LogInit: Computer: WT220-03
[2022.11.21-19.22.07:547][  0]LogInit: User: dros0008
[2022.11.21-19.22.07:547][  0]LogInit: CPU Page size=4096, Cores=8
[2022.11.21-19.22.07:547][  0]LogInit: High frequency timer resolution =10.000000 MHz
[2022.11.21-19.22.07:547][  0]LogMemory: Memory total: Physical=15.9GB (16GB approx)
[2022.11.21-19.22.07:547][  0]LogMemory: Platform Memory Stats for Windows
[2022.11.21-19.22.07:547][  0]LogMemory: Process Physical Memory: 142.03 MB used, 142.03 MB peak
[2022.11.21-19.22.07:547][  0]LogMemory: Process Virtual Memory: 127.09 MB used, 127.09 MB peak
[2022.11.21-19.22.07:547][  0]LogMemory: Physical Memory: 6354.00 MB used,  9950.14 MB free, 16304.14 MB total
[2022.11.21-19.22.07:547][  0]LogMemory: Virtual Memory: 134210600.00 MB used,  7131.64 MB free, 134217728.00 MB total
[2022.11.21-19.22.07:552][  0]LogWindows: WindowsPlatformFeatures enabled
[2022.11.21-19.22.07:587][  0]LogInit: Physics initialised using underlying interface: PhysX
[2022.11.21-19.22.07:587][  0]LogInit: Using OS detected language (en-US).
[2022.11.21-19.22.07:587][  0]LogInit: Using OS detected locale (en-US).
[2022.11.21-19.22.07:588][  0]LogTextLocalizationManager: No specific localization for 'en-US' exists, so the 'en' localization will be used.
[2022.11.21-19.22.07:745][  0]LogWindowsTextInputMethodSystem: Display: IME system deactivated.
[2022.11.21-19.22.07:764][  0]LogSlate: New Slate User Created.  User Index 0, Is Virtual User: 0
[2022.11.21-19.22.07:764][  0]LogSlate: Slate User Registered.  User Index 0, Is Virtual User: 0
[2022.11.21-19.22.07:777][  0]LogD3D11RHI: Loaded GFSDK_Aftermath_Lib.x64.dll
[2022.11.21-19.22.07:780][  0]LogHMD: Failed to initialize OpenVR with code 110
[2022.11.21-19.22.07:780][  0]LogD3D11RHI: D3D11 min allowed feature level: 11_0
[2022.11.21-19.22.07:780][  0]LogD3D11RHI: D3D11 max allowed feature level: 11_0
[2022.11.21-19.22.07:780][  0]LogD3D11RHI: D3D11 adapters:
[2022.11.21-19.22.07:844][  0]LogD3D11RHI:    0. 'NVIDIA GeForce RTX 2070' (Feature Level 11_0)
[2022.11.21-19.22.07:844][  0]LogD3D11RHI:       8031/0/8152 MB DedicatedVideo/DedicatedSystem/SharedSystem, Outputs:1, VendorId:0x10de
[2022.11.21-19.22.07:846][  0]LogD3D11RHI:    1. 'Microsoft Basic Render Driver' (Feature Level 11_0)
[2022.11.21-19.22.07:846][  0]LogD3D11RHI:       0/0/8152 MB DedicatedVideo/DedicatedSystem/SharedSystem, Outputs:0, VendorId:0x1414
[2022.11.21-19.22.07:846][  0]LogD3D11RHI: Chosen D3D11 Adapter:
[2022.11.21-19.22.07:846][  0]LogD3D11RHI:     Description : NVIDIA GeForce RTX 2070
[2022.11.21-19.22.07:846][  0]LogD3D11RHI:     VendorId    : 10de
[2022.11.21-19.22.07:846][  0]LogD3D11RHI:     DeviceId    : 1f02
[2022.11.21-19.22.07:846][  0]LogD3D11RHI:     SubSysId    : 86731043
[2022.11.21-19.22.07:846][  0]LogD3D11RHI:     Revision    : 00a1
[2022.11.21-19.22.07:846][  0]LogD3D11RHI:     DedicatedVideoMemory : 8421113856 bytes
[2022.11.21-19.22.07:846][  0]LogD3D11RHI:     DedicatedSystemMemory : 0 bytes
[2022.11.21-19.22.07:846][  0]LogD3D11RHI:     SharedSystemMemory : 8548067328 bytes
[2022.11.21-19.22.07:846][  0]LogD3D11RHI:     AdapterLuid : 0 51637
[2022.11.21-19.22.07:849][  0]LogD3D11RHI: Creating new Direct3DDevice
[2022.11.21-19.22.07:849][  0]LogD3D11RHI:     GPU DeviceId: 0x1f02 (for the marketing name, search the web for "GPU Device Id")
[2022.11.21-19.22.07:849][  0]LogWindows: EnumDisplayDevices:
[2022.11.21-19.22.07:849][  0]LogWindows:    0. 'NVIDIA GeForce RTX 2070' (P:1 D:1)
[2022.11.21-19.22.07:850][  0]LogWindows:    1. 'NVIDIA GeForce RTX 2070' (P:0 D:0)
[2022.11.21-19.22.07:850][  0]LogWindows:    2. 'NVIDIA GeForce RTX 2070' (P:0 D:0)
[2022.11.21-19.22.07:850][  0]LogWindows:    3. 'NVIDIA GeForce RTX 2070' (P:0 D:0)
[2022.11.21-19.22.07:850][  0]LogWindows: DebugString: FoundDriverCount:4 
[2022.11.21-19.22.07:850][  0]LogD3D11RHI:     Adapter Name: NVIDIA GeForce RTX 2070
[2022.11.21-19.22.07:850][  0]LogD3D11RHI:   Driver Version: 516.94 (internal:31.0.15.1694, unified:516.94)
[2022.11.21-19.22.07:850][  0]LogD3D11RHI:      Driver Date: 7-21-2022
[2022.11.21-19.22.07:850][  0]LogRHI: Texture pool is 5621 MB (70% of 8031 MB)
[2022.11.21-19.22.07:850][  0]LogD3D11RHI: Creating D3DDevice using adapter:
[2022.11.21-19.22.07:850][  0]LogD3D11RHI:     Description : NVIDIA GeForce RTX 2070
[2022.11.21-19.22.07:850][  0]LogD3D11RHI:     VendorId    : 10de
[2022.11.21-19.22.07:850][  0]LogD3D11RHI:     DeviceId    : 1f02
[2022.11.21-19.22.07:850][  0]LogD3D11RHI:     SubSysId    : 86731043
[2022.11.21-19.22.07:850][  0]LogD3D11RHI:     Revision    : 00a1
[2022.11.21-19.22.07:850][  0]LogD3D11RHI:     DedicatedVideoMemory : 8421113856 bytes
[2022.11.21-19.22.07:850][  0]LogD3D11RHI:     DedicatedSystemMemory : 0 bytes
[2022.11.21-19.22.07:850][  0]LogD3D11RHI:     SharedSystemMemory : 8548067328 bytes
[2022.11.21-19.22.07:850][  0]LogD3D11RHI:     AdapterLuid : 0 51637
[2022.11.21-19.22.07:884][  0]LogD3D11RHI: RHI has support for 64 bit atomics
[2022.11.21-19.22.07:884][  0]LogD3D11RHI: Async texture creation enabled
[2022.11.21-19.22.07:884][  0]LogD3D11RHI: Array index from any shader is supported
[2022.11.21-19.22.07:901][  0]LogD3D11RHI: GPU Timing Frequency: 1000.000000 (Debug: 2 2)
[2022.11.21-19.22.07:931][  0]LogRHI: GeForceNow SDK initialized: 1
[2022.11.21-19.22.08:142][  0]LogTargetPlatformManager: Display: Loaded TargetPlatform 'WindowsNoEditor'
[2022.11.21-19.22.08:145][  0]LogTargetPlatformManager: Display: Loaded TargetPlatform 'Windows'
[2022.11.21-19.22.08:148][  0]LogTargetPlatformManager: Display: Loaded TargetPlatform 'WindowsClient'
[2022.11.21-19.22.08:152][  0]LogTargetPlatformManager: Display: Loaded TargetPlatform 'WindowsServer'
[2022.11.21-19.22.08:152][  0]LogTargetPlatformManager: Display: Building Assets For Windows
[2022.11.21-19.22.08:157][  0]LogAudioDebug: Display: Lib vorbis DLL was dynamically loaded.
[2022.11.21-19.22.08:179][  0]LogTextureFormatOodle: Display: Oodle Texture 2.9.0 init RDO Off
[2022.11.21-19.22.08:203][  0]LogRendererCore: Ray tracing is disabled. Reason: r.RayTracing=0.
[2022.11.21-19.22.08:203][  0]LogShaderCompilers: Guid format shader working directory is -21 characters bigger than the processId version (../../../../../../Users/dros0008/Desktop/LevelDesign/SideScroller_V422/Intermediate/Shaders/WorkingDirectory/3852/).
[2022.11.21-19.22.08:203][  0]LogShaderCompilers: Cleaned the shader compiler working directory 'C:/Users/dros0008/AppData/Local/Temp/UnrealShaderWorkingDir/5B6AECF34230D4F1B6DC6AB28763AA05/'.
[2022.11.21-19.22.08:203][  0]LogXGEController: Cannot use XGE Controller as Incredibuild is not installed on this machine.
[2022.11.21-19.22.08:203][  0]LogShaderCompilers: Cannot use XGE Shader Compiler as Incredibuild is not installed on this machine.
[2022.11.21-19.22.08:203][  0]LogShaderCompilers: Display: Using Local Shader Compiler.
[2022.11.21-19.22.08:798][  0]LogDerivedDataCache: Display: Max Cache Size: 512 MB
[2022.11.21-19.22.08:844][  0]LogDerivedDataCache: Loaded boot cache 0.05s 96MB C:/Users/dros0008/AppData/Local/UnrealEngine/4.27/DerivedDataCache/Boot.ddc.
[2022.11.21-19.22.08:844][  0]LogDerivedDataCache: Display: Loaded Boot cache: C:/Users/dros0008/AppData/Local/UnrealEngine/4.27/DerivedDataCache/Boot.ddc
[2022.11.21-19.22.08:844][  0]LogDerivedDataCache: FDerivedDataBackendGraph:  Pak pak cache file ../../../../../../Users/dros0008/Desktop/LevelDesign/SideScroller_V422/DerivedDataCache/DDC.ddp not found, will not use a pak cache.
[2022.11.21-19.22.08:844][  0]LogDerivedDataCache: Unable to find inner node Pak for hierarchical cache Hierarchy.
[2022.11.21-19.22.08:844][  0]LogDerivedDataCache: FDerivedDataBackendGraph:  CompressedPak pak cache file ../../../../../../Users/dros0008/Desktop/LevelDesign/SideScroller_V422/DerivedDataCache/Compressed.ddp not found, will not use a pak cache.
[2022.11.21-19.22.08:844][  0]LogDerivedDataCache: Unable to find inner node CompressedPak for hierarchical cache Hierarchy.
[2022.11.21-19.22.08:857][  0]LogDerivedDataCache: Display: Pak cache opened for reading ../../../Engine/DerivedDataCache/Compressed.ddp.
[2022.11.21-19.22.08:857][  0]LogDerivedDataCache: FDerivedDataBackendGraph:  EnterprisePak pak cache file ../../../Enterprise/DerivedDataCache/Compressed.ddp not found, will not use a pak cache.
[2022.11.21-19.22.08:857][  0]LogDerivedDataCache: Unable to find inner node EnterprisePak for hierarchical cache Hierarchy.
[2022.11.21-19.22.08:865][  0]LogDerivedDataCache: Speed tests for C:/Users/dros0008/AppData/Local/UnrealEngine/Common/DerivedDataCache took 0.01 seconds
[2022.11.21-19.22.08:865][  0]LogDerivedDataCache: Display: Performance to C:/Users/dros0008/AppData/Local/UnrealEngine/Common/DerivedDataCache: Latency=0.00ms. RandomReadSpeed=1825.78MBs, RandomWriteSpeed=120.69MBs. Assigned SpeedClass 'Local'
[2022.11.21-19.22.08:866][  0]LogDerivedDataCache: Using Local data cache path C:/Users/dros0008/AppData/Local/UnrealEngine/Common/DerivedDataCache: Writable
[2022.11.21-19.22.08:866][  0]LogDerivedDataCache: Shared data cache path not found in *engine.ini, will not use an Shared cache.
[2022.11.21-19.22.08:866][  0]LogDerivedDataCache: Unable to find inner node Shared for hierarchical cache Hierarchy.
[2022.11.21-19.22.08:895][  0]LogSlate: Using FreeType 2.10.0
[2022.11.21-19.22.08:896][  0]LogSlate: SlateFontServices - WITH_FREETYPE: 1, WITH_HARFBUZZ: 1
[2022.11.21-19.22.08:955][  0]LogInit: Using OS detected language (en-US).
[2022.11.21-19.22.08:955][  0]LogInit: Using OS detected locale (en-US).
[2022.11.21-19.22.08:955][  0]LogTextLocalizationManager: No localization for 'en-US' exists, so 'en' will be used for the language.
[2022.11.21-19.22.08:956][  0]LogTextLocalizationManager: No localization for 'en-US' exists, so 'en' will be used for the locale.
[2022.11.21-19.22.08:956][  0]LogSlate: FontCache flush requested. Reason: Culture for localization was changed
[2022.11.21-19.22.08:956][  0]LogSlate: FontCache flush requested. Reason: Culture for localization was changed
[2022.11.21-19.22.08:957][  0]LogTextLocalizationManager: Compacting localization data took   0.00ms
[2022.11.21-19.22.08:957][  0]LogAssetRegistry: FAssetRegistry took 0.0012 seconds to start up
[2022.11.21-19.22.09:076][  0]LogPackageLocalizationCache: Processed 27 localized package path(s) for 1 prioritized culture(s) in 0.000673 seconds
[2022.11.21-19.22.09:124][  0]LogInit: Selected Device Profile: [Windows]
[2022.11.21-19.22.09:124][  0]LogInit: Active device profile: [000002419A989400][0000024194D65880 49] Windows
[2022.11.21-19.22.09:124][  0]LogInit: Profiles: [000002419A989400][0000024194D65880 49] Windows, [000002419A91A400][0000024194D699C0 49] WindowsNoEditor, [000002419A989300][000002419554DB00 49] WindowsServer, [000002419A8F7F00][0000024195554100 49] WindowsClient, [000002419A91B600][0000024195558280 49] IOS, [000002419A8F7000][000002419555C400 49] iPadAir, [000002419A91A800][0000024195560580 49] iPadAir2, [000002419A8B4700][0000024195568840 49] IPadPro, [000002419A8B4800][0000024195564880 49] iPadAir3, [000002419A8F5F00][000002419556CA00 49] iPadAir4, [000002419A8B5700][0000024195570B80 49] iPadMini2, [000002419A8F4C00][0000024195574D00 49] iPadMini3, [000002419A8B6400][0000024195578E80 49] iPadMini4, [000002419A8F6A00][000002419557D000 49] iPadMini5, [000002419A98A400][00000241955852C0 49] iPhone6, [000002419A989000][0000024195581300 49] iPodTouch6, [000002419A919800][000002419558D5C0 49] iPhone7, [000002419A91BF00][0000024195589600 49] iPodTouch7, [000002419A8B7100][0000024195591780 49] iPhone5S, [000002419A919B00][00000241955518C0 49] iPhone6Plus, [000002419A8B4300][0000024195595A00 49] iPhone6S, [000002419A919C00][0000024195599B40 49] iPhone6SPlus, [000002419A8B5F00][000002419559C100 49] iPhone7Plus, [000002419A98A600][00000241955A4280 49] iPhoneSE, [000002419A8B7300][00000241955A8400 49] iPhone8, [000002419A98AD00][00000241955AC580 49] iPhone8Plus, [000002419A8B5600][00000241955B0700 49] iPhoneX, [000002419A98A300][00000241955B4880 49] iPhoneXS, [000002419A8B6100][00000241955B8A00 49] iPhoneXSMax, [000002419A988A00][00000241955BCB80 49] iPhoneXR, [000002419A8B5E00][00000241955C0D00 49] iPhone11, [000002419A988100][00000241955C4E80 49] iPhone11Pro, [000002419A8B4A00][00000241955C9000 49] iPhone11ProMax, [000002419A989F00][00000241955CD180 49] iPhoneSE2, [000002419A8B6F00][00000241955D1300 49] iPhone12Mini, [000002419A988C00][00000241955D5480 49] iPhone12, [000002419A8B6500][00000241955D9600 49] iPhone12Pro, [000002419A988E00][00000241955DD780 49] iPhone12ProMax, [000002419A8B4B00][00000241955E1900 49] iPadPro105, [000002419A989700][00000241955E5A80 49] iPadPro129, [000002419A8B4600][00000241955A1BC0 49] iPadPro97, [000002419A989900][00000241955E8180 49] iPadPro2_129, [000002419A8B5500][00000241955EC2C0 49] iPad5, [000002419A988F00][00000241955F4440 49] iPad6, [000002419A8B6900][00000241955F85C0 49] iPad7, [000002419A989200][00000241955FC740 49] iPad8, [000002419A8B7200][00000241956008C0 49] iPadPro11, [000002419A989A00][0000024195604A40 49] iPadPro2_11, [000002419A8B4100][0000024195608BC0 49] iPadPro3_129, [000002419A98A700][000002419560CD40 49] iPadPro4_129, [000002419A8B5A00][0000024195F42EC0 49] AppleTV, [000002419A98AA00][0000024195F47040 49] AppleTV4K, [000002419A8B5C00][0000024195F4B1C0 49] TVOS, [000002419A98A500][0000024195F4F340 49] Mac, [000002419A8B5400][0000024195F534C0 49] MacClient, [000002419A98AF00][0000024195F57640 49] MacNoEditor, [000002419A8B4400][0000024195F5B7C0 49] MacServer, [000002419A988500][0000024195F5F940 49] Linux, [000002419A8B7B00][0000024195F63AC0 49] LinuxAArch64, [000002419A988400][0000024195F660C0 49] LinuxNoEditor, [000002419A8B6800][00000241955F0200 49] LinuxAArch64NoEditor, [000002419A988200][0000024195F6A340 49] LinuxClient, [000002419A8B4E00][0000024195F6E480 49] LinuxAArch64Client, [000002419A98A800][0000024195F725C0 49] LinuxServer, [000002419A8F5200][0000024195F7A740 49] LinuxAArch64Server, [000002419A91AD00][0000024195F7E8C0 49] Android, [000002419A8F6800][0000024195F82A40 49] Android_Low, [000002419A91B900][0000024195F86BC0 49] Android_Mid, [000002419A8F7500][0000024195F8AD40 49] Android_High, [000002419A919600][0000024195F8EEC0 49] Android_Default, [000002419A8F7100][0000024195F93040 49] Android_Adreno4xx, [000002419A91B300][0000024195F971C0 49] Android_Adreno5xx_Low, [000002419A8F4500][0000024195F9B340 49] Android_Adreno5xx, [000002419A918100][0000024195F9F4C0 49] Android_Adreno6xx, [000002419A8F7D00][0000024195FA3640 49] Android_Adreno6xx_Vulkan, [000002419A918800][0000024195FA77C0 49] Android_Mali_T6xx, [000002419A8F5100][0000024195FAB940 49] Android_Mali_T7xx, [000002419A91AE00][0000024195FAFAC0 49] Android_Mali_T8xx, [000002419A8F4100][0000024195FB20C0 49] Android_Mali_G71, [000002419A91B800][0000024195FB6240 49] Android_Mali_G72, [000002419A8F7800][0000024195F76380 49] Android_Mali_G72_Vulkan, [000002419A91BA00][0000024195FBA4C0 49] Android_Mali_G76, [000002419A8F4A00][0000024195FBE600 49] Android_Mali_G76_Vulkan, [000002419A91A200][0000024195FC2740 49] Android_Mali_G77, [000002419A8F5500][0000024195FCA8C0 49] Android_Mali_G77_Vulkan, [000002419A918600][0000024195FCEA40 49] Android_Mali_G78, [000002419A8F5A00][0000024195FD2BC0 49] Android_Mali_G78_Vulkan, [000002419A918700][0000024195FD6D40 49] Android_Mali_G710, [000002419A8F4400][0000024195FDAEC0 49] Android_Mali_G710_Vulkan, [000002419A919400][0000024195FDF040 49] Android_Vulkan_SM5, [000002419A8F7200][0000024195FE31C0 49] Android_PowerVR_G6xxx, [000002419A91A500][0000024195FE7340 49] Android_PowerVR_GT7xxx, [000002419A8F7C00][0000024195FEB4C0 49] Android_PowerVR_GE8xxx, [000002419A918200][0000024195FEF640 49] Android_PowerVR_GM9xxx, [000002419A8F7700][0000024195FF37C0 49] Android_PowerVR_GM9xxx_Vulkan, [000002419A918F00][0000024195FF7940 49] Android_TegraK1, [000002419A8F6C00][0000024195FFBAC0 49] Android_Unknown_Vulkan, [000002419A91B200][0000024195FFE0C0 49] Lumin, [000002419A98A100][0000024196002240 49] Lumin_Desktop, [000002419A91A300][00000241960063C0 49] HoloLens, 
[2022.11.21-19.22.09:155][  0]LogMeshReduction: Using QuadricMeshReduction for automatic static mesh reduction
[2022.11.21-19.22.09:155][  0]LogMeshReduction: Using SimplygonMeshReduction for automatic skeletal mesh reduction
[2022.11.21-19.22.09:155][  0]LogMeshReduction: Using ProxyLODMeshReduction for automatic mesh merging
[2022.11.21-19.22.09:155][  0]LogMeshReduction: No distributed automatic mesh merging module available
[2022.11.21-19.22.09:155][  0]LogMeshMerging: No distributed automatic mesh merging module available
[2022.11.21-19.22.09:236][  0]LogNetVersion: SideScroller_V422_Fall2019 1.0.0, NetCL: 17155196, EngineNetVer: 17, GameNetVer: 0 (Checksum: 1441273239)
[2022.11.21-19.22.09:399][  0]LogTexture: Default maximum texture size for cubemaps generated from long-lat sources has been changed from 512 to unlimited. In order to preserve old behaiour for '/Engine/MapTemplates/Sky/DaylightAmbientCubemap.DaylightAmbientCubemap', its maximum texture size has been explicitly set to 512.
[2022.11.21-19.22.09:435][  0]LogHMD: PokeAHoleMaterial loaded successfully
[2022.11.21-19.22.09:509][  0]LogMoviePlayer: Initializing movie player
[2022.11.21-19.22.09:599][  0]LogNiagaraDebuggerClient: Niagara Debugger Client Initialized | Session: BE94ABB644D59C5A7BF622A9A0D48161 | Instance: 6135C6704AF7D66A4D94F184CFB40E17 (WT220-03-3852).
[2022.11.21-19.22.09:613][  0]LogCollectionManager: Loaded 0 collections in 0.001224 seconds
[2022.11.21-19.22.09:615][  0]LogFileCache: Scanning file cache for directory 'C:/Users/dros0008/Desktop/LevelDesign/SideScroller_V422/Saved/Collections/' took 0.00s
[2022.11.21-19.22.09:615][  0]LogFileCache: Scanning file cache for directory 'C:/Users/dros0008/Desktop/LevelDesign/SideScroller_V422/Content/Developers/dros0008/Collections/' took 0.00s
[2022.11.21-19.22.09:615][  0]LogCollectionManager: Fixed up redirectors for 0 collections in 0.000001 seconds (updated 0 objects)
[2022.11.21-19.22.09:628][  0]LogFileCache: Scanning file cache for directory 'C:/Users/dros0008/Desktop/LevelDesign/SideScroller_V422/Content/Collections/' took 0.00s
[2022.11.21-19.22.09:628][  0]LogPython: Using Python 3.7.7
[2022.11.21-19.22.10:071][  0]LogTcpMessaging: Initializing TcpMessaging bridge
[2022.11.21-19.22.10:073][  0]LogUdpMessaging: Initializing bridge on interface 0.0.0.0:0 to multicast group 230.0.0.1:6666.
[2022.11.21-19.22.10:152][  0]SourceControl: Source control is disabled
[2022.11.21-19.22.10:152][  0]SourceControl: Source control is disabled
[2022.11.21-19.22.10:155][  0]SourceControl: Source control is disabled
[2022.11.21-19.22.10:161][  0]LogUProjectInfo: Found projects:
[2022.11.21-19.22.10:217][  0]LogOpenImageDenoise: OIDN starting up
[2022.11.21-19.22.10:247][  0]LogAndroidPermission: UAndroidPermissionCallbackProxy::GetInstance
[2022.11.21-19.22.10:260][  0]LogAudioCaptureCore: Display: No Audio Capture implementations found. Audio input will be silent.
[2022.11.21-19.22.10:260][  0]LogAudioCaptureCore: Display: No Audio Capture implementations found. Audio input will be silent.
[2022.11.21-19.22.10:312][  0]LogOcInput: OculusInput pre-init called
[2022.11.21-19.22.10:318][  0]LogUObjectArray: 22163 objects as part of root set at end of initial load.
[2022.11.21-19.22.10:318][  0]LogUObjectAllocator: 5993712 out of 0 bytes used by permanent object pool.
[2022.11.21-19.22.10:318][  0]LogUObjectArray: CloseDisregardForGC: 0/0 objects in disregard for GC pool
[2022.11.21-19.22.10:354][  0]LogEngine: Initializing Engine...
[2022.11.21-19.22.10:356][  0]LogHMD: Failed to enumerate extensions. Please check that you have a valid OpenXR runtime installed.
[2022.11.21-19.22.10:356][  0]LogHMD: Failed to initialize OpenVR with code 110
[2022.11.21-19.22.10:356][  0]LogMagicLeap: Warning: VR disabled because ZI is not enabled.  To enable, in the editor, Edit -> Project Settings -> Plugins -> Magic Leap Plugin -> Enable Zero Iteration
[2022.11.21-19.22.10:357][  0]LogStats: UGameplayTagsManager::InitializeManager -  0.000 s
[2022.11.21-19.22.10:426][  0]LogInit: Initializing FReadOnlyCVARCache
[2022.11.21-19.22.10:426][  0]LogAudio: Display: Initializing Audio Device Manager...
[2022.11.21-19.22.10:429][  0]LogAudio: Display: Loading Default Audio Settings Objects...
[2022.11.21-19.22.10:429][  0]LogAudio: Display: No default SoundConcurrencyObject specified (or failed to load).
[2022.11.21-19.22.10:430][  0]LogAudio: Display: Audio Device Manager Initialized
[2022.11.21-19.22.10:430][  0]LogAudio: Display: Creating Audio Device:                 Id: 1, Scope: Shared, Realtime: True
[2022.11.21-19.22.10:430][  0]LogAudioMixer: Display: Audio Mixer Platform Settings:
[2022.11.21-19.22.10:430][  0]LogAudioMixer: Display: 	Sample Rate:						  48000
[2022.11.21-19.22.10:430][  0]LogAudioMixer: Display: 	Callback Buffer Frame Size Requested: 1024
[2022.11.21-19.22.10:430][  0]LogAudioMixer: Display: 	Callback Buffer Frame Size To Use:	  1024
[2022.11.21-19.22.10:430][  0]LogAudioMixer: Display: 	Number of buffers to queue:			  2
[2022.11.21-19.22.10:430][  0]LogAudioMixer: Display: 	Max Channels (voices):				  32
[2022.11.21-19.22.10:430][  0]LogAudioMixer: Display: 	Number of Async Source Workers:		  0
[2022.11.21-19.22.10:430][  0]LogAudio: Display: AudioDevice MaxSources: 32
[2022.11.21-19.22.10:430][  0]LogAudio: Display: Audio Spatialization Plugin: None (built-in).
[2022.11.21-19.22.10:430][  0]LogAudio: Display: Audio Reverb Plugin: None (built-in).
[2022.11.21-19.22.10:430][  0]LogAudio: Display: Audio Occlusion Plugin: None (built-in).
[2022.11.21-19.22.10:430][  0]LogAudioMixer: Display: Initializing audio mixer.
[2022.11.21-19.22.10:437][  0]LogAudioMixer: Display: 0: FrontLeft
[2022.11.21-19.22.10:437][  0]LogAudioMixer: Display: 1: FrontRight
[2022.11.21-19.22.10:449][  0]LogAudioMixer: Display: Using Audio Device DELL U2718Q (NVIDIA High Definition Audio)
[2022.11.21-19.22.10:452][  0]LogAudioMixer: Display: Initializing Sound Submixes...
[2022.11.21-19.22.10:453][  0]LogAudioMixer: Display: Creating Master Submix 'MasterSubmixDefault'
[2022.11.21-19.22.10:453][  0]LogAudioMixer: Display: Creating Master Submix 'MasterReverbSubmixDefault'
[2022.11.21-19.22.10:454][  0]LogAudioMixer: Display: Creating Master Submix 'MasterEQSubmixDefault'
[2022.11.21-19.22.10:454][  0]LogAudioMixer: FMixerPlatformXAudio2::StartAudioStream() called
[2022.11.21-19.22.10:454][  0]LogAudioMixer: Display: Output buffers initialized: Frames=1024, Channels=2, Samples=2048
[2022.11.21-19.22.10:455][  0]LogAudioMixer: Display: Starting AudioMixerPlatformInterface::RunInternal()
[2022.11.21-19.22.10:455][  0]LogAudioMixer: Display: FMixerPlatformXAudio2::SubmitBuffer() called for the first time
[2022.11.21-19.22.10:455][  0]LogInit: FAudioDevice initialized.
[2022.11.21-19.22.10:456][  0]LogNetVersion: Set ProjectVersion to 1.0.0.0. Version Checksum will be recalculated on next use.
[2022.11.21-19.22.10:457][  0]LogInit: Texture streaming: Enabled
[2022.11.21-19.22.10:501][  0]LogAudio: Display: Audio Device (ID: 1) registered with world 'Untitled'.
[2022.11.21-19.22.10:501][  0]LogSlate: Updating window title bar state: overlay mode, drag disabled, window buttons hidden, title bar hidden
[2022.11.21-19.22.10:502][  0]LogInit: Display: Game Engine Initialized.
[2022.11.21-19.22.10:502][  0]LogNiagaraEditor: GEditor isn't valid! Particle reset commands will not work for Niagara components!
[2022.11.21-19.22.10:588][  0]LogInit: Display: Starting Game.
[2022.11.21-19.22.10:588][  0]LogNet: Browse: /Game/SideScrollerBP/Maps/SideScrollerExampleMap?Name=Player
[2022.11.21-19.22.10:588][  0]LogLoad: LoadMap: /Game/SideScrollerBP/Maps/SideScrollerExampleMap?Name=Player
[2022.11.21-19.22.10:588][  0]LogWorld: BeginTearingDown for /Temp/Untitled_0
[2022.11.21-19.22.10:589][  0]LogWorld: UWorld::CleanupWorld for Untitled, bSessionEnded=true, bCleanupResources=true
[2022.11.21-19.22.10:589][  0]LogSlate: InvalidateAllWidgets triggered.  All widgets were invalidated
[2022.11.21-19.22.10:592][  0]LogAudio: Display: Audio Device unregistered from world 'None'.
[2022.11.21-19.22.10:594][  0]LogUObjectHash: Compacting FUObjectHashTables data took   0.59ms
[2022.11.21-19.22.10:709][  0]LogBlueprint: Warning: [AssetLog] C:\Users\dros0008\Desktop\LevelDesign\SideScroller_V422\Content\Custom_Blueprints\Puzzle_Elements\Sphere_Door.uasset: [Compiler] OnComponentBeginOverlap (Box)  does not have a valid matching component!
[2022.11.21-19.22.10:939][  0]LogAudio: Display: Audio Device (ID: 1) registered with world 'SideScrollerExampleMap'.
[2022.11.21-19.22.10:945][  0]LogAIModule: Creating AISystem for world SideScrollerExampleMap
[2022.11.21-19.22.10:947][  0]LogLoad: Game class is 'SideScrollerGameMode_C'
[2022.11.21-19.22.10:953][  0]LogWorld: Bringing World /Game/SideScrollerBP/Maps/SideScrollerExampleMap.SideScrollerExampleMap up for play (max tick rate 0) at 2022.11.21-14.22.10
[2022.11.21-19.22.10:954][  0]LogWorld: Bringing up level for play took: 0.006004
[2022.11.21-19.22.10:957][  0]LogLoad: Took 0.369309 seconds to LoadMap(/Game/SideScrollerBP/Maps/SideScrollerExampleMap)
[2022.11.21-19.22.10:997][  0]LogSlate: Took 0.000132 seconds to synchronously load lazily loaded font '../../../Engine/Content/Slate/Fonts/Roboto-Regular.ttf' (155K)
[2022.11.21-19.22.11:023][  0]LogRenderer: Reallocating scene render targets to support 1280x720 Format 10 NumSamples 1 (Frame:1).
[2022.11.21-19.22.11:023][  0]LogInit: Display: Engine is initialized. Leaving FEngineLoop::Init()
[2022.11.21-19.22.11:023][  0]LogLoad: (Engine Initialization) Total time: 4.40 seconds
[2022.11.21-19.22.11:023][  0]LogLoad: (Engine Initialization) Total Blueprint compile time: 0.00 seconds
[2022.11.21-19.22.11:025][  0]LogContentStreaming: Texture pool size now 1000 MB
[2022.11.21-19.22.11:028][  0]LogSlate: InvalidateAllWidgets triggered.  All widgets were invalidated
[2022.11.21-19.22.11:083][  0]LogRenderer: Reallocating scene render targets to support 128x128 Format 10 NumSamples 1 (Frame:1).
[2022.11.21-19.22.11:106][  0]LogRenderer: Reallocating scene render targets to support 1280x720 Format 10 NumSamples 1 (Frame:2).
[2022.11.21-19.22.11:115][  1]LogSlate: Took 0.000127 seconds to synchronously load lazily loaded font '../../../Engine/Content/Slate/Fonts/Roboto-Regular.ttf' (155K)
[2022.11.21-19.22.36:221][ 58]LogWindowsDesktop: Alt-F4 pressed!
[2022.11.21-19.22.36:228][ 58]LogSlate: Window 'SideScroller_V422_Fall2019 (64-bit Development PCD3D_SM5) ' being destroyed
[2022.11.21-19.22.36:229][ 58]LogWindowsTextInputMethodSystem: Display: IME system deactivated.
[2022.11.21-19.22.36:232][ 58]LogWindowsTextInputMethodSystem: Display: IME system deactivated.
[2022.11.21-19.22.36:234][ 58]LogSlate: Updating window title bar state: overlay mode, drag disabled, window buttons hidden, title bar hidden
[2022.11.21-19.22.36:234][ 58]LogEngine: All Windows Closed
[2022.11.21-19.22.36:234][ 58]LogWindows: FPlatformMisc::RequestExit(0)
[2022.11.21-19.22.36:234][ 58]LogWindows: FPlatformMisc::RequestExitWithStatus(0, 0)
[2022.11.21-19.22.36:234][ 58]LogCore: Engine exit requested (reason: Win RequestExit)
[2022.11.21-19.22.36:234][ 59]LogCore: Engine exit requested (reason: EngineExit() was called; note: exit was already requested)
[2022.11.21-19.22.36:234][ 59]LogInit: Display: PreExit Game.
[2022.11.21-19.22.36:260][ 59]LogWorld: BeginTearingDown for /Game/SideScrollerBP/Maps/SideScrollerExampleMap
[2022.11.21-19.22.36:261][ 59]LogWorld: UWorld::CleanupWorld for SideScrollerExampleMap, bSessionEnded=true, bCleanupResources=true
[2022.11.21-19.22.36:261][ 59]LogSlate: InvalidateAllWidgets triggered.  All widgets were invalidated
[2022.11.21-19.22.36:372][ 59]LogAudio: Display: Beginning Audio Device Manager Shutdown (Module: AudioMixerXAudio2)...
[2022.11.21-19.22.36:372][ 59]LogAudio: Display: Destroying 1 Remaining Audio Device(s)...
[2022.11.21-19.22.36:372][ 59]LogAudio: Display: Audio Device unregistered from world 'SideScrollerExampleMap'.
[2022.11.21-19.22.36:403][ 59]LogAudioMixer: FMixerPlatformXAudio2::StopAudioStream() called
[2022.11.21-19.22.36:403][ 59]LogAudioMixer: FMixerPlatformXAudio2::StopAudioStream() called
[2022.11.21-19.22.36:405][ 59]LogAudio: Display: Audio Device Manager Shutdown
[2022.11.21-19.22.36:410][ 59]LogExit: Preparing to exit.
[2022.11.21-19.22.37:195][ 59]LogSlate: Updating window title bar state: overlay mode, drag disabled, window buttons hidden, title bar hidden
[2022.11.21-19.22.37:200][ 59]LogUObjectHash: Compacting FUObjectHashTables data took   0.88ms
[2022.11.21-19.22.37:221][ 59]LogMoviePlayer: Shutting down movie player
[2022.11.21-19.22.37:326][ 59]LogDemo: Cleaned up 0 splitscreen connections with owner deletion
[2022.11.21-19.22.37:330][ 59]LogExit: Game engine shut down
[2022.11.21-19.22.37:359][ 59]LogExit: Object subsystem successfully closed.
[2022.11.21-19.22.37:367][ 59]LogShaderCompilers: Display: === FShaderJobCache stats ===
[2022.11.21-19.22.37:367][ 59]LogShaderCompilers: Display: Total job queries 0, among them cache hits 0 (0.00%)
[2022.11.21-19.22.37:367][ 59]LogShaderCompilers: Display: Tracking 0 distinct input hashes that result in 0 distinct outputs (0.00%)
[2022.11.21-19.22.37:367][ 59]LogShaderCompilers: Display: RAM used: 0.00 MB (0.00 GB) of 819.20 MB (0.80 GB) budget. Usage: 0.00%
[2022.11.21-19.22.37:367][ 59]LogShaderCompilers: Display: ================================================
[2022.11.21-19.22.37:376][ 59]LogShaderCompilers: Display: Shaders left to compile 0
[2022.11.21-19.22.37:382][ 59]LogModuleManager: Shutting down and abandoning module SequenceRecorderSections (564)
[2022.11.21-19.22.37:382][ 59]LogModuleManager: Shutting down and abandoning module SequenceRecorder (562)
[2022.11.21-19.22.37:382][ 59]LogModuleManager: Shutting down and abandoning module AutomationController (560)
[2022.11.21-19.22.37:382][ 59]LogModuleManager: Shutting down and abandoning module AutomationWorker (558)
[2022.11.21-19.22.37:382][ 59]LogModuleManager: Shutting down and abandoning module Voice (556)
[2022.11.21-19.22.37:382][ 59]LogModuleManager: Shutting down and abandoning module AIModule (554)
[2022.11.21-19.22.37:382][ 59]LogModuleManager: Shutting down and abandoning module GameplayDebugger (553)
[2022.11.21-19.22.37:382][ 59]LogModuleManager: Shutting down and abandoning module AITestSuite (551)
[2022.11.21-19.22.37:382][ 59]LogModuleManager: Shutting down and abandoning module NavigationSystem (549)
[2022.11.21-19.22.37:382][ 59]LogModuleManager: Shutting down and abandoning module AnimGraph (546)
[2022.11.21-19.22.37:382][ 59]LogModuleManager: Shutting down and abandoning module SteamVREditor (544)
[2022.11.21-19.22.37:382][ 59]LogModuleManager: Shutting down and abandoning module ToolMenus (543)
[2022.11.21-19.22.37:382][ 59]LogModuleManager: Shutting down and abandoning module OculusMR (540)
[2022.11.21-19.22.37:382][ 59]LogModuleManager: Shutting down and abandoning module TakeRecorderSources (538)
[2022.11.21-19.22.37:382][ 59]LogModuleManager: Shutting down and abandoning module TakeRecorder (537)
[2022.11.21-19.22.37:382][ 59]LogModuleManager: Shutting down and abandoning module TakeTrackRecorders (534)
[2022.11.21-19.22.37:382][ 59]LogModuleManager: Shutting down and abandoning module TakesCore (532)
[2022.11.21-19.22.37:382][ 59]LogModuleManager: Shutting down and abandoning module OpenXRInput (530)
[2022.11.21-19.22.37:382][ 59]LogModuleManager: Shutting down and abandoning module MagicLeapMediaCodecFactory (528)
[2022.11.21-19.22.37:382][ 59]LogModuleManager: Shutting down and abandoning module MagicLeapMediaFactory (526)
[2022.11.21-19.22.37:382][ 59]LogModuleManager: Shutting down and abandoning module WmfMediaFactory (524)
[2022.11.21-19.22.37:382][ 59]LogModuleManager: Shutting down and abandoning module WebMMediaFactory (522)
[2022.11.21-19.22.37:382][ 59]LogModuleManager: Shutting down and abandoning module WebMMedia (520)
[2022.11.21-19.22.37:382][ 59]LogModuleManager: Shutting down and abandoning module OpenExrWrapper (518)
[2022.11.21-19.22.37:382][ 59]LogModuleManager: Shutting down and abandoning module ImgMediaFactory (516)
[2022.11.21-19.22.37:382][ 59]LogModuleManager: Shutting down and abandoning module AvfMediaFactory (514)
[2022.11.21-19.22.37:382][ 59]LogModuleManager: Shutting down and abandoning module PlanarCut (512)
[2022.11.21-19.22.37:382][ 59]LogModuleManager: Shutting down and abandoning module CharacterAI (510)
[2022.11.21-19.22.37:382][ 59]LogModuleManager: Shutting down and abandoning module SessionServices (508)
[2022.11.21-19.22.37:382][ 59]LogModuleManager: Shutting down and abandoning module MovieSceneCapture (506)
[2022.11.21-19.22.37:382][ 59]LogModuleManager: Shutting down and abandoning module LiveCoding (504)
[2022.11.21-19.22.37:382][ 59]LogModuleManager: Shutting down and abandoning module LevelSequence (502)
[2022.11.21-19.22.37:382][ 59]LogModuleManager: Shutting down and abandoning module MovieSceneTracks (500)
[2022.11.21-19.22.37:382][ 59]LogModuleManager: Shutting down and abandoning module MovieScene (498)
[2022.11.21-19.22.37:382][ 59]LogModuleManager: Shutting down and abandoning module StreamingPauseRendering (496)
[2022.11.21-19.22.37:382][ 59]LogModuleManager: Shutting down and abandoning module PortalServices (494)
[2022.11.21-19.22.37:382][ 59]LogModuleManager: Shutting down and abandoning module PortalRpc (492)
[2022.11.21-19.22.37:382][ 59]LogModuleManager: Shutting down and abandoning module MessagingRpc (490)
[2022.11.21-19.22.37:382][ 59]LogModuleManager: Shutting down and abandoning module AudioMixerXAudio2 (488)
[2022.11.21-19.22.37:382][ 59]LogModuleManager: Shutting down and abandoning module AudioMixerCore (487)
[2022.11.21-19.22.37:382][ 59]LogModuleManager: Shutting down and abandoning module ImageWriteQueue (484)
[2022.11.21-19.22.37:386][ 59]LogModuleManager: Shutting down and abandoning module ProfilerService (482)
[2022.11.21-19.22.37:627][ 59]LogModuleManager: Shutting down and abandoning module TaskGraph (480)
[2022.11.21-19.22.37:627][ 59]LogModuleManager: Shutting down and abandoning module OculusInput (478)
[2022.11.21-19.22.37:627][ 59]LogModuleManager: Shutting down and abandoning module TakeMovieScene (476)
[2022.11.21-19.22.37:627][ 59]LogModuleManager: Shutting down and abandoning module Synthesis (474)
[2022.11.21-19.22.37:627][ 59]LogModuleManager: Shutting down and abandoning module ProceduralMeshComponent (472)
[2022.11.21-19.22.37:627][ 59]LogModuleManager: Shutting down and abandoning module MobilePatchingUtils (470)
[2022.11.21-19.22.37:627][ 59]LogModuleManager: Shutting down and abandoning module GooglePAD (468)
[2022.11.21-19.22.37:627][ 59]LogModuleManager: Shutting down and abandoning module EditableMesh (466)
[2022.11.21-19.22.37:627][ 59]LogModuleManager: Shutting down and abandoning module CustomMeshComponent (464)
[2022.11.21-19.22.37:627][ 59]LogModuleManager: Shutting down and abandoning module CableComponent (462)
[2022.11.21-19.22.37:627][ 59]LogModuleManager: Shutting down and abandoning module AssetTags (460)
[2022.11.21-19.22.37:627][ 59]LogModuleManager: Shutting down and abandoning module AudioCapture (458)
[2022.11.21-19.22.37:627][ 59]LogModuleManager: Shutting down and abandoning module AudioCaptureRtAudio (457)
[2022.11.21-19.22.37:627][ 59]LogModuleManager: Shutting down and abandoning module ArchVisCharacter (454)
[2022.11.21-19.22.37:627][ 59]LogModuleManager: Shutting down and abandoning module AppleImageUtilsBlueprintSupport (452)
[2022.11.21-19.22.37:627][ 59]LogModuleManager: Shutting down and abandoning module AppleImageUtils (450)
[2022.11.21-19.22.37:627][ 59]LogModuleManager: Shutting down and abandoning module AndroidPermission (448)
[2022.11.21-19.22.37:627][ 59]LogModuleManager: Shutting down and abandoning module ActorLayerUtilities (446)
[2022.11.21-19.22.37:627][ 59]LogModuleManager: Shutting down and abandoning module TemplateSequence (444)
[2022.11.21-19.22.37:627][ 59]LogModuleManager: Shutting down and abandoning module MagicLeapSharedWorld (442)
[2022.11.21-19.22.37:627][ 59]LogModuleManager: Shutting down and abandoning module MagicLeapLightEstimation (440)
[2022.11.21-19.22.37:627][ 59]LogModuleManager: Shutting down and abandoning module MagicLeapHelperVulkan (438)
[2022.11.21-19.22.37:627][ 59]LogModuleManager: Shutting down and abandoning module MagicLeapHelperOpenGL (436)
[2022.11.21-19.22.37:627][ 59]LogModuleManager: Shutting down and abandoning module MagicLeapAudio (434)
[2022.11.21-19.22.37:627][ 59]LogModuleManager: Shutting down and abandoning module MediaCompositing (432)
[2022.11.21-19.22.37:628][ 59]LogModuleManager: Shutting down and abandoning module ImgMedia (430)
[2022.11.21-19.22.37:628][ 59]LogModuleManager: Shutting down and abandoning module MotoSynth (428)
[2022.11.21-19.22.37:628][ 59]LogModuleManager: Shutting down and abandoning module OpenImageDenoise (426)
[2022.11.21-19.22.37:628][ 59]LogOpenImageDenoise: OIDN shutting down
[2022.11.21-19.22.37:628][ 59]LogModuleManager: Shutting down and abandoning module MeshConversion (424)
[2022.11.21-19.22.37:628][ 59]LogModuleManager: Shutting down and abandoning module DynamicMesh (422)
[2022.11.21-19.22.37:628][ 59]LogModuleManager: Shutting down and abandoning module GeometryAlgorithms (420)
[2022.11.21-19.22.37:628][ 59]LogModuleManager: Shutting down and abandoning module GeometricObjects (418)
[2022.11.21-19.22.37:628][ 59]LogModuleManager: Shutting down and abandoning module GeometryCollectionTracks (416)
[2022.11.21-19.22.37:628][ 59]LogModuleManager: Shutting down and abandoning module GeometryCollectionSequencer (415)
[2022.11.21-19.22.37:628][ 59]LogModuleManager: Shutting down and abandoning module GeometryCacheTracks (412)
[2022.11.21-19.22.37:628][ 59]LogModuleManager: Shutting down and abandoning module GeometryCacheSequencer (411)
[2022.11.21-19.22.37:628][ 59]LogModuleManager: Shutting down and abandoning module GeometryCache (408)
[2022.11.21-19.22.37:628][ 59]LogModuleManager: Shutting down and abandoning module GeometryCacheEd (407)
[2022.11.21-19.22.37:628][ 59]LogModuleManager: Shutting down and abandoning module ChaosNiagara (404)
[2022.11.21-19.22.37:628][ 59]LogModuleManager: Shutting down and abandoning module FieldSystemEngine (403)
[2022.11.21-19.22.37:628][ 59]LogModuleManager: Shutting down and abandoning module BackChannel (400)
[2022.11.21-19.22.37:628][ 59]LogModuleManager: Shutting down and abandoning module AutomationUtils (398)
[2022.11.21-19.22.37:628][ 59]LogModuleManager: Shutting down and abandoning module OodleNetworkHandlerComponent (396)
[2022.11.21-19.22.37:628][ 59]LogModuleManager: Shutting down and abandoning module VisualStudioCodeSourceCodeAccess (394)
[2022.11.21-19.22.37:628][ 59]LogModuleManager: Shutting down and abandoning module VisualStudioSourceCodeAccess (392)
[2022.11.21-19.22.37:628][ 59]LogModuleManager: Shutting down and abandoning module HotReload (391)
[2022.11.21-19.22.37:628][ 59]LogModuleManager: Shutting down and abandoning module UObjectPlugin (388)
[2022.11.21-19.22.37:628][ 59]LogModuleManager: Shutting down and abandoning module SubversionSourceControl (386)
[2022.11.21-19.22.37:628][ 59]LogModuleManager: Shutting down and abandoning module PerforceSourceControl (384)
[2022.11.21-19.22.37:628][ 59]LogModuleManager: Shutting down and abandoning module SourceControl (383)
[2022.11.21-19.22.37:628][ 59]LogModuleManager: Shutting down and abandoning module CLionSourceCodeAccess (380)
[2022.11.21-19.22.37:628][ 59]LogModuleManager: Shutting down and abandoning module LiveLinkSequencer (378)
[2022.11.21-19.22.37:628][ 59]LogModuleManager: Shutting down and abandoning module LiveLinkMovieScene (376)
[2022.11.21-19.22.37:628][ 59]LogModuleManager: Shutting down and abandoning module LiveLinkGraphNode (374)
[2022.11.21-19.22.37:628][ 59]LogModuleManager: Shutting down and abandoning module LiveLinkComponents (372)
[2022.11.21-19.22.37:628][ 59]LogModuleManager: Shutting down and abandoning module LiveLink (370)
[2022.11.21-19.22.38:136][ 59]LogModuleManager: Shutting down and abandoning module SignificanceManager (368)
[2022.11.21-19.22.38:136][ 59]LogModuleManager: Shutting down and abandoning module SoundFields (366)
[2022.11.21-19.22.38:136][ 59]LogModuleManager: Shutting down and abandoning module RuntimePhysXCooking (364)
[2022.11.21-19.22.38:136][ 59]LogModuleManager: Shutting down and abandoning module PropertyAccessEditor (362)
[2022.11.21-19.22.38:136][ 59]LogModuleManager: Shutting down and abandoning module PhysXVehiclesEditor (360)
[2022.11.21-19.22.38:136][ 59]LogModuleManager: Shutting down and abandoning module LocationServicesBPLibrary (356)
[2022.11.21-19.22.38:136][ 59]LogModuleManager: Shutting down and abandoning module AudioSynesthesia (354)
[2022.11.21-19.22.38:136][ 59]LogModuleManager: Shutting down and abandoning module AudioSynesthesiaCore (352)
[2022.11.21-19.22.38:136][ 59]LogModuleManager: Shutting down and abandoning module ApexDestructionEditor (350)
[2022.11.21-19.22.38:136][ 59]LogModuleManager: Shutting down and abandoning module ApexDestruction (348)
[2022.11.21-19.22.38:136][ 59]LogModuleManager: Shutting down and abandoning module ActorSequence (346)
[2022.11.21-19.22.38:136][ 59]LogModuleManager: Shutting down and abandoning module UdpMessaging (344)
[2022.11.21-19.22.38:237][ 59]LogModuleManager: Shutting down and abandoning module TcpMessaging (342)
[2022.11.21-19.22.38:338][ 59]LogModuleManager: Shutting down and abandoning module MagicLeapARPin (340)
[2022.11.21-19.22.38:338][ 59]LogModuleManager: Shutting down and abandoning module MagicLeapHandMeshing (338)
[2022.11.21-19.22.38:338][ 59]LogModuleManager: Shutting down and abandoning module MagicLeapSecureStorage (336)
[2022.11.21-19.22.38:338][ 59]LogModuleManager: Shutting down and abandoning module MagicLeapPrivileges (334)
[2022.11.21-19.22.38:338][ 59]LogModuleManager: Shutting down and abandoning module MagicLeapPlanes (332)
[2022.11.21-19.22.38:338][ 59]LogMagicLeapPlanes: Planes tracker already destroyed.
[2022.11.21-19.22.38:338][ 59]LogModuleManager: Shutting down and abandoning module MagicLeapImageTracker (330)
[2022.11.21-19.22.38:338][ 59]LogModuleManager: Shutting down and abandoning module MagicLeapIdentity (328)
[2022.11.21-19.22.38:338][ 59]LogModuleManager: Shutting down and abandoning module MagicLeapHandTracking (326)
[2022.11.21-19.22.38:338][ 59]LogModuleManager: Shutting down and abandoning module MagicLeapEyeTracker (324)
[2022.11.21-19.22.38:338][ 59]LogModuleManager: Shutting down and abandoning module MagicLeapController (322)
[2022.11.21-19.22.38:338][ 59]LogModuleManager: Shutting down and abandoning module MagicLeapARPinImpl (320)
[2022.11.21-19.22.38:338][ 59]LogModuleManager: Shutting down and abandoning module MagicLeapAR (318)
[2022.11.21-19.22.38:338][ 59]LogModuleManager: Shutting down and abandoning module ImgMediaEngine (316)
[2022.11.21-19.22.38:338][ 59]LogModuleManager: Shutting down and abandoning module PythonScriptPlugin (314)
[2022.11.21-19.22.38:338][ 59]LogModuleManager: Shutting down and abandoning module NiagaraAnimNotifies (312)
[2022.11.21-19.22.38:338][ 59]LogModuleManager: Shutting down and abandoning module Niagara (310)
[2022.11.21-19.22.38:338][ 59]LogModuleManager: Shutting down and abandoning module SignalProcessing (309)
[2022.11.21-19.22.38:338][ 59]LogModuleManager: Shutting down and abandoning module NiagaraEditor (307)
[2022.11.21-19.22.38:338][ 59]LogModuleManager: Shutting down and abandoning module ContentBrowser (306)
[2022.11.21-19.22.38:338][ 59]LogModuleManager: Shutting down and abandoning module CollectionManager (305)
[2022.11.21-19.22.38:338][ 59]LogModuleManager: Shutting down and abandoning module DirectoryWatcher (304)
[2022.11.21-19.22.38:338][ 59]LogModuleManager: Shutting down and abandoning module ContentBrowserData (301)
[2022.11.21-19.22.38:338][ 59]LogModuleManager: Shutting down and abandoning module NiagaraCore (296)
[2022.11.21-19.22.38:338][ 59]LogModuleManager: Shutting down and abandoning module GameplayTagsEditor (294)
[2022.11.21-19.22.38:338][ 59]LogModuleManager: Shutting down and abandoning module FacialAnimation (292)
[2022.11.21-19.22.38:338][ 59]LogModuleManager: Shutting down and abandoning module AssetManagerEditor (290)
[2022.11.21-19.22.38:338][ 59]LogModuleManager: Shutting down and abandoning module TreeMap (289)
[2022.11.21-19.22.38:338][ 59]LogModuleManager: Shutting down and abandoning module PropertyAccessNode (286)
[2022.11.21-19.22.38:338][ 59]LogModuleManager: Shutting down and abandoning module AnimationSharing (284)
[2022.11.21-19.22.38:338][ 59]LogModuleManager: Shutting down and abandoning module GameplayCameras (282)
[2022.11.21-19.22.38:338][ 59]LogModuleManager: Shutting down and abandoning module LightPropagationVolumeRuntime (280)
[2022.11.21-19.22.38:338][ 59]LogModuleManager: Shutting down and abandoning module EnvironmentQueryEditor (278)
[2022.11.21-19.22.38:338][ 59]LogModuleManager: Shutting down and abandoning module Paper2D (276)
[2022.11.21-19.22.38:338][ 59]LogModuleManager: Shutting down and abandoning module WindowsMoviePlayer (274)
[2022.11.21-19.22.38:339][ 59]LogModuleManager: Shutting down and abandoning module WebMMoviePlayer (272)
[2022.11.21-19.22.38:339][ 59]LogModuleManager: Shutting down and abandoning module NetworkReplayStreaming (270)
[2022.11.21-19.22.38:339][ 59]LogModuleManager: Shutting down and abandoning module PacketHandler (268)
[2022.11.21-19.22.38:339][ 59]LogModuleManager: Shutting down and abandoning module ClothingSystemEditor (266)
[2022.11.21-19.22.38:339][ 59]LogModuleManager: Shutting down and abandoning module ClothingSystemRuntimeNv (264)
[2022.11.21-19.22.38:339][ 59]LogModuleManager: Shutting down and abandoning module MediaAssets (262)
[2022.11.21-19.22.38:339][ 59]LogModuleManager: Shutting down and abandoning module Overlay (260)
[2022.11.21-19.22.38:339][ 59]LogModuleManager: Shutting down and abandoning module OverlayEditor (259)
[2022.11.21-19.22.38:339][ 59]LogModuleManager: Shutting down and abandoning module VREditor (256)
[2022.11.21-19.22.38:339][ 59]LogModuleManager: Shutting down and abandoning module StringTableEditor (254)
[2022.11.21-19.22.38:339][ 59]LogModuleManager: Shutting down and abandoning module GameplayTasksEditor (252)
[2022.11.21-19.22.38:339][ 59]LogModuleManager: Shutting down and abandoning module BehaviorTreeEditor (250)
[2022.11.21-19.22.38:339][ 59]LogModuleManager: Shutting down and abandoning module FunctionalTesting (248)
[2022.11.21-19.22.38:339][ 59]LogModuleManager: Shutting down and abandoning module CollisionAnalyzer (246)
[2022.11.21-19.22.38:339][ 59]LogModuleManager: Shutting down and abandoning module WorkspaceMenuStructure (245)
[2022.11.21-19.22.38:339][ 59]LogModuleManager: Shutting down and abandoning module UMG (242)
[2022.11.21-19.22.38:339][ 59]LogModuleManager: Shutting down and abandoning module UMGEditor (241)
[2022.11.21-19.22.38:339][ 59]LogModuleManager: Shutting down and abandoning module Sequencer (240)
[2022.11.21-19.22.38:339][ 59]LogModuleManager: Shutting down and abandoning module MessageLog (237)
[2022.11.21-19.22.38:339][ 59]LogModuleManager: Shutting down and abandoning module SlateReflector (232)
[2022.11.21-19.22.38:339][ 59]LogModuleManager: Shutting down and abandoning module Slate (230)
[2022.11.21-19.22.38:339][ 59]LogModuleManager: Shutting down and abandoning module SlateCore (228)
[2022.11.21-19.22.38:340][ 59]LogModuleManager: Shutting down and abandoning module LandscapeEditorUtilities (226)
[2022.11.21-19.22.38:340][ 59]LogModuleManager: Shutting down and abandoning module UnrealEd (224)
[2022.11.21-19.22.38:340][ 59]LogModuleManager: Shutting down and abandoning module MRMesh (222)
[2022.11.21-19.22.38:340][ 59]LogModuleManager: Shutting down and abandoning module Messaging (220)
[2022.11.21-19.22.38:340][ 59]LogModuleManager: Shutting down and abandoning module SourceCodeAccess (218)
[2022.11.21-19.22.38:340][ 59]LogModuleManager: Shutting down and abandoning module HeadMountedDisplay (216)
[2022.11.21-19.22.38:340][ 59]LogModuleManager: Shutting down and abandoning module XAudio2 (214)
[2022.11.21-19.22.38:340][ 59]LogModuleManager: Shutting down and abandoning module Networking (212)
[2022.11.21-19.22.38:340][ 59]LogModuleManager: Shutting down and abandoning module Core (210)
[2022.11.21-19.22.38:340][ 59]LogModuleManager: Shutting down and abandoning module MaterialEditor (208)
[2022.11.21-19.22.38:340][ 59]LogModuleManager: Shutting down and abandoning module MovieSceneTools (206)
[2022.11.21-19.22.38:340][ 59]LogModuleManager: Shutting down and abandoning module EditorStyle (205)
[2022.11.21-19.22.38:341][ 59]LogModuleManager: Shutting down and abandoning module KismetCompiler (202)
[2022.11.21-19.22.38:341][ 59]LogModuleManager: Shutting down and abandoning module MeshBuilder (200)
[2022.11.21-19.22.38:341][ 59]LogModuleManager: Shutting down and abandoning module MeshUtilities (198)
[2022.11.21-19.22.38:341][ 59]LogModuleManager: Shutting down and abandoning module MeshMergeUtilities (197)
[2022.11.21-19.22.38:341][ 59]LogModuleManager: Shutting down and abandoning module MeshReductionInterface (196)
[2022.11.21-19.22.38:341][ 59]LogModuleManager: Shutting down and abandoning module MeshBoneReduction (195)
[2022.11.21-19.22.38:341][ 59]LogModuleManager: Shutting down and abandoning module SkeletalMeshReduction (193)
[2022.11.21-19.22.38:341][ 59]LogModuleManager: Shutting down and abandoning module ProxyLODMeshReduction (191)
[2022.11.21-19.22.38:341][ 59]LogModuleManager: Shutting down and abandoning module QuadricMeshReduction (189)
[2022.11.21-19.22.38:341][ 59]LogModuleManager: Shutting down and abandoning module MaterialBaking (185)
[2022.11.21-19.22.38:341][ 59]LogModuleManager: Shutting down and abandoning module NullInstallBundleManager (180)
[2022.11.21-19.22.38:341][ 59]LogModuleManager: Shutting down and abandoning module PIEPreviewDeviceProfileSelector (178)
[2022.11.21-19.22.38:341][ 59]LogModuleManager: Shutting down and abandoning module DerivedDataCache (176)
[2022.11.21-19.22.38:341][ 59]LogModuleManager: Shutting down and abandoning module TargetPlatform (174)
[2022.11.21-19.22.38:341][ 59]LogModuleManager: Shutting down and abandoning module VulkanShaderFormat (173)
[2022.11.21-19.22.38:341][ 59]LogModuleManager: Shutting down and abandoning module ShaderFormatVectorVM (171)
[2022.11.21-19.22.38:341][ 59]LogModuleManager: Shutting down and abandoning module ShaderFormatOpenGL (169)
[2022.11.21-19.22.38:341][ 59]LogModuleManager: Shutting down and abandoning module ShaderFormatD3D (167)
[2022.11.21-19.22.38:341][ 59]LogModuleManager: Shutting down and abandoning module MetalShaderFormat (165)
[2022.11.21-19.22.38:341][ 59]LogModuleManager: Shutting down and abandoning module TextureFormatOodle (163)
[2022.11.21-19.22.38:341][ 59]LogModuleManager: Shutting down and abandoning module TextureFormatUncompressed (161)
[2022.11.21-19.22.38:341][ 59]LogModuleManager: Shutting down and abandoning module TextureFormatPVR (159)
[2022.11.21-19.22.38:341][ 59]LogModuleManager: Shutting down and abandoning module TextureFormatETC2 (157)
[2022.11.21-19.22.38:341][ 59]LogModuleManager: Shutting down and abandoning module TextureFormatDXT (155)
[2022.11.21-19.22.38:341][ 59]LogModuleManager: Shutting down and abandoning module TextureFormatIntelISPCTexComp (153)
[2022.11.21-19.22.38:341][ 59]LogModuleManager: Shutting down and abandoning module TextureFormatASTC (151)
[2022.11.21-19.22.38:341][ 59]LogModuleManager: Shutting down and abandoning module ImageWrapper (150)
[2022.11.21-19.22.38:341][ 59]LogModuleManager: Shutting down and abandoning module AudioFormatOpus (147)
[2022.11.21-19.22.38:341][ 59]LogModuleManager: Shutting down and abandoning module AudioFormatOgg (145)
[2022.11.21-19.22.38:341][ 59]LogModuleManager: Shutting down and abandoning module AudioFormatADPCM (143)
[2022.11.21-19.22.38:341][ 59]LogModuleManager: Shutting down and abandoning module WindowsServerTargetPlatform (141)
[2022.11.21-19.22.38:341][ 59]LogModuleManager: Shutting down and abandoning module WindowsClientTargetPlatform (139)
[2022.11.21-19.22.38:341][ 59]LogModuleManager: Shutting down and abandoning module WindowsTargetPlatform (137)
[2022.11.21-19.22.38:341][ 59]LogModuleManager: Shutting down and abandoning module WindowsNoEditorTargetPlatform (135)
[2022.11.21-19.22.38:341][ 59]LogModuleManager: Shutting down and abandoning module D3D11RHI (132)
[2022.11.21-19.22.38:341][ 59]LogModuleManager: Shutting down and abandoning module InputCore (130)
[2022.11.21-19.22.38:341][ 59]LogModuleManager: Shutting down and abandoning module Settings (128)
[2022.11.21-19.22.38:341][ 59]LogModuleManager: Shutting down and abandoning module PhysXCooking (126)
[2022.11.21-19.22.38:341][ 59]LogModuleManager: Shutting down and abandoning module Chaos (124)
[2022.11.21-19.22.38:341][ 59]LogModuleManager: Shutting down and abandoning module WindowsPlatformFeatures (122)
[2022.11.21-19.22.38:341][ 59]LogModuleManager: Shutting down and abandoning module GameplayMediaEncoder (121)
[2022.11.21-19.22.38:341][ 59]LogModuleManager: Shutting down and abandoning module AVEncoder (120)
[2022.11.21-19.22.38:341][ 59]LogModuleManager: Shutting down and abandoning module SteamVRInputDevice (116)
[2022.11.21-19.22.38:341][ 59]LogModuleManager: Shutting down and abandoning module SteamVRInput (114)
[2022.11.21-19.22.38:341][ 59]LogModuleManager: Shutting down and abandoning module SteamVR (112)
[2022.11.21-19.22.38:341][ 59]LogHMD: Freeing OpenVRDLLHandle.
[2022.11.21-19.22.38:341][ 59]LogModuleManager: Shutting down and abandoning module OculusHMD (110)
[2022.11.21-19.22.38:341][ 59]LogModuleManager: Shutting down and abandoning module LauncherChunkInstaller (108)
[2022.11.21-19.22.38:341][ 59]LogModuleManager: Shutting down and abandoning module OpenXRHandTracking (106)
[2022.11.21-19.22.38:341][ 59]LogSlate: Slate User Destroyed.  User Index 0, Is Virtual User: 0
[2022.11.21-19.22.38:341][ 59]LogModuleManager: Shutting down and abandoning module OpenXREyeTracker (104)
[2022.11.21-19.22.38:341][ 59]LogModuleManager: Shutting down and abandoning module OpenXRAR (102)
[2022.11.21-19.22.38:341][ 59]LogModuleManager: Shutting down and abandoning module AugmentedReality (101)
[2022.11.21-19.22.38:341][ 59]LogModuleManager: Shutting down and abandoning module OpenXRHMD (98)
[2022.11.21-19.22.38:341][ 59]LogModuleManager: Shutting down and abandoning module ExampleDeviceProfileSelector (96)
[2022.11.21-19.22.38:341][ 59]LogModuleManager: Shutting down and abandoning module ChunkDownloader (94)
[2022.11.21-19.22.38:341][ 59]LogModuleManager: Shutting down and abandoning module OnlineBlueprintSupport (92)
[2022.11.21-19.22.38:341][ 59]LogModuleManager: Shutting down and abandoning module OnlineSubsystem (88)
[2022.11.21-19.22.38:342][ 59]LogModuleManager: Shutting down and abandoning module XMPP (83)
[2022.11.21-19.22.38:342][ 59]LogModuleManager: Shutting down and abandoning module WebSockets (82)
[2022.11.21-19.22.38:373][ 59]LogModuleManager: Shutting down and abandoning module HTTP (79)
[2022.11.21-19.22.38:373][ 59]LogHttp: Display: cleaning up 0 outstanding Http requests.
[2022.11.21-19.22.38:391][ 59]LogModuleManager: Shutting down and abandoning module SSL (78)
[2022.11.21-19.22.38:392][ 59]LogModuleManager: Shutting down and abandoning module MLSDK (74)
[2022.11.21-19.22.38:392][ 59]LogModuleManager: Shutting down and abandoning module WmfMedia (72)
[2022.11.21-19.22.38:393][ 59]LogModuleManager: Shutting down and abandoning module Media (71)
[2022.11.21-19.22.38:393][ 59]LogModuleManager: Shutting down and abandoning module MediaInfo (70)
[2022.11.21-19.22.38:393][ 59]LogModuleManager: Shutting down and abandoning module MagicLeap (66)
[2022.11.21-19.22.38:393][ 59]LogModuleManager: Shutting down and abandoning module ExrReaderGpu (64)
[2022.11.21-19.22.38:393][ 59]LogModuleManager: Shutting down and abandoning module VariantManagerContent (62)
[2022.11.21-19.22.38:393][ 59]LogModuleManager: Shutting down and abandoning module DatasmithContent (60)
[2022.11.21-19.22.38:393][ 59]LogModuleManager: Shutting down and abandoning module NiagaraVertexFactories (58)
[2022.11.21-19.22.38:393][ 59]LogModuleManager: Shutting down and abandoning module NiagaraShader (56)
[2022.11.21-19.22.38:393][ 59]LogModuleManager: Shutting down and abandoning module ChaosCloth (54)
[2022.11.21-19.22.38:393][ 59]LogModuleManager: Shutting down and abandoning module PixWinPlugin (52)
[2022.11.21-19.22.38:393][ 59]LogModuleManager: Shutting down and abandoning module AISupportModule (50)
[2022.11.21-19.22.38:394][ 59]LogModuleManager: Shutting down and abandoning module DesktopPlatform (48)
[2022.11.21-19.22.38:394][ 59]LogModuleManager: Shutting down and abandoning module PythonScriptPluginPreload (46)
[2022.11.21-19.22.38:394][ 59]LogModuleManager: Shutting down and abandoning module PlatformCryptoOpenSSL (44)
[2022.11.21-19.22.38:394][ 59]LogModuleManager: Shutting down and abandoning module PlatformCryptoTypes (42)
[2022.11.21-19.22.38:394][ 59]LogModuleManager: Shutting down and abandoning module PlatformCrypto (40)
[2022.11.21-19.22.38:394][ 59]LogModuleManager: Shutting down and abandoning module OodleDataCompressionFormat (38)
[2022.11.21-19.22.38:394][ 59]LogModuleManager: Shutting down and abandoning module XGEController (36)
[2022.11.21-19.22.38:394][ 59]LogModuleManager: Shutting down and abandoning module AnimationModifiers (34)
[2022.11.21-19.22.38:394][ 59]LogModuleManager: Shutting down and abandoning module AudioEditor (32)
[2022.11.21-19.22.38:394][ 59]LogModuleManager: Shutting down and abandoning module PropertyEditor (31)
[2022.11.21-19.22.38:394][ 59]LogModuleManager: Shutting down and abandoning module TextureCompressor (28)
[2022.11.21-19.22.38:394][ 59]LogModuleManager: Shutting down and abandoning module RenderCore (26)
[2022.11.21-19.22.38:394][ 59]LogModuleManager: Shutting down and abandoning module Landscape (24)
[2022.11.21-19.22.38:394][ 59]LogModuleManager: Shutting down and abandoning module SlateRHIRenderer (22)
[2022.11.21-19.22.38:394][ 59]LogModuleManager: Shutting down and abandoning module AnimGraphRuntime (20)
[2022.11.21-19.22.38:394][ 59]LogModuleManager: Shutting down and abandoning module Renderer (18)
[2022.11.21-19.22.38:394][ 59]LogModuleManager: Shutting down and abandoning module Engine (16)
[2022.11.21-19.22.38:394][ 59]LogModuleManager: Shutting down and abandoning module CoreUObject (14)
[2022.11.21-19.22.38:394][ 59]LogModuleManager: Shutting down and abandoning module NetworkFile (12)
[2022.11.21-19.22.38:394][ 59]LogModuleManager: Shutting down and abandoning module CookedIterativeFile (10)
[2022.11.21-19.22.38:394][ 59]LogModuleManager: Shutting down and abandoning module StreamingFile (8)
[2022.11.21-19.22.38:394][ 59]LogModuleManager: Shutting down and abandoning module SandboxFile (6)
[2022.11.21-19.22.38:394][ 59]LogModuleManager: Shutting down and abandoning module PakFile (4)
[2022.11.21-19.22.38:394][ 59]LogModuleManager: Shutting down and abandoning module RSA (3)
[2022.11.21-19.22.38:660][ 59]LogContentStreaming: Display: There are 1 unreleased StreamingManagers
[2022.11.21-19.22.38:667][ 59]LogD3D11RHI: Shutdown
[2022.11.21-19.22.38:667][ 59]LogD3D11RHI: CleanupD3DDevice
[2022.11.21-19.22.38:667][ 59]LogExit: Exiting.
[2022.11.21-19.22.38:677][ 59]Log file closed, 11/21/22 14:22:38
