Log file open, 11/21/22 14:37:24
LogWindows: Failed to load 'aqProf.dll' (GetLastError=126)
LogWindows: File 'aqProf.dll' does not exist
LogWindows: Failed to load 'VtuneApi.dll' (GetLastError=126)
LogWindows: File 'VtuneApi.dll' does not exist
LogWindows: Failed to load 'VtuneApi32e.dll' (GetLastError=126)
LogWindows: File 'VtuneApi32e.dll' does not exist
LogConsoleResponse: Display: Failed to find resolution value strings in scalability ini. Falling back to default.
LogConsoleResponse: Display: Failed to find resolution value strings in scalability ini. Falling back to default.
LogInit: Display: Running engine for game: SideScroller_V422_Fall2019
LogPlatformFile: Not using cached read wrapper
LogTaskGraph: Started task graph with 5 named threads and 26 total threads with 3 sets of task threads.
LogStats: Stats thread started at 0.209972
LogICUInternationalization: ICU TimeZone Detection - Raw Offset: -5:00, Platform Override: ''
LogInit: Display: Loading text-based GConfig....
LogPluginManager: Mounting plugin MeshPainting
LogPluginManager: Mounting plugin XGEController
LogPluginManager: Mounting plugin Paper2D
LogPluginManager: Mounting plugin LiveLink
LogPluginManager: Mounting plugin AISupport
LogPluginManager: Mounting plugin LightPropagationVolume
LogPluginManager: Mounting plugin EnvironmentQueryEditor
LogPluginManager: Mounting plugin CameraShakePreviewer
LogPluginManager: Mounting plugin GameplayCameras
LogPluginManager: Mounting plugin OodleNetwork
LogPluginManager: Mounting plugin OodleData
LogPluginManager: Mounting plugin DatasmithContent
LogPluginManager: Mounting plugin VariantManagerContent
LogPluginManager: Mounting plugin AnimationSharing
LogPluginManager: Mounting plugin CLionSourceCodeAccess
LogPluginManager: Mounting plugin CodeLiteSourceCodeAccess
LogPluginManager: Mounting plugin GitSourceControl
LogPluginManager: Mounting plugin KDevelopSourceCodeAccess
LogPluginManager: Mounting plugin NullSourceCodeAccess
LogPluginManager: Mounting plugin PerforceSourceControl
LogPluginManager: Mounting plugin PlasticSourceControl
LogPluginManager: Mounting plugin PluginUtils
LogPluginManager: Mounting plugin RiderSourceCodeAccess
LogPluginManager: Mounting plugin SubversionSourceControl
LogPluginManager: Mounting plugin TextureFormatOodle
LogPluginManager: Mounting plugin PixWinPlugin
LogPluginManager: Mounting plugin PropertyAccessNode
LogPluginManager: Mounting plugin VisualStudioSourceCodeAccess
LogPluginManager: Mounting plugin UObjectPlugin
LogPluginManager: Mounting plugin VisualStudioCodeSourceCodeAccess
LogPluginManager: Mounting plugin XCodeSourceCodeAccess
LogPluginManager: Mounting plugin Niagara
LogPluginManager: Mounting plugin AlembicImporter
LogPluginManager: Mounting plugin BackChannel
LogPluginManager: Mounting plugin AutomationUtils
LogPluginManager: Mounting plugin ChaosCloth
LogPluginManager: Mounting plugin ChaosClothEditor
LogPluginManager: Mounting plugin ChaosEditor
LogPluginManager: Mounting plugin ChaosNiagara
LogPluginManager: Mounting plugin ChaosSolverPlugin
LogPluginManager: Mounting plugin CharacterAI
LogPluginManager: Mounting plugin AssetManagerEditor
LogPluginManager: Mounting plugin GeometryCollectionPlugin
LogPluginManager: Mounting plugin GeometryCache
LogPluginManager: Mounting plugin CryptoKeys
LogPluginManager: Mounting plugin CurveEditorTools
LogPluginManager: Mounting plugin DataValidation
LogPluginManager: Mounting plugin FacialAnimation
LogPluginManager: Mounting plugin GameplayTagsEditor
LogPluginManager: Mounting plugin MacGraphicsSwitching
LogPluginManager: Mounting plugin MaterialAnalyzer
LogPluginManager: Mounting plugin GeometryMode
LogPluginManager: Mounting plugin MobileLauncherProfileWizard
LogPluginManager: Mounting plugin PluginBrowser
LogPluginManager: Mounting plugin GeometryProcessing
LogPluginManager: Mounting plugin SpeedTreeImporter
LogPluginManager: Mounting plugin MotoSynth
LogPluginManager: Mounting plugin OpenImageDenoise
LogPluginManager: Mounting plugin PlanarCut
LogPluginManager: Mounting plugin PlatformCrypto
LogPluginManager: Mounting plugin ProxyLODPlugin
LogPluginManager: Mounting plugin PythonScriptPlugin
LogPluginManager: Mounting plugin SkeletalReduction
LogPluginManager: Mounting plugin LuminPlatformFeatures
LogPluginManager: Mounting plugin MagicLeap
LogPluginManager: Mounting plugin MagicLeapLightEstimation
LogPluginManager: Mounting plugin MagicLeapMedia
LogPluginManager: Mounting plugin MagicLeapPassableWorld
LogPluginManager: Mounting plugin MLSDK
LogPluginManager: Mounting plugin AndroidMedia
LogPluginManager: Mounting plugin AvfMedia
LogPluginManager: Mounting plugin ImgMedia
LogPluginManager: Mounting plugin MediaCompositing
LogPluginManager: Mounting plugin MediaPlayerEditor
LogPluginManager: Mounting plugin WmfMedia
LogPluginManager: Mounting plugin WebMMedia
LogPluginManager: Mounting plugin TcpMessaging
LogPluginManager: Mounting plugin ActorSequence
LogPluginManager: Mounting plugin UdpMessaging
LogPluginManager: Mounting plugin LevelSequenceEditor
LogPluginManager: Mounting plugin MatineeToLevelSequence
LogPluginManager: Mounting plugin TemplateSequence
LogPluginManager: Mounting plugin OnlineSubsystem
LogPluginManager: Mounting plugin OnlineSubsystemNull
LogPluginManager: Mounting plugin OnlineSubsystemUtils
LogPluginManager: Mounting plugin LauncherChunkInstaller
LogPluginManager: Mounting plugin ActorLayerUtilities
LogPluginManager: Mounting plugin AndroidDeviceProfileSelector
LogPluginManager: Mounting plugin AndroidMoviePlayer
LogPluginManager: Mounting plugin AndroidPermission
LogPluginManager: Mounting plugin ApexDestruction
LogPluginManager: Mounting plugin AppleImageUtils
LogPluginManager: Mounting plugin AppleMoviePlayer
LogPluginManager: Mounting plugin ArchVisCharacter
LogPluginManager: Mounting plugin AssetTags
LogPluginManager: Mounting plugin AudioSynesthesia
LogPluginManager: Mounting plugin AudioCapture
LogPluginManager: Mounting plugin CableComponent
LogPluginManager: Mounting plugin ChunkDownloader
LogPluginManager: Mounting plugin CustomMeshComponent
LogPluginManager: Mounting plugin EditableMesh
LogPluginManager: Mounting plugin ExampleDeviceProfileSelector
LogPluginManager: Mounting plugin GoogleCloudMessaging
LogPluginManager: Mounting plugin GooglePAD
LogPluginManager: Mounting plugin ScreenshotTools
LogPluginManager: Mounting plugin IOSDeviceProfileSelector
LogPluginManager: Mounting plugin LinuxDeviceProfileSelector
LogPluginManager: Mounting plugin LocationServicesBPLibrary
LogPluginManager: Mounting plugin MobilePatchingUtils
LogPluginManager: Mounting plugin OpenXR
LogPluginManager: Mounting plugin OpenXREyeTracker
LogPluginManager: Mounting plugin Takes
LogPluginManager: Mounting plugin OpenXRHandTracking
LogPluginManager: Mounting plugin PhysXVehicles
LogPluginManager: Mounting plugin PostSplashScreen
LogPluginManager: Mounting plugin ProceduralMeshComponent
LogPluginManager: Mounting plugin PropertyAccessEditor
LogPluginManager: Mounting plugin RuntimePhysXCooking
LogPluginManager: Mounting plugin SignificanceManager
LogPluginManager: Mounting plugin SoundFields
LogPluginManager: Mounting plugin Synthesis
LogPluginManager: Mounting plugin WebMMoviePlayer
LogPluginManager: Mounting plugin WindowsMoviePlayer
LogPluginManager: Mounting plugin ContentBrowserAssetDataSource
LogPluginManager: Mounting plugin ContentBrowserFileDataSource
LogPluginManager: Mounting plugin ContentBrowserClassDataSource
LogPluginManager: Mounting plugin OnlineSubsystemGooglePlay
LogPluginManager: Mounting plugin OnlineSubsystemIOS
LogPluginManager: Mounting plugin OculusVR
LogPluginManager: Mounting plugin SteamVR
PixWinPlugin: PIX capture plugin failed to initialize! Check that the process is launched from PIX.
LogInit: Using libcurl 7.55.1-DEV
LogInit:  - built for x86_64-pc-win32
LogInit:  - supports SSL with OpenSSL/1.1.1
LogInit:  - supports HTTP deflate (compression) using libz 1.2.8
LogInit:  - other features:
LogInit:      CURL_VERSION_SSL
LogInit:      CURL_VERSION_LIBZ
LogInit:      CURL_VERSION_IPV6
LogInit:      CURL_VERSION_ASYNCHDNS
LogInit:      CURL_VERSION_LARGEFILE
LogInit:      CURL_VERSION_IDN
LogInit:  CurlRequestOptions (configurable via config and command line):
LogInit:  - bVerifyPeer = true  - Libcurl will verify peer certificate
LogInit:  - bUseHttpProxy = false  - Libcurl will NOT use HTTP proxy
LogInit:  - bDontReuseConnections = false  - Libcurl will reuse connections
LogInit:  - MaxHostConnections = 16  - Libcurl will limit the number of connections to a host
LogInit:  - LocalHostAddr = Default
LogInit:  - BufferSize = 65536
LogOnline: OSS: Creating online subsystem instance for: NULL
LogInit: WinSock: version 1.1 (2.2), MaxSocks=32767, MaxUdp=65467
LogOnline: OSS: TryLoadSubsystemAndSetDefault: Loaded subsystem for module [NULL]
LogOculusPluginWrapper: OculusPlugin initialized successfully
LogHMD: Failed initializing OVRPlugin 1.59.0
LogInit: Build: ++UE4+Release-4.27-CL-18319896
LogInit: Engine Version: 4.27.2-18319896+++UE4+Release-4.27
LogInit: Compatible Engine Version: 4.27.0-17155196+++UE4+Release-4.27
LogInit: Net CL: 17155196
LogInit: OS: Windows 10 (Release 2009) (), CPU: Intel(R) Core(TM) i7-9700K CPU @ 3.60GHz, GPU: NVIDIA GeForce RTX 2070
LogInit: Compiled (64-bit): Nov 30 2021 07:12:08
LogInit: Compiled with Visual C++: 19.24.28315.00
LogInit: Build Configuration: Development
LogInit: Branch Name: ++UE4+Release-4.27
LogInit: Command Line:  /Game/SideScrollerBP/Maps/SideScrollerExampleMap -game -PIEVIACONSOLE -Multiprocess GameUserSettingsINI=C:/Users/dros0008/Desktop/LevelDesign/SideScroller_V422/Saved/Config/Windows/PIEGameUserSettings0.ini -MultiprocessSaveConfig -forcepassthrough -messaging -SessionName="Play in Standalone Game" -windowed -WinX=315 -WinY=179 SAVEWINPOS=1 -ResX=1280 -ResY=720
LogInit: Base Directory: C:/Program Files/Epic Games/UE_4.27/Engine/Binaries/Win64/
LogInit: Allocator: TBB
LogInit: Installed Engine Build: 1
LogDevObjectVersion: Number of dev versions registered: 29
LogDevObjectVersion:   Dev-Blueprints (B0D832E4-1F89-4F0D-ACCF-7EB736FD4AA2): 10
LogDevObjectVersion:   Dev-Build (E1C64328-A22C-4D53-A36C-8E866417BD8C): 0
LogDevObjectVersion:   Dev-Core (375EC13C-06E4-48FB-B500-84F0262A717E): 4
LogDevObjectVersion:   Dev-Editor (E4B068ED-F494-42E9-A231-DA0B2E46BB41): 40
LogDevObjectVersion:   Dev-Framework (CFFC743F-43B0-4480-9391-14DF171D2073): 37
LogDevObjectVersion:   Dev-Mobile (B02B49B5-BB20-44E9-A304-32B752E40360): 3
LogDevObjectVersion:   Dev-Networking (A4E4105C-59A1-49B5-A7C5-40C4547EDFEE): 0
LogDevObjectVersion:   Dev-Online (39C831C9-5AE6-47DC-9A44-9C173E1C8E7C): 0
LogDevObjectVersion:   Dev-Physics (78F01B33-EBEA-4F98-B9B4-84EACCB95AA2): 14
LogDevObjectVersion:   Dev-Platform (6631380F-2D4D-43E0-8009-CF276956A95A): 0
LogDevObjectVersion:   Dev-Rendering (12F88B9F-8875-4AFC-A67C-D90C383ABD29): 45
LogDevObjectVersion:   Dev-Sequencer (7B5AE74C-D270-4C10-A958-57980B212A5A): 13
LogDevObjectVersion:   Dev-VR (D7296918-1DD6-4BDD-9DE2-64A83CC13884): 3
LogDevObjectVersion:   Dev-LoadTimes (C2A15278-BFE7-4AFE-6C17-90FF531DF755): 1
LogDevObjectVersion:   Private-Geometry (6EACA3D4-40EC-4CC1-B786-8BED09428FC5): 3
LogDevObjectVersion:   Dev-AnimPhys (29E575DD-E0A3-4627-9D10-D276232CDCEA): 17
LogDevObjectVersion:   Dev-Anim (AF43A65D-7FD3-4947-9873-3E8ED9C1BB05): 15
LogDevObjectVersion:   Dev-ReflectionCapture (6B266CEC-1EC7-4B8F-A30B-E4D90942FC07): 1
LogDevObjectVersion:   Dev-Automation (0DF73D61-A23F-47EA-B727-89E90C41499A): 1
LogDevObjectVersion:   FortniteMain (601D1886-AC64-4F84-AA16-D3DE0DEAC7D6): 47
LogDevObjectVersion:   FortniteRelease (E7086368-6B23-4C58-8439-1B7016265E91): 1
LogDevObjectVersion:   Dev-Enterprise (9DFFBCD6-494F-0158-E221-12823C92A888): 10
LogDevObjectVersion:   Dev-Niagara (F2AED0AC-9AFE-416F-8664-AA7FFA26D6FC): 1
LogDevObjectVersion:   Dev-Destruction (174F1F0B-B4C6-45A5-B13F-2EE8D0FB917D): 10
LogDevObjectVersion:   Dev-Physics-Ext (35F94A83-E258-406C-A318-09F59610247C): 41
LogDevObjectVersion:   Dev-PhysicsMaterial-Chaos (B68FC16E-8B1B-42E2-B453-215C058844FE): 1
LogDevObjectVersion:   Dev-CineCamera (B2E18506-4273-CFC2-A54E-F4BB758BBA07): 1
LogDevObjectVersion:   Dev-VirtualProduction (64F58936-FD1B-42BA-BA96-7289D5D0FA4E): 1
LogDevObjectVersion:   Dev-MediaFramework (6F0ED827-A609-4895-9C91-998D90180EA4): 2
LogInit: Presizing for max 25165824 objects, including 0 objects not considered by GC, pre-allocating 0 bytes for permanent pool.
LogConfig: Applying CVar settings from Section [/Script/Engine.StreamingSettings] File [C:/Users/dros0008/Desktop/LevelDesign/SideScroller_V422/Saved/Config/Windows/Engine.ini]
LogConfig: Setting CVar [[s.MinBulkDataSizeForAsyncLoading:131072]]
LogConfig: Setting CVar [[s.AsyncLoadingThreadEnabled:0]]
LogConfig: Setting CVar [[s.EventDrivenLoaderEnabled:1]]
LogConfig: Setting CVar [[s.WarnIfTimeLimitExceeded:0]]
LogConfig: Setting CVar [[s.TimeLimitExceededMultiplier:1.5]]
LogConfig: Setting CVar [[s.TimeLimitExceededMinTime:0.005]]
LogConfig: Setting CVar [[s.UseBackgroundLevelStreaming:1]]
LogConfig: Setting CVar [[s.PriorityAsyncLoadingExtraTime:15.0]]
LogConfig: Setting CVar [[s.LevelStreamingActorsUpdateTimeLimit:5.0]]
LogConfig: Setting CVar [[s.PriorityLevelStreamingActorsUpdateExtraTime:5.0]]
LogConfig: Setting CVar [[s.LevelStreamingComponentsRegistrationGranularity:10]]
LogConfig: Setting CVar [[s.UnregisterComponentsTimeLimit:1.0]]
LogConfig: Setting CVar [[s.LevelStreamingComponentsUnregistrationGranularity:5]]
LogConfig: Setting CVar [[s.FlushStreamingOnExit:1]]
LogInit: Object subsystem initialized
LogConfig: Setting CVar [[con.DebugEarlyDefault:1]]
LogConfig: Setting CVar [[r.setres:1280x720]]
[2022.11.21-19.37.24:497][  0]LogConfig: Setting CVar [[con.DebugEarlyDefault:1]]
[2022.11.21-19.37.24:497][  0]LogConfig: Setting CVar [[r.setres:1280x720]]
[2022.11.21-19.37.24:497][  0]LogConfig: Applying CVar settings from Section [/Script/Engine.RendererSettings] File [C:/Users/dros0008/Desktop/LevelDesign/SideScroller_V422/Saved/Config/Windows/Engine.ini]
[2022.11.21-19.37.24:497][  0]LogConfig: Setting CVar [[r.GPUCrashDebugging:0]]
[2022.11.21-19.37.24:497][  0]LogConfig: Applying CVar settings from Section [/Script/Engine.RendererOverrideSettings] File [C:/Users/dros0008/Desktop/LevelDesign/SideScroller_V422/Saved/Config/Windows/Engine.ini]
[2022.11.21-19.37.24:497][  0]LogConfig: Applying CVar settings from Section [/Script/Engine.StreamingSettings] File [C:/Users/dros0008/Desktop/LevelDesign/SideScroller_V422/Saved/Config/Windows/Engine.ini]
[2022.11.21-19.37.24:497][  0]LogConfig: Setting CVar [[s.MinBulkDataSizeForAsyncLoading:131072]]
[2022.11.21-19.37.24:497][  0]LogConfig: Setting CVar [[s.AsyncLoadingThreadEnabled:0]]
[2022.11.21-19.37.24:497][  0]LogConfig: Setting CVar [[s.EventDrivenLoaderEnabled:1]]
[2022.11.21-19.37.24:497][  0]LogConfig: Setting CVar [[s.WarnIfTimeLimitExceeded:0]]
[2022.11.21-19.37.24:497][  0]LogConfig: Setting CVar [[s.TimeLimitExceededMultiplier:1.5]]
[2022.11.21-19.37.24:497][  0]LogConfig: Setting CVar [[s.TimeLimitExceededMinTime:0.005]]
[2022.11.21-19.37.24:497][  0]LogConfig: Setting CVar [[s.UseBackgroundLevelStreaming:1]]
[2022.11.21-19.37.24:497][  0]LogConfig: Setting CVar [[s.PriorityAsyncLoadingExtraTime:15.0]]
[2022.11.21-19.37.24:497][  0]LogConfig: Setting CVar [[s.LevelStreamingActorsUpdateTimeLimit:5.0]]
[2022.11.21-19.37.24:497][  0]LogConfig: Setting CVar [[s.PriorityLevelStreamingActorsUpdateExtraTime:5.0]]
[2022.11.21-19.37.24:497][  0]LogConfig: Setting CVar [[s.LevelStreamingComponentsRegistrationGranularity:10]]
[2022.11.21-19.37.24:497][  0]LogConfig: Setting CVar [[s.UnregisterComponentsTimeLimit:1.0]]
[2022.11.21-19.37.24:497][  0]LogConfig: Setting CVar [[s.LevelStreamingComponentsUnregistrationGranularity:5]]
[2022.11.21-19.37.24:497][  0]LogConfig: Setting CVar [[s.FlushStreamingOnExit:1]]
[2022.11.21-19.37.24:497][  0]LogConfig: Applying CVar settings from Section [/Script/Engine.GarbageCollectionSettings] File [C:/Users/dros0008/Desktop/LevelDesign/SideScroller_V422/Saved/Config/Windows/Engine.ini]
[2022.11.21-19.37.24:497][  0]LogConfig: Setting CVar [[gc.MaxObjectsNotConsideredByGC:1]]
[2022.11.21-19.37.24:497][  0]LogConfig: Setting CVar [[gc.SizeOfPermanentObjectPool:0]]
[2022.11.21-19.37.24:497][  0]LogConfig: Setting CVar [[gc.FlushStreamingOnGC:0]]
[2022.11.21-19.37.24:497][  0]LogConfig: Setting CVar [[gc.NumRetriesBeforeForcingGC:10]]
[2022.11.21-19.37.24:497][  0]LogConfig: Setting CVar [[gc.AllowParallelGC:1]]
[2022.11.21-19.37.24:497][  0]LogConfig: Setting CVar [[gc.TimeBetweenPurgingPendingKillObjects:61.1]]
[2022.11.21-19.37.24:497][  0]LogConfig: Setting CVar [[gc.MaxObjectsInEditor:25165824]]
[2022.11.21-19.37.24:497][  0]LogConfig: Setting CVar [[gc.IncrementalBeginDestroyEnabled:1]]
[2022.11.21-19.37.24:497][  0]LogConfig: Setting CVar [[gc.CreateGCClusters:1]]
[2022.11.21-19.37.24:497][  0]LogConfig: Setting CVar [[gc.MinGCClusterSize:5]]
[2022.11.21-19.37.24:497][  0]LogConfig: Setting CVar [[gc.ActorClusteringEnabled:0]]
[2022.11.21-19.37.24:497][  0]LogConfig: Setting CVar [[gc.BlueprintClusteringEnabled:0]]
[2022.11.21-19.37.24:497][  0]LogConfig: Setting CVar [[gc.UseDisregardForGCOnDedicatedServers:0]]
[2022.11.21-19.37.24:497][  0]LogConfig: Setting CVar [[gc.MultithreadedDestructionEnabled:1]]
[2022.11.21-19.37.24:497][  0]LogConfig: Applying CVar settings from Section [/Script/Engine.NetworkSettings] File [C:/Users/dros0008/Desktop/LevelDesign/SideScroller_V422/Saved/Config/Windows/Engine.ini]
[2022.11.21-19.37.24:497][  0]LogConfig: Applying CVar settings from Section [/Script/UnrealEd.CookerSettings] File [C:/Users/dros0008/Desktop/LevelDesign/SideScroller_V422/Saved/Config/Windows/Engine.ini]
[2022.11.21-19.37.24:505][  0]LogConfig: Applying CVar settings from Section [ViewDistanceQuality@3] File [C:/Users/dros0008/Desktop/LevelDesign/SideScroller_V422/Saved/Config/Windows/Scalability.ini]
[2022.11.21-19.37.24:505][  0]LogConfig: Setting CVar [[r.SkeletalMeshLODBias:0]]
[2022.11.21-19.37.24:505][  0]LogConfig: Setting CVar [[r.ViewDistanceScale:1.0]]
[2022.11.21-19.37.24:505][  0]LogConfig: Applying CVar settings from Section [AntiAliasingQuality@3] File [C:/Users/dros0008/Desktop/LevelDesign/SideScroller_V422/Saved/Config/Windows/Scalability.ini]
[2022.11.21-19.37.24:505][  0]LogConfig: Setting CVar [[r.PostProcessAAQuality:4]]
[2022.11.21-19.37.24:505][  0]LogConfig: Applying CVar settings from Section [ShadowQuality@3] File [C:/Users/dros0008/Desktop/LevelDesign/SideScroller_V422/Saved/Config/Windows/Scalability.ini]
[2022.11.21-19.37.24:505][  0]LogConfig: Setting CVar [[r.LightFunctionQuality:1]]
[2022.11.21-19.37.24:505][  0]LogConfig: Setting CVar [[r.ShadowQuality:5]]
[2022.11.21-19.37.24:505][  0]LogConfig: Setting CVar [[r.Shadow.CSM.MaxCascades:10]]
[2022.11.21-19.37.24:505][  0]LogConfig: Setting CVar [[r.Shadow.MaxResolution:2048]]
[2022.11.21-19.37.24:505][  0]LogConfig: Setting CVar [[r.Shadow.MaxCSMResolution:2048]]
[2022.11.21-19.37.24:505][  0]LogConfig: Setting CVar [[r.Shadow.RadiusThreshold:0.01]]
[2022.11.21-19.37.24:505][  0]LogConfig: Setting CVar [[r.Shadow.DistanceScale:1.0]]
[2022.11.21-19.37.24:505][  0]LogConfig: Setting CVar [[r.Shadow.CSM.TransitionScale:1.0]]
[2022.11.21-19.37.24:505][  0]LogConfig: Setting CVar [[r.Shadow.PreShadowResolutionFactor:1.0]]
[2022.11.21-19.37.24:506][  0]LogConfig: Setting CVar [[r.DistanceFieldShadowing:1]]
[2022.11.21-19.37.24:506][  0]LogConfig: Setting CVar [[r.DistanceFieldAO:1]]
[2022.11.21-19.37.24:506][  0]LogConfig: Setting CVar [[r.AOQuality:2]]
[2022.11.21-19.37.24:506][  0]LogConfig: Setting CVar [[r.VolumetricFog:1]]
[2022.11.21-19.37.24:506][  0]LogConfig: Setting CVar [[r.VolumetricFog.GridPixelSize:8]]
[2022.11.21-19.37.24:506][  0]LogConfig: Setting CVar [[r.VolumetricFog.GridSizeZ:128]]
[2022.11.21-19.37.24:506][  0]LogConfig: Setting CVar [[r.VolumetricFog.HistoryMissSupersampleCount:4]]
[2022.11.21-19.37.24:506][  0]LogConfig: Setting CVar [[r.LightMaxDrawDistanceScale:1]]
[2022.11.21-19.37.24:506][  0]LogConfig: Setting CVar [[r.CapsuleShadows:1]]
[2022.11.21-19.37.24:506][  0]LogConfig: Applying CVar settings from Section [PostProcessQuality@3] File [C:/Users/dros0008/Desktop/LevelDesign/SideScroller_V422/Saved/Config/Windows/Scalability.ini]
[2022.11.21-19.37.24:506][  0]LogConfig: Setting CVar [[r.MotionBlurQuality:4]]
[2022.11.21-19.37.24:506][  0]LogConfig: Setting CVar [[r.AmbientOcclusionMipLevelFactor:0.4]]
[2022.11.21-19.37.24:506][  0]LogConfig: Setting CVar [[r.AmbientOcclusionMaxQuality:100]]
[2022.11.21-19.37.24:506][  0]LogConfig: Setting CVar [[r.AmbientOcclusionLevels:-1]]
[2022.11.21-19.37.24:506][  0]LogConfig: Setting CVar [[r.AmbientOcclusionRadiusScale:1.0]]
[2022.11.21-19.37.24:506][  0]LogConfig: Setting CVar [[r.DepthOfFieldQuality:2]]
[2022.11.21-19.37.24:506][  0]LogConfig: Setting CVar [[r.RenderTargetPoolMin:400]]
[2022.11.21-19.37.24:506][  0]LogConfig: Setting CVar [[r.LensFlareQuality:2]]
[2022.11.21-19.37.24:506][  0]LogConfig: Setting CVar [[r.SceneColorFringeQuality:1]]
[2022.11.21-19.37.24:506][  0]LogConfig: Setting CVar [[r.EyeAdaptationQuality:2]]
[2022.11.21-19.37.24:506][  0]LogConfig: Setting CVar [[r.BloomQuality:5]]
[2022.11.21-19.37.24:506][  0]LogConfig: Setting CVar [[r.FastBlurThreshold:100]]
[2022.11.21-19.37.24:506][  0]LogConfig: Setting CVar [[r.Upscale.Quality:3]]
[2022.11.21-19.37.24:506][  0]LogConfig: Setting CVar [[r.Tonemapper.GrainQuantization:1]]
[2022.11.21-19.37.24:506][  0]LogConfig: Setting CVar [[r.LightShaftQuality:1]]
[2022.11.21-19.37.24:506][  0]LogConfig: Setting CVar [[r.Filter.SizeScale:1]]
[2022.11.21-19.37.24:506][  0]LogConfig: Setting CVar [[r.Tonemapper.Quality:5]]
[2022.11.21-19.37.24:506][  0]LogConfig: Setting CVar [[r.DOF.Gather.AccumulatorQuality:1        ; higher gathering accumulator quality]]
[2022.11.21-19.37.24:506][  0]LogConfig: Setting CVar [[r.DOF.Gather.PostfilterMethod:1          ; Median3x3 postfilering method]]
[2022.11.21-19.37.24:506][  0]LogConfig: Setting CVar [[r.DOF.Gather.EnableBokehSettings:0       ; no bokeh simulation when gathering]]
[2022.11.21-19.37.24:506][  0]LogConfig: Setting CVar [[r.DOF.Gather.RingCount:4                 ; medium number of samples when gathering]]
[2022.11.21-19.37.24:506][  0]LogConfig: Setting CVar [[r.DOF.Scatter.ForegroundCompositing:1    ; additive foreground scattering]]
[2022.11.21-19.37.24:506][  0]LogConfig: Setting CVar [[r.DOF.Scatter.BackgroundCompositing:2    ; additive background scattering]]
[2022.11.21-19.37.24:506][  0]LogConfig: Setting CVar [[r.DOF.Scatter.EnableBokehSettings:1      ; bokeh simulation when scattering]]
[2022.11.21-19.37.24:506][  0]LogConfig: Setting CVar [[r.DOF.Scatter.MaxSpriteRatio:0.1         ; only a maximum of 10% of scattered bokeh]]
[2022.11.21-19.37.24:506][  0]LogConfig: Setting CVar [[r.DOF.Recombine.Quality:1                ; cheap slight out of focus]]
[2022.11.21-19.37.24:506][  0]LogConfig: Setting CVar [[r.DOF.Recombine.EnableBokehSettings:0    ; no bokeh simulation on slight out of focus]]
[2022.11.21-19.37.24:506][  0]LogConfig: Setting CVar [[r.DOF.TemporalAAQuality:1                ; more stable temporal accumulation]]
[2022.11.21-19.37.24:506][  0]LogConfig: Setting CVar [[r.DOF.Kernel.MaxForegroundRadius:0.025]]
[2022.11.21-19.37.24:506][  0]LogConfig: Setting CVar [[r.DOF.Kernel.MaxBackgroundRadius:0.025]]
[2022.11.21-19.37.24:506][  0]LogConfig: Applying CVar settings from Section [TextureQuality@3] File [C:/Users/dros0008/Desktop/LevelDesign/SideScroller_V422/Saved/Config/Windows/Scalability.ini]
[2022.11.21-19.37.24:506][  0]LogConfig: Setting CVar [[r.Streaming.MipBias:0]]
[2022.11.21-19.37.24:506][  0]LogConfig: Setting CVar [[r.Streaming.AmortizeCPUToGPUCopy:0]]
[2022.11.21-19.37.24:506][  0]LogConfig: Setting CVar [[r.Streaming.MaxNumTexturesToStreamPerFrame:0]]
[2022.11.21-19.37.24:506][  0]LogConfig: Setting CVar [[r.Streaming.Boost:1]]
[2022.11.21-19.37.24:506][  0]LogConfig: Setting CVar [[r.MaxAnisotropy:8]]
[2022.11.21-19.37.24:506][  0]LogConfig: Setting CVar [[r.VT.MaxAnisotropy:8]]
[2022.11.21-19.37.24:506][  0]LogConfig: Setting CVar [[r.Streaming.LimitPoolSizeToVRAM:0]]
[2022.11.21-19.37.24:506][  0]LogConfig: Setting CVar [[r.Streaming.PoolSize:1000]]
[2022.11.21-19.37.24:506][  0]LogConfig: Setting CVar [[r.Streaming.MaxEffectiveScreenSize:0]]
[2022.11.21-19.37.24:506][  0]LogConfig: Applying CVar settings from Section [EffectsQuality@3] File [C:/Users/dros0008/Desktop/LevelDesign/SideScroller_V422/Saved/Config/Windows/Scalability.ini]
[2022.11.21-19.37.24:506][  0]LogConfig: Setting CVar [[r.TranslucencyLightingVolumeDim:64]]
[2022.11.21-19.37.24:506][  0]LogConfig: Setting CVar [[r.RefractionQuality:2]]
[2022.11.21-19.37.24:506][  0]LogConfig: Setting CVar [[r.SSR.Quality:3]]
[2022.11.21-19.37.24:506][  0]LogConfig: Setting CVar [[r.SSR.HalfResSceneColor:0]]
[2022.11.21-19.37.24:506][  0]LogConfig: Setting CVar [[r.SceneColorFormat:4]]
[2022.11.21-19.37.24:506][  0]LogConfig: Setting CVar [[r.DetailMode:2]]
[2022.11.21-19.37.24:506][  0]LogConfig: Setting CVar [[r.TranslucencyVolumeBlur:1]]
[2022.11.21-19.37.24:506][  0]LogConfig: Setting CVar [[r.MaterialQualityLevel:1 ; High quality]]
[2022.11.21-19.37.24:506][  0]LogConfig: Setting CVar [[r.AnisotropicMaterials:1]]
[2022.11.21-19.37.24:506][  0]LogConfig: Setting CVar [[r.SSS.Scale:1]]
[2022.11.21-19.37.24:506][  0]LogConfig: Setting CVar [[r.SSS.SampleSet:2]]
[2022.11.21-19.37.24:506][  0]LogConfig: Setting CVar [[r.SSS.Quality:1]]
[2022.11.21-19.37.24:506][  0]LogConfig: Setting CVar [[r.SSS.HalfRes:0]]
[2022.11.21-19.37.24:506][  0]LogConfig: Setting CVar [[r.SSGI.Quality:3]]
[2022.11.21-19.37.24:506][  0]LogConfig: Setting CVar [[r.EmitterSpawnRateScale:1.0]]
[2022.11.21-19.37.24:506][  0]LogConfig: Setting CVar [[r.ParticleLightQuality:2]]
[2022.11.21-19.37.24:506][  0]LogConfig: Setting CVar [[r.SkyAtmosphere.AerialPerspectiveLUT.FastApplyOnOpaque:1 ; Always have FastSkyLUT 1 in this case to avoid wrong sky]]
[2022.11.21-19.37.24:506][  0]LogConfig: Setting CVar [[r.SkyAtmosphere.AerialPerspectiveLUT.SampleCountMaxPerSlice:4]]
[2022.11.21-19.37.24:506][  0]LogConfig: Setting CVar [[r.SkyAtmosphere.AerialPerspectiveLUT.DepthResolution:16.0]]
[2022.11.21-19.37.24:506][  0]LogConfig: Setting CVar [[r.SkyAtmosphere.FastSkyLUT:1]]
[2022.11.21-19.37.24:506][  0]LogConfig: Setting CVar [[r.SkyAtmosphere.FastSkyLUT.SampleCountMin:4.0]]
[2022.11.21-19.37.24:506][  0]LogConfig: Setting CVar [[r.SkyAtmosphere.FastSkyLUT.SampleCountMax:128.0]]
[2022.11.21-19.37.24:506][  0]LogConfig: Setting CVar [[r.SkyAtmosphere.SampleCountMin:4.0]]
[2022.11.21-19.37.24:506][  0]LogConfig: Setting CVar [[r.SkyAtmosphere.SampleCountMax:128.0]]
[2022.11.21-19.37.24:506][  0]LogConfig: Setting CVar [[r.SkyAtmosphere.TransmittanceLUT.UseSmallFormat:0]]
[2022.11.21-19.37.24:506][  0]LogConfig: Setting CVar [[r.SkyAtmosphere.TransmittanceLUT.SampleCount:10.0]]
[2022.11.21-19.37.24:506][  0]LogConfig: Setting CVar [[r.SkyAtmosphere.MultiScatteringLUT.SampleCount:15.0]]
[2022.11.21-19.37.24:506][  0]LogConfig: Setting CVar [[r.SkyLight.RealTimeReflectionCapture:1]]
[2022.11.21-19.37.24:506][  0]LogConfig: Applying CVar settings from Section [FoliageQuality@3] File [C:/Users/dros0008/Desktop/LevelDesign/SideScroller_V422/Saved/Config/Windows/Scalability.ini]
[2022.11.21-19.37.24:506][  0]LogConfig: Setting CVar [[foliage.DensityScale:1.0]]
[2022.11.21-19.37.24:506][  0]LogConfig: Setting CVar [[grass.DensityScale:1.0]]
[2022.11.21-19.37.24:506][  0]LogConfig: Applying CVar settings from Section [ShadingQuality@3] File [C:/Users/dros0008/Desktop/LevelDesign/SideScroller_V422/Saved/Config/Windows/Scalability.ini]
[2022.11.21-19.37.24:506][  0]LogConfig: Setting CVar [[r.HairStrands.SkyLighting.IntegrationType:2]]
[2022.11.21-19.37.24:506][  0]LogConfig: Setting CVar [[r.HairStrands.SkyAO.SampleCount:4]]
[2022.11.21-19.37.24:506][  0]LogConfig: Setting CVar [[r.HairStrands.Visibility.MSAA.SamplePerPixel:4]]
[2022.11.21-19.37.24:506][  0]LogInit: Selected Device Profile: [Windows]
[2022.11.21-19.37.24:506][  0]LogInit: Applying CVar settings loaded from the selected device profile: [Windows]
[2022.11.21-19.37.24:506][  0]LogHAL: Display: Platform has ~ 16 GB [17096134656 / 17179869184 / 16], which maps to Larger [LargestMinGB=32, LargerMinGB=12, DefaultMinGB=8, SmallerMinGB=6, SmallestMinGB=0)
[2022.11.21-19.37.24:506][  0]LogInit: Going up to parent DeviceProfile []
[2022.11.21-19.37.24:506][  0]LogConfig: Applying CVar settings from Section [ViewDistanceQuality@3] File [C:/Users/dros0008/Desktop/LevelDesign/SideScroller_V422/Saved/Config/Windows/Scalability.ini]
[2022.11.21-19.37.24:506][  0]LogConfig: Setting CVar [[r.SkeletalMeshLODBias:0]]
[2022.11.21-19.37.24:507][  0]LogConfig: Setting CVar [[r.ViewDistanceScale:1.0]]
[2022.11.21-19.37.24:507][  0]LogConfig: Applying CVar settings from Section [AntiAliasingQuality@3] File [C:/Users/dros0008/Desktop/LevelDesign/SideScroller_V422/Saved/Config/Windows/Scalability.ini]
[2022.11.21-19.37.24:507][  0]LogConfig: Setting CVar [[r.PostProcessAAQuality:4]]
[2022.11.21-19.37.24:507][  0]LogConfig: Applying CVar settings from Section [ShadowQuality@3] File [C:/Users/dros0008/Desktop/LevelDesign/SideScroller_V422/Saved/Config/Windows/Scalability.ini]
[2022.11.21-19.37.24:507][  0]LogConfig: Setting CVar [[r.LightFunctionQuality:1]]
[2022.11.21-19.37.24:507][  0]LogConfig: Setting CVar [[r.ShadowQuality:5]]
[2022.11.21-19.37.24:507][  0]LogConfig: Setting CVar [[r.Shadow.CSM.MaxCascades:10]]
[2022.11.21-19.37.24:507][  0]LogConfig: Setting CVar [[r.Shadow.MaxResolution:2048]]
[2022.11.21-19.37.24:507][  0]LogConfig: Setting CVar [[r.Shadow.MaxCSMResolution:2048]]
[2022.11.21-19.37.24:507][  0]LogConfig: Setting CVar [[r.Shadow.RadiusThreshold:0.01]]
[2022.11.21-19.37.24:507][  0]LogConfig: Setting CVar [[r.Shadow.DistanceScale:1.0]]
[2022.11.21-19.37.24:507][  0]LogConfig: Setting CVar [[r.Shadow.CSM.TransitionScale:1.0]]
[2022.11.21-19.37.24:507][  0]LogConfig: Setting CVar [[r.Shadow.PreShadowResolutionFactor:1.0]]
[2022.11.21-19.37.24:507][  0]LogConfig: Setting CVar [[r.DistanceFieldShadowing:1]]
[2022.11.21-19.37.24:507][  0]LogConfig: Setting CVar [[r.DistanceFieldAO:1]]
[2022.11.21-19.37.24:507][  0]LogConfig: Setting CVar [[r.AOQuality:2]]
[2022.11.21-19.37.24:507][  0]LogConfig: Setting CVar [[r.VolumetricFog:1]]
[2022.11.21-19.37.24:507][  0]LogConfig: Setting CVar [[r.VolumetricFog.GridPixelSize:8]]
[2022.11.21-19.37.24:507][  0]LogConfig: Setting CVar [[r.VolumetricFog.GridSizeZ:128]]
[2022.11.21-19.37.24:507][  0]LogConfig: Setting CVar [[r.VolumetricFog.HistoryMissSupersampleCount:4]]
[2022.11.21-19.37.24:507][  0]LogConfig: Setting CVar [[r.LightMaxDrawDistanceScale:1]]
[2022.11.21-19.37.24:507][  0]LogConfig: Setting CVar [[r.CapsuleShadows:1]]
[2022.11.21-19.37.24:507][  0]LogConfig: Applying CVar settings from Section [PostProcessQuality@3] File [C:/Users/dros0008/Desktop/LevelDesign/SideScroller_V422/Saved/Config/Windows/Scalability.ini]
[2022.11.21-19.37.24:507][  0]LogConfig: Setting CVar [[r.MotionBlurQuality:4]]
[2022.11.21-19.37.24:507][  0]LogConfig: Setting CVar [[r.AmbientOcclusionMipLevelFactor:0.4]]
[2022.11.21-19.37.24:507][  0]LogConfig: Setting CVar [[r.AmbientOcclusionMaxQuality:100]]
[2022.11.21-19.37.24:507][  0]LogConfig: Setting CVar [[r.AmbientOcclusionLevels:-1]]
[2022.11.21-19.37.24:507][  0]LogConfig: Setting CVar [[r.AmbientOcclusionRadiusScale:1.0]]
[2022.11.21-19.37.24:507][  0]LogConfig: Setting CVar [[r.DepthOfFieldQuality:2]]
[2022.11.21-19.37.24:507][  0]LogConfig: Setting CVar [[r.RenderTargetPoolMin:400]]
[2022.11.21-19.37.24:507][  0]LogConfig: Setting CVar [[r.LensFlareQuality:2]]
[2022.11.21-19.37.24:507][  0]LogConfig: Setting CVar [[r.SceneColorFringeQuality:1]]
[2022.11.21-19.37.24:507][  0]LogConfig: Setting CVar [[r.EyeAdaptationQuality:2]]
[2022.11.21-19.37.24:507][  0]LogConfig: Setting CVar [[r.BloomQuality:5]]
[2022.11.21-19.37.24:507][  0]LogConfig: Setting CVar [[r.FastBlurThreshold:100]]
[2022.11.21-19.37.24:507][  0]LogConfig: Setting CVar [[r.Upscale.Quality:3]]
[2022.11.21-19.37.24:507][  0]LogConfig: Setting CVar [[r.Tonemapper.GrainQuantization:1]]
[2022.11.21-19.37.24:507][  0]LogConfig: Setting CVar [[r.LightShaftQuality:1]]
[2022.11.21-19.37.24:507][  0]LogConfig: Setting CVar [[r.Filter.SizeScale:1]]
[2022.11.21-19.37.24:507][  0]LogConfig: Setting CVar [[r.Tonemapper.Quality:5]]
[2022.11.21-19.37.24:507][  0]LogConfig: Setting CVar [[r.DOF.Gather.AccumulatorQuality:1        ; higher gathering accumulator quality]]
[2022.11.21-19.37.24:507][  0]LogConfig: Setting CVar [[r.DOF.Gather.PostfilterMethod:1          ; Median3x3 postfilering method]]
[2022.11.21-19.37.24:507][  0]LogConfig: Setting CVar [[r.DOF.Gather.EnableBokehSettings:0       ; no bokeh simulation when gathering]]
[2022.11.21-19.37.24:507][  0]LogConfig: Setting CVar [[r.DOF.Gather.RingCount:4                 ; medium number of samples when gathering]]
[2022.11.21-19.37.24:507][  0]LogConfig: Setting CVar [[r.DOF.Scatter.ForegroundCompositing:1    ; additive foreground scattering]]
[2022.11.21-19.37.24:507][  0]LogConfig: Setting CVar [[r.DOF.Scatter.BackgroundCompositing:2    ; additive background scattering]]
[2022.11.21-19.37.24:507][  0]LogConfig: Setting CVar [[r.DOF.Scatter.EnableBokehSettings:1      ; bokeh simulation when scattering]]
[2022.11.21-19.37.24:507][  0]LogConfig: Setting CVar [[r.DOF.Scatter.MaxSpriteRatio:0.1         ; only a maximum of 10% of scattered bokeh]]
[2022.11.21-19.37.24:507][  0]LogConfig: Setting CVar [[r.DOF.Recombine.Quality:1                ; cheap slight out of focus]]
[2022.11.21-19.37.24:507][  0]LogConfig: Setting CVar [[r.DOF.Recombine.EnableBokehSettings:0    ; no bokeh simulation on slight out of focus]]
[2022.11.21-19.37.24:507][  0]LogConfig: Setting CVar [[r.DOF.TemporalAAQuality:1                ; more stable temporal accumulation]]
[2022.11.21-19.37.24:507][  0]LogConfig: Setting CVar [[r.DOF.Kernel.MaxForegroundRadius:0.025]]
[2022.11.21-19.37.24:507][  0]LogConfig: Setting CVar [[r.DOF.Kernel.MaxBackgroundRadius:0.025]]
[2022.11.21-19.37.24:507][  0]LogConfig: Applying CVar settings from Section [TextureQuality@3] File [C:/Users/dros0008/Desktop/LevelDesign/SideScroller_V422/Saved/Config/Windows/Scalability.ini]
[2022.11.21-19.37.24:507][  0]LogConfig: Setting CVar [[r.Streaming.MipBias:0]]
[2022.11.21-19.37.24:507][  0]LogConfig: Setting CVar [[r.Streaming.AmortizeCPUToGPUCopy:0]]
[2022.11.21-19.37.24:507][  0]LogConfig: Setting CVar [[r.Streaming.MaxNumTexturesToStreamPerFrame:0]]
[2022.11.21-19.37.24:507][  0]LogConfig: Setting CVar [[r.Streaming.Boost:1]]
[2022.11.21-19.37.24:507][  0]LogConfig: Setting CVar [[r.MaxAnisotropy:8]]
[2022.11.21-19.37.24:507][  0]LogConfig: Setting CVar [[r.VT.MaxAnisotropy:8]]
[2022.11.21-19.37.24:507][  0]LogConfig: Setting CVar [[r.Streaming.LimitPoolSizeToVRAM:0]]
[2022.11.21-19.37.24:507][  0]LogConfig: Setting CVar [[r.Streaming.PoolSize:1000]]
[2022.11.21-19.37.24:507][  0]LogConfig: Setting CVar [[r.Streaming.MaxEffectiveScreenSize:0]]
[2022.11.21-19.37.24:507][  0]LogConfig: Applying CVar settings from Section [EffectsQuality@3] File [C:/Users/dros0008/Desktop/LevelDesign/SideScroller_V422/Saved/Config/Windows/Scalability.ini]
[2022.11.21-19.37.24:507][  0]LogConfig: Setting CVar [[r.TranslucencyLightingVolumeDim:64]]
[2022.11.21-19.37.24:507][  0]LogConfig: Setting CVar [[r.RefractionQuality:2]]
[2022.11.21-19.37.24:507][  0]LogConfig: Setting CVar [[r.SSR.Quality:3]]
[2022.11.21-19.37.24:507][  0]LogConfig: Setting CVar [[r.SSR.HalfResSceneColor:0]]
[2022.11.21-19.37.24:507][  0]LogConfig: Setting CVar [[r.SceneColorFormat:4]]
[2022.11.21-19.37.24:507][  0]LogConfig: Setting CVar [[r.DetailMode:2]]
[2022.11.21-19.37.24:507][  0]LogConfig: Setting CVar [[r.TranslucencyVolumeBlur:1]]
[2022.11.21-19.37.24:507][  0]LogConfig: Setting CVar [[r.MaterialQualityLevel:1 ; High quality]]
[2022.11.21-19.37.24:507][  0]LogConfig: Setting CVar [[r.AnisotropicMaterials:1]]
[2022.11.21-19.37.24:507][  0]LogConfig: Setting CVar [[r.SSS.Scale:1]]
[2022.11.21-19.37.24:507][  0]LogConfig: Setting CVar [[r.SSS.SampleSet:2]]
[2022.11.21-19.37.24:507][  0]LogConfig: Setting CVar [[r.SSS.Quality:1]]
[2022.11.21-19.37.24:507][  0]LogConfig: Setting CVar [[r.SSS.HalfRes:0]]
[2022.11.21-19.37.24:507][  0]LogConfig: Setting CVar [[r.SSGI.Quality:3]]
[2022.11.21-19.37.24:507][  0]LogConfig: Setting CVar [[r.EmitterSpawnRateScale:1.0]]
[2022.11.21-19.37.24:507][  0]LogConfig: Setting CVar [[r.ParticleLightQuality:2]]
[2022.11.21-19.37.24:507][  0]LogConfig: Setting CVar [[r.SkyAtmosphere.AerialPerspectiveLUT.FastApplyOnOpaque:1 ; Always have FastSkyLUT 1 in this case to avoid wrong sky]]
[2022.11.21-19.37.24:507][  0]LogConfig: Setting CVar [[r.SkyAtmosphere.AerialPerspectiveLUT.SampleCountMaxPerSlice:4]]
[2022.11.21-19.37.24:507][  0]LogConfig: Setting CVar [[r.SkyAtmosphere.AerialPerspectiveLUT.DepthResolution:16.0]]
[2022.11.21-19.37.24:507][  0]LogConfig: Setting CVar [[r.SkyAtmosphere.FastSkyLUT:1]]
[2022.11.21-19.37.24:507][  0]LogConfig: Setting CVar [[r.SkyAtmosphere.FastSkyLUT.SampleCountMin:4.0]]
[2022.11.21-19.37.24:507][  0]LogConfig: Setting CVar [[r.SkyAtmosphere.FastSkyLUT.SampleCountMax:128.0]]
[2022.11.21-19.37.24:507][  0]LogConfig: Setting CVar [[r.SkyAtmosphere.SampleCountMin:4.0]]
[2022.11.21-19.37.24:507][  0]LogConfig: Setting CVar [[r.SkyAtmosphere.SampleCountMax:128.0]]
[2022.11.21-19.37.24:507][  0]LogConfig: Setting CVar [[r.SkyAtmosphere.TransmittanceLUT.UseSmallFormat:0]]
[2022.11.21-19.37.24:507][  0]LogConfig: Setting CVar [[r.SkyAtmosphere.TransmittanceLUT.SampleCount:10.0]]
[2022.11.21-19.37.24:507][  0]LogConfig: Setting CVar [[r.SkyAtmosphere.MultiScatteringLUT.SampleCount:15.0]]
[2022.11.21-19.37.24:507][  0]LogConfig: Setting CVar [[r.SkyLight.RealTimeReflectionCapture:1]]
[2022.11.21-19.37.24:507][  0]LogConfig: Applying CVar settings from Section [FoliageQuality@3] File [C:/Users/dros0008/Desktop/LevelDesign/SideScroller_V422/Saved/Config/Windows/Scalability.ini]
[2022.11.21-19.37.24:507][  0]LogConfig: Setting CVar [[foliage.DensityScale:1.0]]
[2022.11.21-19.37.24:507][  0]LogConfig: Setting CVar [[grass.DensityScale:1.0]]
[2022.11.21-19.37.24:507][  0]LogConfig: Applying CVar settings from Section [ShadingQuality@3] File [C:/Users/dros0008/Desktop/LevelDesign/SideScroller_V422/Saved/Config/Windows/Scalability.ini]
[2022.11.21-19.37.24:507][  0]LogConfig: Setting CVar [[r.HairStrands.SkyLighting.IntegrationType:2]]
[2022.11.21-19.37.24:507][  0]LogConfig: Setting CVar [[r.HairStrands.SkyAO.SampleCount:4]]
[2022.11.21-19.37.24:507][  0]LogConfig: Setting CVar [[r.HairStrands.Visibility.MSAA.SamplePerPixel:4]]
[2022.11.21-19.37.24:507][  0]LogConfig: Applying CVar settings from Section [Startup] File [../../../Engine/Config/ConsoleVariables.ini]
[2022.11.21-19.37.24:508][  0]LogConfig: Setting CVar [[net.UseAdaptiveNetUpdateFrequency:0]]
[2022.11.21-19.37.24:508][  0]LogConfig: Setting CVar [[p.chaos.AllowCreatePhysxBodies:1]]
[2022.11.21-19.37.24:508][  0]LogConfig: Setting CVar [[fx.SkipVectorVMBackendOptimizations:1]]
[2022.11.21-19.37.24:508][  0]LogConfig: Applying CVar settings from Section [ConsoleVariables] File [C:/Users/dros0008/Desktop/LevelDesign/SideScroller_V422/Saved/Config/Windows/Engine.ini]
[2022.11.21-19.37.24:508][  0]LogConfig: Applying CVar settings from Section [ConsoleVariables] File [C:/Users/dros0008/Desktop/LevelDesign/SideScroller_V422/Saved/Config/Windows/Editor.ini]
[2022.11.21-19.37.24:508][  0]LogInit: Computer: WT220-03
[2022.11.21-19.37.24:508][  0]LogInit: User: dros0008
[2022.11.21-19.37.24:508][  0]LogInit: CPU Page size=4096, Cores=8
[2022.11.21-19.37.24:508][  0]LogInit: High frequency timer resolution =10.000000 MHz
[2022.11.21-19.37.24:508][  0]LogMemory: Memory total: Physical=15.9GB (16GB approx)
[2022.11.21-19.37.24:508][  0]LogMemory: Platform Memory Stats for Windows
[2022.11.21-19.37.24:508][  0]LogMemory: Process Physical Memory: 142.40 MB used, 142.40 MB peak
[2022.11.21-19.37.24:508][  0]LogMemory: Process Virtual Memory: 127.30 MB used, 127.30 MB peak
[2022.11.21-19.37.24:508][  0]LogMemory: Physical Memory: 6441.19 MB used,  9862.96 MB free, 16304.14 MB total
[2022.11.21-19.37.24:508][  0]LogMemory: Virtual Memory: 134210856.00 MB used,  6872.16 MB free, 134217728.00 MB total
[2022.11.21-19.37.24:512][  0]LogWindows: WindowsPlatformFeatures enabled
[2022.11.21-19.37.24:546][  0]LogInit: Physics initialised using underlying interface: PhysX
[2022.11.21-19.37.24:546][  0]LogInit: Using OS detected language (en-US).
[2022.11.21-19.37.24:547][  0]LogInit: Using OS detected locale (en-US).
[2022.11.21-19.37.24:548][  0]LogTextLocalizationManager: No specific localization for 'en-US' exists, so the 'en' localization will be used.
[2022.11.21-19.37.24:702][  0]LogWindowsTextInputMethodSystem: Display: IME system deactivated.
[2022.11.21-19.37.24:721][  0]LogSlate: New Slate User Created.  User Index 0, Is Virtual User: 0
[2022.11.21-19.37.24:721][  0]LogSlate: Slate User Registered.  User Index 0, Is Virtual User: 0
[2022.11.21-19.37.24:734][  0]LogD3D11RHI: Loaded GFSDK_Aftermath_Lib.x64.dll
[2022.11.21-19.37.24:736][  0]LogHMD: Failed to initialize OpenVR with code 110
[2022.11.21-19.37.24:736][  0]LogD3D11RHI: D3D11 min allowed feature level: 11_0
[2022.11.21-19.37.24:736][  0]LogD3D11RHI: D3D11 max allowed feature level: 11_0
[2022.11.21-19.37.24:736][  0]LogD3D11RHI: D3D11 adapters:
[2022.11.21-19.37.24:799][  0]LogD3D11RHI:    0. 'NVIDIA GeForce RTX 2070' (Feature Level 11_0)
[2022.11.21-19.37.24:799][  0]LogD3D11RHI:       8031/0/8152 MB DedicatedVideo/DedicatedSystem/SharedSystem, Outputs:1, VendorId:0x10de
[2022.11.21-19.37.24:800][  0]LogD3D11RHI:    1. 'Microsoft Basic Render Driver' (Feature Level 11_0)
[2022.11.21-19.37.24:800][  0]LogD3D11RHI:       0/0/8152 MB DedicatedVideo/DedicatedSystem/SharedSystem, Outputs:0, VendorId:0x1414
[2022.11.21-19.37.24:800][  0]LogD3D11RHI: Chosen D3D11 Adapter:
[2022.11.21-19.37.24:800][  0]LogD3D11RHI:     Description : NVIDIA GeForce RTX 2070
[2022.11.21-19.37.24:800][  0]LogD3D11RHI:     VendorId    : 10de
[2022.11.21-19.37.24:800][  0]LogD3D11RHI:     DeviceId    : 1f02
[2022.11.21-19.37.24:800][  0]LogD3D11RHI:     SubSysId    : 86731043
[2022.11.21-19.37.24:800][  0]LogD3D11RHI:     Revision    : 00a1
[2022.11.21-19.37.24:800][  0]LogD3D11RHI:     DedicatedVideoMemory : 8421113856 bytes
[2022.11.21-19.37.24:800][  0]LogD3D11RHI:     DedicatedSystemMemory : 0 bytes
[2022.11.21-19.37.24:800][  0]LogD3D11RHI:     SharedSystemMemory : 8548067328 bytes
[2022.11.21-19.37.24:800][  0]LogD3D11RHI:     AdapterLuid : 0 51637
[2022.11.21-19.37.24:804][  0]LogD3D11RHI: Creating new Direct3DDevice
[2022.11.21-19.37.24:804][  0]LogD3D11RHI:     GPU DeviceId: 0x1f02 (for the marketing name, search the web for "GPU Device Id")
[2022.11.21-19.37.24:804][  0]LogWindows: EnumDisplayDevices:
[2022.11.21-19.37.24:804][  0]LogWindows:    0. 'NVIDIA GeForce RTX 2070' (P:1 D:1)
[2022.11.21-19.37.24:804][  0]LogWindows:    1. 'NVIDIA GeForce RTX 2070' (P:0 D:0)
[2022.11.21-19.37.24:804][  0]LogWindows:    2. 'NVIDIA GeForce RTX 2070' (P:0 D:0)
[2022.11.21-19.37.24:804][  0]LogWindows:    3. 'NVIDIA GeForce RTX 2070' (P:0 D:0)
[2022.11.21-19.37.24:804][  0]LogWindows: DebugString: FoundDriverCount:4 
[2022.11.21-19.37.24:805][  0]LogD3D11RHI:     Adapter Name: NVIDIA GeForce RTX 2070
[2022.11.21-19.37.24:805][  0]LogD3D11RHI:   Driver Version: 516.94 (internal:31.0.15.1694, unified:516.94)
[2022.11.21-19.37.24:805][  0]LogD3D11RHI:      Driver Date: 7-21-2022
[2022.11.21-19.37.24:805][  0]LogRHI: Texture pool is 5621 MB (70% of 8031 MB)
[2022.11.21-19.37.24:805][  0]LogD3D11RHI: Creating D3DDevice using adapter:
[2022.11.21-19.37.24:805][  0]LogD3D11RHI:     Description : NVIDIA GeForce RTX 2070
[2022.11.21-19.37.24:805][  0]LogD3D11RHI:     VendorId    : 10de
[2022.11.21-19.37.24:805][  0]LogD3D11RHI:     DeviceId    : 1f02
[2022.11.21-19.37.24:805][  0]LogD3D11RHI:     SubSysId    : 86731043
[2022.11.21-19.37.24:805][  0]LogD3D11RHI:     Revision    : 00a1
[2022.11.21-19.37.24:805][  0]LogD3D11RHI:     DedicatedVideoMemory : 8421113856 bytes
[2022.11.21-19.37.24:805][  0]LogD3D11RHI:     DedicatedSystemMemory : 0 bytes
[2022.11.21-19.37.24:805][  0]LogD3D11RHI:     SharedSystemMemory : 8548067328 bytes
[2022.11.21-19.37.24:805][  0]LogD3D11RHI:     AdapterLuid : 0 51637
[2022.11.21-19.37.24:838][  0]LogD3D11RHI: RHI has support for 64 bit atomics
[2022.11.21-19.37.24:838][  0]LogD3D11RHI: Async texture creation enabled
[2022.11.21-19.37.24:838][  0]LogD3D11RHI: Array index from any shader is supported
[2022.11.21-19.37.24:856][  0]LogD3D11RHI: GPU Timing Frequency: 1000.000000 (Debug: 2 2)
[2022.11.21-19.37.24:887][  0]LogRHI: GeForceNow SDK initialized: 1
[2022.11.21-19.37.25:109][  0]LogTargetPlatformManager: Display: Loaded TargetPlatform 'WindowsNoEditor'
[2022.11.21-19.37.25:113][  0]LogTargetPlatformManager: Display: Loaded TargetPlatform 'Windows'
[2022.11.21-19.37.25:117][  0]LogTargetPlatformManager: Display: Loaded TargetPlatform 'WindowsClient'
[2022.11.21-19.37.25:120][  0]LogTargetPlatformManager: Display: Loaded TargetPlatform 'WindowsServer'
[2022.11.21-19.37.25:120][  0]LogTargetPlatformManager: Display: Building Assets For Windows
[2022.11.21-19.37.25:126][  0]LogAudioDebug: Display: Lib vorbis DLL was dynamically loaded.
[2022.11.21-19.37.25:148][  0]LogTextureFormatOodle: Display: Oodle Texture 2.9.0 init RDO Off
[2022.11.21-19.37.25:173][  0]LogRendererCore: Ray tracing is disabled. Reason: r.RayTracing=0.
[2022.11.21-19.37.25:173][  0]LogShaderCompilers: Guid format shader working directory is -21 characters bigger than the processId version (../../../../../../Users/dros0008/Desktop/LevelDesign/SideScroller_V422/Intermediate/Shaders/WorkingDirectory/9432/).
[2022.11.21-19.37.25:173][  0]LogShaderCompilers: Cleaned the shader compiler working directory 'C:/Users/dros0008/AppData/Local/Temp/UnrealShaderWorkingDir/E8AC1B0A4E03FA87C30B1BA77FB0A2E5/'.
[2022.11.21-19.37.25:173][  0]LogXGEController: Cannot use XGE Controller as Incredibuild is not installed on this machine.
[2022.11.21-19.37.25:173][  0]LogShaderCompilers: Cannot use XGE Shader Compiler as Incredibuild is not installed on this machine.
[2022.11.21-19.37.25:173][  0]LogShaderCompilers: Display: Using Local Shader Compiler.
[2022.11.21-19.37.25:774][  0]LogDerivedDataCache: Display: Max Cache Size: 512 MB
[2022.11.21-19.37.25:817][  0]LogDerivedDataCache: Loaded boot cache 0.04s 96MB C:/Users/dros0008/AppData/Local/UnrealEngine/4.27/DerivedDataCache/Boot.ddc.
[2022.11.21-19.37.25:817][  0]LogDerivedDataCache: Display: Loaded Boot cache: C:/Users/dros0008/AppData/Local/UnrealEngine/4.27/DerivedDataCache/Boot.ddc
[2022.11.21-19.37.25:817][  0]LogDerivedDataCache: FDerivedDataBackendGraph:  Pak pak cache file ../../../../../../Users/dros0008/Desktop/LevelDesign/SideScroller_V422/DerivedDataCache/DDC.ddp not found, will not use a pak cache.
[2022.11.21-19.37.25:817][  0]LogDerivedDataCache: Unable to find inner node Pak for hierarchical cache Hierarchy.
[2022.11.21-19.37.25:817][  0]LogDerivedDataCache: FDerivedDataBackendGraph:  CompressedPak pak cache file ../../../../../../Users/dros0008/Desktop/LevelDesign/SideScroller_V422/DerivedDataCache/Compressed.ddp not found, will not use a pak cache.
[2022.11.21-19.37.25:817][  0]LogDerivedDataCache: Unable to find inner node CompressedPak for hierarchical cache Hierarchy.
[2022.11.21-19.37.25:830][  0]LogDerivedDataCache: Display: Pak cache opened for reading ../../../Engine/DerivedDataCache/Compressed.ddp.
[2022.11.21-19.37.25:830][  0]LogDerivedDataCache: FDerivedDataBackendGraph:  EnterprisePak pak cache file ../../../Enterprise/DerivedDataCache/Compressed.ddp not found, will not use a pak cache.
[2022.11.21-19.37.25:830][  0]LogDerivedDataCache: Unable to find inner node EnterprisePak for hierarchical cache Hierarchy.
[2022.11.21-19.37.25:838][  0]LogDerivedDataCache: Speed tests for C:/Users/dros0008/AppData/Local/UnrealEngine/Common/DerivedDataCache took 0.01 seconds
[2022.11.21-19.37.25:838][  0]LogDerivedDataCache: Display: Performance to C:/Users/dros0008/AppData/Local/UnrealEngine/Common/DerivedDataCache: Latency=0.01ms. RandomReadSpeed=1733.20MBs, RandomWriteSpeed=125.85MBs. Assigned SpeedClass 'Local'
[2022.11.21-19.37.25:838][  0]LogDerivedDataCache: Using Local data cache path C:/Users/dros0008/AppData/Local/UnrealEngine/Common/DerivedDataCache: Writable
[2022.11.21-19.37.25:839][  0]LogDerivedDataCache: Shared data cache path not found in *engine.ini, will not use an Shared cache.
[2022.11.21-19.37.25:839][  0]LogDerivedDataCache: Unable to find inner node Shared for hierarchical cache Hierarchy.
[2022.11.21-19.37.25:866][  0]LogSlate: Using FreeType 2.10.0
[2022.11.21-19.37.25:866][  0]LogSlate: SlateFontServices - WITH_FREETYPE: 1, WITH_HARFBUZZ: 1
[2022.11.21-19.37.25:930][  0]LogInit: Using OS detected language (en-US).
[2022.11.21-19.37.25:930][  0]LogInit: Using OS detected locale (en-US).
[2022.11.21-19.37.25:930][  0]LogTextLocalizationManager: No localization for 'en-US' exists, so 'en' will be used for the language.
[2022.11.21-19.37.25:930][  0]LogTextLocalizationManager: No localization for 'en-US' exists, so 'en' will be used for the locale.
[2022.11.21-19.37.25:930][  0]LogSlate: FontCache flush requested. Reason: Culture for localization was changed
[2022.11.21-19.37.25:930][  0]LogSlate: FontCache flush requested. Reason: Culture for localization was changed
[2022.11.21-19.37.25:932][  0]LogTextLocalizationManager: Compacting localization data took   0.00ms
[2022.11.21-19.37.25:932][  0]LogAssetRegistry: FAssetRegistry took 0.0012 seconds to start up
[2022.11.21-19.37.26:051][  0]LogPackageLocalizationCache: Processed 27 localized package path(s) for 1 prioritized culture(s) in 0.000691 seconds
[2022.11.21-19.37.26:099][  0]LogInit: Selected Device Profile: [Windows]
[2022.11.21-19.37.26:099][  0]LogInit: Active device profile: [000002209F7E9400][0000022099681A80 49] Windows
[2022.11.21-19.37.26:099][  0]LogInit: Profiles: [000002209F7E9400][0000022099681A80 49] Windows, [000002209F77A400][0000022099689C00 49] WindowsNoEditor, [000002209F7E9300][000002209968C200 49] WindowsServer, [000002209F757F00][00000220A1F12380 49] WindowsClient, [000002209F77B600][00000220A1F16500 49] IOS, [000002209F757000][00000220A1F1A680 49] iPadAir, [000002209F77A800][00000220A1F1E800 49] iPadAir2, [000002209F720700][00000220A1F26AC0 49] IPadPro, [000002209F720800][00000220A1F22B00 49] iPadAir3, [000002209F755F00][00000220A1F2AC80 49] iPadAir4, [000002209F721700][00000220A1F2EE00 49] iPadMini2, [000002209F754C00][00000220A1F32F80 49] iPadMini3, [000002209F722400][00000220A1F37100 49] iPadMini4, [000002209F756A00][00000220A1F3B280 49] iPadMini5, [000002209F7EA400][00000220A1F43540 49] iPhone6, [000002209F7E9000][00000220A1F3F580 49] iPodTouch6, [000002209F779800][00000220A1F4B840 49] iPhone7, [000002209F77BF00][00000220A1F47880 49] iPodTouch7, [000002209F723100][00000220996859C0 49] iPhone5S, [000002209F779B00][00000220A1F4FB00 49] iPhone6Plus, [000002209F720300][00000220A1F520C0 49] iPhone6S, [000002209F779C00][00000220A1F5A240 49] iPhone6SPlus, [000002209F721F00][00000220A1F5E3C0 49] iPhone7Plus, [000002209F7EA600][00000220A1F62540 49] iPhoneSE, [000002209F723300][00000220A1F666C0 49] iPhone8, [000002209F7EAD00][00000220A1F6A840 49] iPhone8Plus, [000002209F721600][00000220A1F6E9C0 49] iPhoneX, [000002209F7EA300][00000220A1F72B40 49] iPhoneXS, [000002209F722100][00000220A1F76CC0 49] iPhoneXSMax, [000002209F7E8A00][00000220A1F7AE40 49] iPhoneXR, [000002209F721E00][00000220A1F7EFC0 49] iPhone11, [000002209F7E8100][00000220A1F83140 49] iPhone11Pro, [000002209F720A00][00000220A1F872C0 49] iPhone11ProMax, [000002209F7E9F00][00000220A1F8B440 49] iPhoneSE2, [000002209F722F00][00000220A1F8F5C0 49] iPhone12Mini, [000002209F7E8C00][00000220A1F93740 49] iPhone12, [000002209F722500][00000220A1F978C0 49] iPhone12Pro, [000002209F7E8E00][00000220A1F9BA40 49] iPhone12ProMax, [000002209F720B00][00000220A1F57B80 49] iPadPro105, [000002209F7E9700][00000220A1F9E140 49] iPadPro129, [000002209F720600][00000220A1FA2280 49] iPadPro97, [000002209F7E9900][00000220A1FA63C0 49] iPadPro2_129, [000002209F721500][00000220A1FAE540 49] iPad5, [000002209F7E8F00][00000220A1FB26C0 49] iPad6, [000002209F722900][00000220A1FB6840 49] iPad7, [000002209F7E9200][00000220A1FBA9C0 49] iPad8, [000002209F723200][00000220A1FBEB40 49] iPadPro11, [000002209F7E9A00][00000220A1FC2CC0 49] iPadPro2_11, [000002209F720100][00000220A1FC6E40 49] iPadPro3_129, [000002209F7EA700][00000220A1FCAFC0 49] iPadPro4_129, [000002209F721A00][00000220A1FCF140 49] AppleTV, [000002209F7EAA00][00000220A1FD32C0 49] AppleTV4K, [000002209F721C00][00000220A1FD7440 49] TVOS, [000002209F7EA500][00000220A1FDB5C0 49] Mac, [000002209F721400][00000220A1FDF740 49] MacClient, [000002209F7EAF00][00000220A1FE38C0 49] MacNoEditor, [000002209F720400][00000220A1FE7A40 49] MacServer, [000002209F7E8500][00000220A1FEBBC0 49] Linux, [000002209F723B00][00000220A1FAA180 49] LinuxAArch64, [000002209F7E8400][00000220A1FEE2C0 49] LinuxNoEditor, [000002209F722800][00000220A1FF2400 49] LinuxAArch64NoEditor, [000002209F7E8200][00000220A1FF6540 49] LinuxClient, [000002209F720E00][00000220A1FFE6C0 49] LinuxAArch64Client, [000002209F7EA800][00000220A2002840 49] LinuxServer, [000002209F755200][00000220A20069C0 49] LinuxAArch64Server, [000002209F77AD00][00000220A200AB40 49] Android, [000002209F756800][00000220A200ECC0 49] Android_Low, [000002209F77B900][00000220A2012E40 49] Android_Mid, [000002209F757500][00000220A2016FC0 49] Android_High, [000002209F779600][00000220A201B140 49] Android_Default, [000002209F757100][00000220A201F2C0 49] Android_Adreno4xx, [000002209F77B300][00000220A2023440 49] Android_Adreno5xx_Low, [000002209F754500][00000220A20275C0 49] Android_Adreno5xx, [000002209F778100][00000220A202B740 49] Android_Adreno6xx, [000002209F757D00][00000220A202F8C0 49] Android_Adreno6xx_Vulkan, [000002209F778800][00000220A2033A40 49] Android_Mali_T6xx, [000002209F755100][00000220A2037BC0 49] Android_Mali_T7xx, [000002209F77AE00][00000220A203A1C0 49] Android_Mali_T8xx, [000002209F754100][00000220A203E340 49] Android_Mali_G71, [000002209F77B800][00000220A1FFA480 49] Android_Mali_G72, [000002209F757800][00000220A20425C0 49] Android_Mali_G72_Vulkan, [000002209F77BA00][00000220A2046700 49] Android_Mali_G76, [000002209F754A00][00000220A204E880 49] Android_Mali_G76_Vulkan, [000002209F77A200][00000220A2052A00 49] Android_Mali_G77, [000002209F755500][00000220A2056B80 49] Android_Mali_G77_Vulkan, [000002209F778600][00000220A205AD00 49] Android_Mali_G78, [000002209F755A00][00000220A205EE80 49] Android_Mali_G78_Vulkan, [000002209F778700][00000220A2063000 49] Android_Mali_G710, [000002209F754400][00000220A2067180 49] Android_Mali_G710_Vulkan, [000002209F779400][00000220A206B300 49] Android_Vulkan_SM5, [000002209F757200][00000220A206F480 49] Android_PowerVR_G6xxx, [000002209F77A500][00000220A2073600 49] Android_PowerVR_GT7xxx, [000002209F757C00][00000220A2077780 49] Android_PowerVR_GE8xxx, [000002209F778200][00000220A207B900 49] Android_PowerVR_GM9xxx, [000002209F757700][00000220A207FA80 49] Android_PowerVR_GM9xxx_Vulkan, [000002209F778F00][00000220A2083C00 49] Android_TegraK1, [000002209F756C00][00000220A2086200 49] Android_Unknown_Vulkan, [000002209F77B200][00000220A208A380 49] Lumin, [000002209F7EA100][00000220A208E500 49] Lumin_Desktop, [000002209F77A300][00000220A204A640 49] HoloLens, 
[2022.11.21-19.37.26:128][  0]LogMeshReduction: Using QuadricMeshReduction for automatic static mesh reduction
[2022.11.21-19.37.26:128][  0]LogMeshReduction: Using SimplygonMeshReduction for automatic skeletal mesh reduction
[2022.11.21-19.37.26:129][  0]LogMeshReduction: Using ProxyLODMeshReduction for automatic mesh merging
[2022.11.21-19.37.26:129][  0]LogMeshReduction: No distributed automatic mesh merging module available
[2022.11.21-19.37.26:129][  0]LogMeshMerging: No distributed automatic mesh merging module available
[2022.11.21-19.37.26:209][  0]LogNetVersion: SideScroller_V422_Fall2019 1.0.0, NetCL: 17155196, EngineNetVer: 17, GameNetVer: 0 (Checksum: 1441273239)
[2022.11.21-19.37.26:370][  0]LogTexture: Default maximum texture size for cubemaps generated from long-lat sources has been changed from 512 to unlimited. In order to preserve old behaiour for '/Engine/MapTemplates/Sky/DaylightAmbientCubemap.DaylightAmbientCubemap', its maximum texture size has been explicitly set to 512.
[2022.11.21-19.37.26:406][  0]LogHMD: PokeAHoleMaterial loaded successfully
[2022.11.21-19.37.26:479][  0]LogMoviePlayer: Initializing movie player
[2022.11.21-19.37.26:567][  0]LogNiagaraDebuggerClient: Niagara Debugger Client Initialized | Session: 37D1D03A4C970A3EF904EF9698BD9E5D | Instance: 475FFD7744EC6115C1395CA05E7916F5 (WT220-03-9432).
[2022.11.21-19.37.26:582][  0]LogCollectionManager: Loaded 0 collections in 0.001282 seconds
[2022.11.21-19.37.26:583][  0]LogFileCache: Scanning file cache for directory 'C:/Users/dros0008/Desktop/LevelDesign/SideScroller_V422/Saved/Collections/' took 0.00s
[2022.11.21-19.37.26:583][  0]LogCollectionManager: Fixed up redirectors for 0 collections in 0.000001 seconds (updated 0 objects)
[2022.11.21-19.37.26:605][  0]LogFileCache: Scanning file cache for directory 'C:/Users/dros0008/Desktop/LevelDesign/SideScroller_V422/Content/Developers/dros0008/Collections/' took 0.00s
[2022.11.21-19.37.26:605][  0]LogFileCache: Scanning file cache for directory 'C:/Users/dros0008/Desktop/LevelDesign/SideScroller_V422/Content/Collections/' took 0.00s
[2022.11.21-19.37.26:605][  0]LogPython: Using Python 3.7.7
[2022.11.21-19.37.27:041][  0]LogTcpMessaging: Initializing TcpMessaging bridge
[2022.11.21-19.37.27:047][  0]LogUdpMessaging: Initializing bridge on interface 0.0.0.0:0 to multicast group 230.0.0.1:6666.
[2022.11.21-19.37.27:124][  0]SourceControl: Source control is disabled
[2022.11.21-19.37.27:124][  0]SourceControl: Source control is disabled
[2022.11.21-19.37.27:127][  0]SourceControl: Source control is disabled
[2022.11.21-19.37.27:131][  0]LogUProjectInfo: Found projects:
[2022.11.21-19.37.27:190][  0]LogOpenImageDenoise: OIDN starting up
[2022.11.21-19.37.27:214][  0]LogAndroidPermission: UAndroidPermissionCallbackProxy::GetInstance
[2022.11.21-19.37.27:230][  0]LogAudioCaptureCore: Display: No Audio Capture implementations found. Audio input will be silent.
[2022.11.21-19.37.27:230][  0]LogAudioCaptureCore: Display: No Audio Capture implementations found. Audio input will be silent.
[2022.11.21-19.37.27:279][  0]LogOcInput: OculusInput pre-init called
[2022.11.21-19.37.27:286][  0]LogUObjectArray: 22163 objects as part of root set at end of initial load.
[2022.11.21-19.37.27:286][  0]LogUObjectAllocator: 5993712 out of 0 bytes used by permanent object pool.
[2022.11.21-19.37.27:286][  0]LogUObjectArray: CloseDisregardForGC: 0/0 objects in disregard for GC pool
[2022.11.21-19.37.27:322][  0]LogEngine: Initializing Engine...
[2022.11.21-19.37.27:324][  0]LogHMD: Failed to enumerate extensions. Please check that you have a valid OpenXR runtime installed.
[2022.11.21-19.37.27:324][  0]LogHMD: Failed to initialize OpenVR with code 110
[2022.11.21-19.37.27:324][  0]LogMagicLeap: Warning: VR disabled because ZI is not enabled.  To enable, in the editor, Edit -> Project Settings -> Plugins -> Magic Leap Plugin -> Enable Zero Iteration
[2022.11.21-19.37.27:325][  0]LogStats: UGameplayTagsManager::InitializeManager -  0.000 s
[2022.11.21-19.37.27:394][  0]LogInit: Initializing FReadOnlyCVARCache
[2022.11.21-19.37.27:394][  0]LogAudio: Display: Initializing Audio Device Manager...
[2022.11.21-19.37.27:397][  0]LogAudio: Display: Loading Default Audio Settings Objects...
[2022.11.21-19.37.27:397][  0]LogAudio: Display: No default SoundConcurrencyObject specified (or failed to load).
[2022.11.21-19.37.27:397][  0]LogAudio: Display: Audio Device Manager Initialized
[2022.11.21-19.37.27:397][  0]LogAudio: Display: Creating Audio Device:                 Id: 1, Scope: Shared, Realtime: True
[2022.11.21-19.37.27:397][  0]LogAudioMixer: Display: Audio Mixer Platform Settings:
[2022.11.21-19.37.27:397][  0]LogAudioMixer: Display: 	Sample Rate:						  48000
[2022.11.21-19.37.27:397][  0]LogAudioMixer: Display: 	Callback Buffer Frame Size Requested: 1024
[2022.11.21-19.37.27:397][  0]LogAudioMixer: Display: 	Callback Buffer Frame Size To Use:	  1024
[2022.11.21-19.37.27:397][  0]LogAudioMixer: Display: 	Number of buffers to queue:			  2
[2022.11.21-19.37.27:397][  0]LogAudioMixer: Display: 	Max Channels (voices):				  32
[2022.11.21-19.37.27:397][  0]LogAudioMixer: Display: 	Number of Async Source Workers:		  0
[2022.11.21-19.37.27:397][  0]LogAudio: Display: AudioDevice MaxSources: 32
[2022.11.21-19.37.27:398][  0]LogAudio: Display: Audio Spatialization Plugin: None (built-in).
[2022.11.21-19.37.27:398][  0]LogAudio: Display: Audio Reverb Plugin: None (built-in).
[2022.11.21-19.37.27:398][  0]LogAudio: Display: Audio Occlusion Plugin: None (built-in).
[2022.11.21-19.37.27:398][  0]LogAudioMixer: Display: Initializing audio mixer.
[2022.11.21-19.37.27:404][  0]LogAudioMixer: Display: 0: FrontLeft
[2022.11.21-19.37.27:404][  0]LogAudioMixer: Display: 1: FrontRight
[2022.11.21-19.37.27:416][  0]LogAudioMixer: Display: Using Audio Device DELL U2718Q (NVIDIA High Definition Audio)
[2022.11.21-19.37.27:419][  0]LogAudioMixer: Display: Initializing Sound Submixes...
[2022.11.21-19.37.27:420][  0]LogAudioMixer: Display: Creating Master Submix 'MasterSubmixDefault'
[2022.11.21-19.37.27:420][  0]LogAudioMixer: Display: Creating Master Submix 'MasterReverbSubmixDefault'
[2022.11.21-19.37.27:421][  0]LogAudioMixer: Display: Creating Master Submix 'MasterEQSubmixDefault'
[2022.11.21-19.37.27:421][  0]LogAudioMixer: FMixerPlatformXAudio2::StartAudioStream() called
[2022.11.21-19.37.27:421][  0]LogAudioMixer: Display: Output buffers initialized: Frames=1024, Channels=2, Samples=2048
[2022.11.21-19.37.27:422][  0]LogAudioMixer: Display: Starting AudioMixerPlatformInterface::RunInternal()
[2022.11.21-19.37.27:422][  0]LogAudioMixer: Display: FMixerPlatformXAudio2::SubmitBuffer() called for the first time
[2022.11.21-19.37.27:422][  0]LogInit: FAudioDevice initialized.
[2022.11.21-19.37.27:423][  0]LogNetVersion: Set ProjectVersion to 1.0.0.0. Version Checksum will be recalculated on next use.
[2022.11.21-19.37.27:424][  0]LogInit: Texture streaming: Enabled
[2022.11.21-19.37.27:468][  0]LogAudio: Display: Audio Device (ID: 1) registered with world 'Untitled'.
[2022.11.21-19.37.27:468][  0]LogSlate: Updating window title bar state: overlay mode, drag disabled, window buttons hidden, title bar hidden
[2022.11.21-19.37.27:468][  0]LogInit: Display: Game Engine Initialized.
[2022.11.21-19.37.27:468][  0]LogNiagaraEditor: GEditor isn't valid! Particle reset commands will not work for Niagara components!
[2022.11.21-19.37.27:553][  0]LogInit: Display: Starting Game.
[2022.11.21-19.37.27:553][  0]LogNet: Browse: /Game/SideScrollerBP/Maps/SideScrollerExampleMap?Name=Player
[2022.11.21-19.37.27:553][  0]LogLoad: LoadMap: /Game/SideScrollerBP/Maps/SideScrollerExampleMap?Name=Player
[2022.11.21-19.37.27:553][  0]LogWorld: BeginTearingDown for /Temp/Untitled_0
[2022.11.21-19.37.27:553][  0]LogWorld: UWorld::CleanupWorld for Untitled, bSessionEnded=true, bCleanupResources=true
[2022.11.21-19.37.27:553][  0]LogSlate: InvalidateAllWidgets triggered.  All widgets were invalidated
[2022.11.21-19.37.27:557][  0]LogAudio: Display: Audio Device unregistered from world 'None'.
[2022.11.21-19.37.27:559][  0]LogUObjectHash: Compacting FUObjectHashTables data took   0.59ms
[2022.11.21-19.37.27:679][  0]LogBlueprint: Warning: [AssetLog] C:\Users\dros0008\Desktop\LevelDesign\SideScroller_V422\Content\Custom_Blueprints\Puzzle_Elements\Sphere_Door.uasset: [Compiler] OnComponentBeginOverlap (Box)  does not have a valid matching component!
[2022.11.21-19.37.27:916][  0]LogAudio: Display: Audio Device (ID: 1) registered with world 'SideScrollerExampleMap'.
[2022.11.21-19.37.27:923][  0]LogAIModule: Creating AISystem for world SideScrollerExampleMap
[2022.11.21-19.37.27:925][  0]LogLoad: Game class is 'SideScrollerGameMode_C'
[2022.11.21-19.37.27:931][  0]LogWorld: Bringing World /Game/SideScrollerBP/Maps/SideScrollerExampleMap.SideScrollerExampleMap up for play (max tick rate 0) at 2022.11.21-14.37.27
[2022.11.21-19.37.27:933][  0]LogWorld: Bringing up level for play took: 0.007042
[2022.11.21-19.37.27:935][  0]LogLoad: Took 0.382255 seconds to LoadMap(/Game/SideScrollerBP/Maps/SideScrollerExampleMap)
[2022.11.21-19.37.27:975][  0]LogSlate: Took 0.000124 seconds to synchronously load lazily loaded font '../../../Engine/Content/Slate/Fonts/Roboto-Regular.ttf' (155K)
[2022.11.21-19.37.28:001][  0]LogRenderer: Reallocating scene render targets to support 1280x720 Format 10 NumSamples 1 (Frame:1).
[2022.11.21-19.37.28:001][  0]LogInit: Display: Engine is initialized. Leaving FEngineLoop::Init()
[2022.11.21-19.37.28:001][  0]LogLoad: (Engine Initialization) Total time: 4.43 seconds
[2022.11.21-19.37.28:001][  0]LogLoad: (Engine Initialization) Total Blueprint compile time: 0.00 seconds
[2022.11.21-19.37.28:003][  0]LogContentStreaming: Texture pool size now 1000 MB
[2022.11.21-19.37.28:006][  0]LogSlate: InvalidateAllWidgets triggered.  All widgets were invalidated
[2022.11.21-19.37.28:071][  0]LogRenderer: Reallocating scene render targets to support 128x128 Format 10 NumSamples 1 (Frame:1).
[2022.11.21-19.37.28:094][  0]LogRenderer: Reallocating scene render targets to support 1280x720 Format 10 NumSamples 1 (Frame:2).
[2022.11.21-19.37.28:104][  1]LogSlate: Took 0.000127 seconds to synchronously load lazily loaded font '../../../Engine/Content/Slate/Fonts/Roboto-Regular.ttf' (155K)
[2022.11.21-19.37.56:930][713]LogWindowsDesktop: Alt-F4 pressed!
[2022.11.21-19.37.56:935][713]LogSlate: Window 'SideScroller_V422_Fall2019 (64-bit Development PCD3D_SM5) ' being destroyed
[2022.11.21-19.37.56:935][713]LogWindowsTextInputMethodSystem: Display: IME system deactivated.
[2022.11.21-19.37.56:938][713]LogWindowsTextInputMethodSystem: Display: IME system deactivated.
[2022.11.21-19.37.56:939][713]LogSlate: Updating window title bar state: overlay mode, drag disabled, window buttons hidden, title bar hidden
[2022.11.21-19.37.56:939][713]LogEngine: All Windows Closed
[2022.11.21-19.37.56:939][713]LogWindows: FPlatformMisc::RequestExit(0)
[2022.11.21-19.37.56:939][713]LogWindows: FPlatformMisc::RequestExitWithStatus(0, 0)
[2022.11.21-19.37.56:939][713]LogCore: Engine exit requested (reason: Win RequestExit)
[2022.11.21-19.37.56:939][714]LogCore: Engine exit requested (reason: EngineExit() was called; note: exit was already requested)
[2022.11.21-19.37.56:939][714]LogInit: Display: PreExit Game.
[2022.11.21-19.37.56:966][714]LogWorld: BeginTearingDown for /Game/SideScrollerBP/Maps/SideScrollerExampleMap
[2022.11.21-19.37.56:966][714]LogWorld: UWorld::CleanupWorld for SideScrollerExampleMap, bSessionEnded=true, bCleanupResources=true
[2022.11.21-19.37.56:967][714]LogSlate: InvalidateAllWidgets triggered.  All widgets were invalidated
[2022.11.21-19.37.57:342][714]LogAudio: Display: Beginning Audio Device Manager Shutdown (Module: AudioMixerXAudio2)...
[2022.11.21-19.37.57:342][714]LogAudio: Display: Destroying 1 Remaining Audio Device(s)...
[2022.11.21-19.37.57:342][714]LogAudio: Display: Audio Device unregistered from world 'SideScrollerExampleMap'.
[2022.11.21-19.37.57:382][714]LogAudioMixer: FMixerPlatformXAudio2::StopAudioStream() called
[2022.11.21-19.37.57:383][714]LogAudioMixer: FMixerPlatformXAudio2::StopAudioStream() called
[2022.11.21-19.37.57:384][714]LogAudio: Display: Audio Device Manager Shutdown
[2022.11.21-19.37.57:388][714]LogExit: Preparing to exit.
[2022.11.21-19.37.58:068][714]LogSlate: Updating window title bar state: overlay mode, drag disabled, window buttons hidden, title bar hidden
[2022.11.21-19.37.58:073][714]LogUObjectHash: Compacting FUObjectHashTables data took   0.82ms
[2022.11.21-19.37.58:092][714]LogMoviePlayer: Shutting down movie player
[2022.11.21-19.37.58:275][714]LogDemo: Cleaned up 0 splitscreen connections with owner deletion
[2022.11.21-19.37.58:279][714]LogExit: Game engine shut down
[2022.11.21-19.37.58:308][714]LogExit: Object subsystem successfully closed.
[2022.11.21-19.37.58:315][714]LogShaderCompilers: Display: === FShaderJobCache stats ===
[2022.11.21-19.37.58:315][714]LogShaderCompilers: Display: Total job queries 0, among them cache hits 0 (0.00%)
[2022.11.21-19.37.58:315][714]LogShaderCompilers: Display: Tracking 0 distinct input hashes that result in 0 distinct outputs (0.00%)
[2022.11.21-19.37.58:315][714]LogShaderCompilers: Display: RAM used: 0.00 MB (0.00 GB) of 819.20 MB (0.80 GB) budget. Usage: 0.00%
[2022.11.21-19.37.58:315][714]LogShaderCompilers: Display: ================================================
[2022.11.21-19.37.58:323][714]LogShaderCompilers: Display: Shaders left to compile 0
[2022.11.21-19.37.58:329][714]LogModuleManager: Shutting down and abandoning module SequenceRecorderSections (564)
[2022.11.21-19.37.58:329][714]LogModuleManager: Shutting down and abandoning module SequenceRecorder (562)
[2022.11.21-19.37.58:329][714]LogModuleManager: Shutting down and abandoning module AutomationController (560)
[2022.11.21-19.37.58:329][714]LogModuleManager: Shutting down and abandoning module AutomationWorker (558)
[2022.11.21-19.37.58:329][714]LogModuleManager: Shutting down and abandoning module Voice (556)
[2022.11.21-19.37.58:329][714]LogModuleManager: Shutting down and abandoning module AIModule (554)
[2022.11.21-19.37.58:329][714]LogModuleManager: Shutting down and abandoning module GameplayDebugger (553)
[2022.11.21-19.37.58:329][714]LogModuleManager: Shutting down and abandoning module AITestSuite (551)
[2022.11.21-19.37.58:329][714]LogModuleManager: Shutting down and abandoning module NavigationSystem (549)
[2022.11.21-19.37.58:329][714]LogModuleManager: Shutting down and abandoning module AnimGraph (546)
[2022.11.21-19.37.58:329][714]LogModuleManager: Shutting down and abandoning module SteamVREditor (544)
[2022.11.21-19.37.58:329][714]LogModuleManager: Shutting down and abandoning module ToolMenus (543)
[2022.11.21-19.37.58:329][714]LogModuleManager: Shutting down and abandoning module OculusMR (540)
[2022.11.21-19.37.58:329][714]LogModuleManager: Shutting down and abandoning module TakeRecorderSources (538)
[2022.11.21-19.37.58:329][714]LogModuleManager: Shutting down and abandoning module TakeRecorder (537)
[2022.11.21-19.37.58:329][714]LogModuleManager: Shutting down and abandoning module TakeTrackRecorders (534)
[2022.11.21-19.37.58:329][714]LogModuleManager: Shutting down and abandoning module TakesCore (532)
[2022.11.21-19.37.58:329][714]LogModuleManager: Shutting down and abandoning module OpenXRInput (530)
[2022.11.21-19.37.58:329][714]LogModuleManager: Shutting down and abandoning module WebMMediaFactory (528)
[2022.11.21-19.37.58:329][714]LogModuleManager: Shutting down and abandoning module WebMMedia (526)
[2022.11.21-19.37.58:329][714]LogModuleManager: Shutting down and abandoning module WmfMediaFactory (524)
[2022.11.21-19.37.58:329][714]LogModuleManager: Shutting down and abandoning module OpenExrWrapper (522)
[2022.11.21-19.37.58:329][714]LogModuleManager: Shutting down and abandoning module ImgMediaFactory (520)
[2022.11.21-19.37.58:329][714]LogModuleManager: Shutting down and abandoning module AvfMediaFactory (518)
[2022.11.21-19.37.58:329][714]LogModuleManager: Shutting down and abandoning module MagicLeapMediaCodecFactory (516)
[2022.11.21-19.37.58:329][714]LogModuleManager: Shutting down and abandoning module MagicLeapMediaFactory (514)
[2022.11.21-19.37.58:329][714]LogModuleManager: Shutting down and abandoning module PlanarCut (512)
[2022.11.21-19.37.58:329][714]LogModuleManager: Shutting down and abandoning module CharacterAI (510)
[2022.11.21-19.37.58:329][714]LogModuleManager: Shutting down and abandoning module SessionServices (508)
[2022.11.21-19.37.58:329][714]LogModuleManager: Shutting down and abandoning module MovieSceneCapture (506)
[2022.11.21-19.37.58:329][714]LogModuleManager: Shutting down and abandoning module LiveCoding (504)
[2022.11.21-19.37.58:330][714]LogModuleManager: Shutting down and abandoning module LevelSequence (502)
[2022.11.21-19.37.58:330][714]LogModuleManager: Shutting down and abandoning module MovieSceneTracks (500)
[2022.11.21-19.37.58:330][714]LogModuleManager: Shutting down and abandoning module MovieScene (498)
[2022.11.21-19.37.58:330][714]LogModuleManager: Shutting down and abandoning module StreamingPauseRendering (496)
[2022.11.21-19.37.58:330][714]LogModuleManager: Shutting down and abandoning module PortalServices (494)
[2022.11.21-19.37.58:330][714]LogModuleManager: Shutting down and abandoning module PortalRpc (492)
[2022.11.21-19.37.58:330][714]LogModuleManager: Shutting down and abandoning module MessagingRpc (490)
[2022.11.21-19.37.58:330][714]LogModuleManager: Shutting down and abandoning module AudioMixerXAudio2 (488)
[2022.11.21-19.37.58:330][714]LogModuleManager: Shutting down and abandoning module AudioMixerCore (487)
[2022.11.21-19.37.58:330][714]LogModuleManager: Shutting down and abandoning module ImageWriteQueue (484)
[2022.11.21-19.37.58:333][714]LogModuleManager: Shutting down and abandoning module ProfilerService (482)
[2022.11.21-19.37.58:347][714]LogModuleManager: Shutting down and abandoning module TaskGraph (480)
[2022.11.21-19.37.58:347][714]LogModuleManager: Shutting down and abandoning module OculusInput (478)
[2022.11.21-19.37.58:347][714]LogModuleManager: Shutting down and abandoning module Synthesis (476)
[2022.11.21-19.37.58:347][714]LogModuleManager: Shutting down and abandoning module ProceduralMeshComponent (474)
[2022.11.21-19.37.58:347][714]LogModuleManager: Shutting down and abandoning module TakeMovieScene (472)
[2022.11.21-19.37.58:347][714]LogModuleManager: Shutting down and abandoning module MobilePatchingUtils (470)
[2022.11.21-19.37.58:347][714]LogModuleManager: Shutting down and abandoning module GooglePAD (468)
[2022.11.21-19.37.58:347][714]LogModuleManager: Shutting down and abandoning module EditableMesh (466)
[2022.11.21-19.37.58:347][714]LogModuleManager: Shutting down and abandoning module CustomMeshComponent (464)
[2022.11.21-19.37.58:347][714]LogModuleManager: Shutting down and abandoning module CableComponent (462)
[2022.11.21-19.37.58:347][714]LogModuleManager: Shutting down and abandoning module AudioCapture (460)
[2022.11.21-19.37.58:347][714]LogModuleManager: Shutting down and abandoning module AudioCaptureRtAudio (459)
[2022.11.21-19.37.58:347][714]LogModuleManager: Shutting down and abandoning module AssetTags (456)
[2022.11.21-19.37.58:347][714]LogModuleManager: Shutting down and abandoning module ArchVisCharacter (454)
[2022.11.21-19.37.58:347][714]LogModuleManager: Shutting down and abandoning module AppleImageUtilsBlueprintSupport (452)
[2022.11.21-19.37.58:347][714]LogModuleManager: Shutting down and abandoning module AppleImageUtils (450)
[2022.11.21-19.37.58:347][714]LogModuleManager: Shutting down and abandoning module AndroidPermission (448)
[2022.11.21-19.37.58:347][714]LogModuleManager: Shutting down and abandoning module ActorLayerUtilities (446)
[2022.11.21-19.37.58:347][714]LogModuleManager: Shutting down and abandoning module TemplateSequence (444)
[2022.11.21-19.37.58:347][714]LogModuleManager: Shutting down and abandoning module MediaCompositing (442)
[2022.11.21-19.37.58:347][714]LogModuleManager: Shutting down and abandoning module ImgMedia (440)
[2022.11.21-19.37.58:347][714]LogModuleManager: Shutting down and abandoning module MagicLeapSharedWorld (438)
[2022.11.21-19.37.58:347][714]LogModuleManager: Shutting down and abandoning module MagicLeapLightEstimation (436)
[2022.11.21-19.37.58:347][714]LogModuleManager: Shutting down and abandoning module MagicLeapHelperVulkan (434)
[2022.11.21-19.37.58:347][714]LogModuleManager: Shutting down and abandoning module MagicLeapHelperOpenGL (432)
[2022.11.21-19.37.58:347][714]LogModuleManager: Shutting down and abandoning module MagicLeapAudio (430)
[2022.11.21-19.37.58:347][714]LogModuleManager: Shutting down and abandoning module OpenImageDenoise (428)
[2022.11.21-19.37.58:347][714]LogOpenImageDenoise: OIDN shutting down
[2022.11.21-19.37.58:347][714]LogModuleManager: Shutting down and abandoning module MotoSynth (426)
[2022.11.21-19.37.58:347][714]LogModuleManager: Shutting down and abandoning module MeshConversion (424)
[2022.11.21-19.37.58:347][714]LogModuleManager: Shutting down and abandoning module DynamicMesh (422)
[2022.11.21-19.37.58:347][714]LogModuleManager: Shutting down and abandoning module GeometryAlgorithms (420)
[2022.11.21-19.37.58:347][714]LogModuleManager: Shutting down and abandoning module GeometricObjects (418)
[2022.11.21-19.37.58:347][714]LogModuleManager: Shutting down and abandoning module GeometryCacheTracks (416)
[2022.11.21-19.37.58:347][714]LogModuleManager: Shutting down and abandoning module GeometryCacheSequencer (415)
[2022.11.21-19.37.58:347][714]LogModuleManager: Shutting down and abandoning module GeometryCache (412)
[2022.11.21-19.37.58:348][714]LogModuleManager: Shutting down and abandoning module GeometryCacheEd (411)
[2022.11.21-19.37.58:348][714]LogModuleManager: Shutting down and abandoning module GeometryCollectionTracks (408)
[2022.11.21-19.37.58:348][714]LogModuleManager: Shutting down and abandoning module GeometryCollectionSequencer (407)
[2022.11.21-19.37.58:348][714]LogModuleManager: Shutting down and abandoning module ChaosNiagara (404)
[2022.11.21-19.37.58:348][714]LogModuleManager: Shutting down and abandoning module FieldSystemEngine (403)
[2022.11.21-19.37.58:348][714]LogModuleManager: Shutting down and abandoning module AutomationUtils (400)
[2022.11.21-19.37.58:348][714]LogModuleManager: Shutting down and abandoning module BackChannel (398)
[2022.11.21-19.37.58:348][714]LogModuleManager: Shutting down and abandoning module VisualStudioCodeSourceCodeAccess (396)
[2022.11.21-19.37.58:348][714]LogModuleManager: Shutting down and abandoning module UObjectPlugin (394)
[2022.11.21-19.37.58:348][714]LogModuleManager: Shutting down and abandoning module VisualStudioSourceCodeAccess (392)
[2022.11.21-19.37.58:348][714]LogModuleManager: Shutting down and abandoning module HotReload (391)
[2022.11.21-19.37.58:348][714]LogModuleManager: Shutting down and abandoning module SubversionSourceControl (388)
[2022.11.21-19.37.58:348][714]LogModuleManager: Shutting down and abandoning module PerforceSourceControl (386)
[2022.11.21-19.37.58:348][714]LogModuleManager: Shutting down and abandoning module SourceControl (385)
[2022.11.21-19.37.58:348][714]LogModuleManager: Shutting down and abandoning module CLionSourceCodeAccess (382)
[2022.11.21-19.37.58:348][714]LogModuleManager: Shutting down and abandoning module OodleNetworkHandlerComponent (380)
[2022.11.21-19.37.58:348][714]LogModuleManager: Shutting down and abandoning module LiveLinkSequencer (378)
[2022.11.21-19.37.58:348][714]LogModuleManager: Shutting down and abandoning module LiveLinkMovieScene (376)
[2022.11.21-19.37.58:348][714]LogModuleManager: Shutting down and abandoning module LiveLinkGraphNode (374)
[2022.11.21-19.37.58:348][714]LogModuleManager: Shutting down and abandoning module LiveLinkComponents (372)
[2022.11.21-19.37.58:348][714]LogModuleManager: Shutting down and abandoning module LiveLink (370)
